[2025-11-12T18:55:01.641+0000] {local_task_job_runner.py:123} INFO - ::group::Pre task execution logs
[2025-11-12T18:55:01.667+0000] {taskinstance.py:2612} INFO - Dependencies all met for dep_context=non-requeueable deps ti=<TaskInstance: Continuous_Load.run_continuous_multi_endpoint_load_test scheduled__2025-11-12T18:00:00+00:00 [queued]>
[2025-11-12T18:55:01.679+0000] {taskinstance.py:2612} INFO - Dependencies all met for dep_context=requeueable deps ti=<TaskInstance: Continuous_Load.run_continuous_multi_endpoint_load_test scheduled__2025-11-12T18:00:00+00:00 [queued]>
[2025-11-12T18:55:01.679+0000] {taskinstance.py:2865} INFO - Starting attempt 1 of 1
[2025-11-12T18:55:01.706+0000] {taskinstance.py:2888} INFO - Executing <Task(DockerOperator): run_continuous_multi_endpoint_load_test> on 2025-11-12 18:00:00+00:00
[2025-11-12T18:55:01.721+0000] {standard_task_runner.py:72} INFO - Started process 98 to run task
[2025-11-12T18:55:01.735+0000] {standard_task_runner.py:104} INFO - Running: ['***', 'tasks', 'run', 'Continuous_Load', 'run_continuous_multi_endpoint_load_test', 'scheduled__2025-11-12T18:00:00+00:00', '--job-id', '14674', '--raw', '--subdir', 'DAGS_FOLDER/dag_factory.py', '--cfg-path', '/tmp/tmpxghwz6ic']
[2025-11-12T18:55:01.737+0000] {standard_task_runner.py:105} INFO - Job 14674: Subtask run_continuous_multi_endpoint_load_test
[2025-11-12T18:55:01.842+0000] {task_command.py:467} INFO - Running <TaskInstance: Continuous_Load.run_continuous_multi_endpoint_load_test scheduled__2025-11-12T18:00:00+00:00 [running]> on host workflow.y2twbfvcjkaujnl2bmtbxunhcb.cx.internal.cloudapp.net
[2025-11-12T18:55:02.032+0000] {taskinstance.py:3131} INFO - Exporting env vars: AIRFLOW_CTX_DAG_OWNER='***' AIRFLOW_CTX_DAG_ID='Continuous_Load' AIRFLOW_CTX_TASK_ID='run_continuous_multi_endpoint_load_test' AIRFLOW_CTX_EXECUTION_DATE='2025-11-12T18:00:00+00:00' AIRFLOW_CTX_TRY_NUMBER='1' AIRFLOW_CTX_DAG_RUN_ID='scheduled__2025-11-12T18:00:00+00:00'
[2025-11-12T18:55:02.034+0000] {taskinstance.py:731} INFO - ::endgroup::
[2025-11-12T18:55:02.099+0000] {docker.py:367} INFO - Starting docker container from image ***_chaos:latest
[2025-11-12T18:55:02.732+0000] {docker.py:438} INFO - The container is run as root user. For security, consider using a regular user account.
[2025-11-12T18:55:18.767+0000] {docker.py:438} INFO - 
[2025-11-12T18:55:18.769+0000] {docker.py:438} INFO - Starting Continuous Multi-Endpoint Load Test...
[2025-11-12T18:55:19.774+0000] {docker.py:438} INFO - [32m[2025-11-12 18:55:19 INFO] Validating the experiment's syntax
[2025-11-12T18:55:19.991+0000] {docker.py:438} INFO - [32m[2025-11-12 18:55:19 INFO] Experiment looks valid
[2025-11-12T18:55:19.994+0000] {docker.py:438} INFO - [32m[2025-11-12 18:55:19 INFO] Running experiment: Continuous Load Test - POST Compose & GET Timeline APIs
[2025-11-12T18:55:19.999+0000] {docker.py:438} INFO - [32m[2025-11-12 18:55:19 INFO] Steady-state strategy: default
[2025-11-12T18:55:20.000+0000] {docker.py:438} INFO - [32m[2025-11-12 18:55:19 INFO] Rollbacks strategy: default
[2025-11-12T18:55:20.001+0000] {docker.py:438} INFO - [32m[2025-11-12 18:55:20 INFO] No steady state hypothesis defined. That's ok, just exploring.
[2025-11-12T18:55:20.002+0000] {docker.py:438} INFO - [32m[2025-11-12 18:55:20 INFO] Playing your experiment's method now...
[2025-11-12T18:55:20.003+0000] {docker.py:438} INFO - [32m[2025-11-12 18:55:20 INFO] Action: Continuous multi-endpoint load test
[2025-11-12T18:55:20.154+0000] {docker.py:438} INFO - [32m[2025-11-12 18:55:20 INFO] ‚úÖ Obtained login_token (JWT): eyJhbGciOiJIUzI1NiIsInR5cCI6IkpXVCJ9.eyJ0aW1lc3RhbXAiOiIxNzYyOTczNzIwIiwidHRsIjoiMzYwMCIsInVzZXJfaWQiOiI4NjI1NDA5NDE4Mzc2NzY5NTM2IiwidXNlcm5hbWUiOiJqYWdhbiJ9.uT45nvBoAjRD2gkI6ZaHi4LiThbkwiyyxmXt1k6baqE
[2025-11-12T18:58:39.285+0000] {job.py:239} ERROR - Job heartbeat failed with error
Traceback (most recent call last):
  File "/home/airflow/.local/lib/python3.11/site-packages/sqlalchemy/engine/base.py", line 1910, in _execute_context
    self.dialect.do_execute(
  File "/home/airflow/.local/lib/python3.11/site-packages/sqlalchemy/engine/default.py", line 736, in do_execute
    cursor.execute(statement, parameters)
psycopg2.OperationalError: server closed the connection unexpectedly
	This probably means the server terminated abnormally
	before or while processing the request.


The above exception was the direct cause of the following exception:

Traceback (most recent call last):
  File "/home/airflow/.local/lib/python3.11/site-packages/airflow/jobs/job.py", line 233, in heartbeat
    heartbeat_callback(session)
  File "/home/airflow/.local/lib/python3.11/site-packages/airflow/utils/session.py", line 94, in wrapper
    return func(*args, **kwargs)
           ^^^^^^^^^^^^^^^^^^^^^
  File "/home/airflow/.local/lib/python3.11/site-packages/airflow/jobs/local_task_job_runner.py", line 284, in heartbeat_callback
    self.task_instance.refresh_from_db()
  File "/home/airflow/.local/lib/python3.11/site-packages/airflow/utils/session.py", line 97, in wrapper
    return func(*args, session=session, **kwargs)
           ^^^^^^^^^^^^^^^^^^^^^^^^^^^^^^^^^^^^^^
  File "/home/airflow/.local/lib/python3.11/site-packages/airflow/models/taskinstance.py", line 2358, in refresh_from_db
    _refresh_from_db(task_instance=self, session=session, lock_for_update=lock_for_update)
  File "/home/airflow/.local/lib/python3.11/site-packages/airflow/models/taskinstance.py", line 872, in _refresh_from_db
    ti = TaskInstance.get_task_instance(
         ^^^^^^^^^^^^^^^^^^^^^^^^^^^^^^^
  File "/home/airflow/.local/lib/python3.11/site-packages/airflow/api_internal/internal_api_call.py", line 139, in wrapper
    return func(*args, **kwargs)
           ^^^^^^^^^^^^^^^^^^^^^
  File "/home/airflow/.local/lib/python3.11/site-packages/airflow/utils/session.py", line 94, in wrapper
    return func(*args, **kwargs)
           ^^^^^^^^^^^^^^^^^^^^^
  File "/home/airflow/.local/lib/python3.11/site-packages/airflow/models/taskinstance.py", line 2344, in get_task_instance
    return query.one_or_none()
           ^^^^^^^^^^^^^^^^^^^
  File "/home/airflow/.local/lib/python3.11/site-packages/sqlalchemy/orm/query.py", line 2850, in one_or_none
    return self._iter().one_or_none()
           ^^^^^^^^^^^^
  File "/home/airflow/.local/lib/python3.11/site-packages/sqlalchemy/orm/query.py", line 2916, in _iter
    result = self.session.execute(
             ^^^^^^^^^^^^^^^^^^^^^
  File "/home/airflow/.local/lib/python3.11/site-packages/sqlalchemy/orm/session.py", line 1717, in execute
    result = conn._execute_20(statement, params or {}, execution_options)
             ^^^^^^^^^^^^^^^^^^^^^^^^^^^^^^^^^^^^^^^^^^^^^^^^^^^^^^^^^^^^
  File "/home/airflow/.local/lib/python3.11/site-packages/sqlalchemy/engine/base.py", line 1710, in _execute_20
    return meth(self, args_10style, kwargs_10style, execution_options)
           ^^^^^^^^^^^^^^^^^^^^^^^^^^^^^^^^^^^^^^^^^^^^^^^^^^^^^^^^^^^
  File "/home/airflow/.local/lib/python3.11/site-packages/sqlalchemy/sql/elements.py", line 334, in _execute_on_connection
    return connection._execute_clauseelement(
           ^^^^^^^^^^^^^^^^^^^^^^^^^^^^^^^^^^
  File "/home/airflow/.local/lib/python3.11/site-packages/sqlalchemy/engine/base.py", line 1577, in _execute_clauseelement
    ret = self._execute_context(
          ^^^^^^^^^^^^^^^^^^^^^^
  File "/home/airflow/.local/lib/python3.11/site-packages/sqlalchemy/engine/base.py", line 1953, in _execute_context
    self._handle_dbapi_exception(
  File "/home/airflow/.local/lib/python3.11/site-packages/sqlalchemy/engine/base.py", line 2134, in _handle_dbapi_exception
    util.raise_(
  File "/home/airflow/.local/lib/python3.11/site-packages/sqlalchemy/util/compat.py", line 211, in raise_
    raise exception
  File "/home/airflow/.local/lib/python3.11/site-packages/sqlalchemy/engine/base.py", line 1910, in _execute_context
    self.dialect.do_execute(
  File "/home/airflow/.local/lib/python3.11/site-packages/sqlalchemy/engine/default.py", line 736, in do_execute
    cursor.execute(statement, parameters)
sqlalchemy.exc.OperationalError: (psycopg2.OperationalError) server closed the connection unexpectedly
	This probably means the server terminated abnormally
	before or while processing the request.

[SQL: SELECT task_instance.task_display_name AS task_instance_task_display_name, task_instance.task_id AS task_instance_task_id, task_instance.dag_id AS task_instance_dag_id, task_instance.run_id AS task_instance_run_id, task_instance.map_index AS task_instance_map_index, task_instance.start_date AS task_instance_start_date, task_instance.end_date AS task_instance_end_date, task_instance.duration AS task_instance_duration, task_instance.state AS task_instance_state, task_instance.try_number AS task_instance_try_number, task_instance.max_tries AS task_instance_max_tries, task_instance.hostname AS task_instance_hostname, task_instance.unixname AS task_instance_unixname, task_instance.job_id AS task_instance_job_id, task_instance.pool AS task_instance_pool, task_instance.pool_slots AS task_instance_pool_slots, task_instance.queue AS task_instance_queue, task_instance.priority_weight AS task_instance_priority_weight, task_instance.operator AS task_instance_operator, task_instance.custom_operator_name AS task_instance_custom_operator_name, task_instance.queued_dttm AS task_instance_queued_dttm, task_instance.queued_by_job_id AS task_instance_queued_by_job_id, task_instance.pid AS task_instance_pid, task_instance.executor AS task_instance_executor, task_instance.executor_config AS task_instance_executor_config, task_instance.updated_at AS task_instance_updated_at, task_instance.rendered_map_index AS task_instance_rendered_map_index, task_instance.external_executor_id AS task_instance_external_executor_id, task_instance.trigger_id AS task_instance_trigger_id, task_instance.trigger_timeout AS task_instance_trigger_timeout, task_instance.next_method AS task_instance_next_method, task_instance.next_kwargs AS task_instance_next_kwargs 
FROM task_instance 
WHERE task_instance.dag_id = %(dag_id_1)s AND task_instance.run_id = %(run_id_1)s AND task_instance.task_id = %(task_id_1)s AND task_instance.map_index = %(map_index_1)s]
[parameters: {'dag_id_1': 'Continuous_Load', 'run_id_1': 'scheduled__2025-11-12T18:00:00+00:00', 'task_id_1': 'run_continuous_multi_endpoint_load_test', 'map_index_1': -1}]
(Background on this error at: https://sqlalche.me/e/14/e3q8)
[2025-11-12T18:58:39.296+0000] {job.py:245} ERROR - Job heartbeat failed with error. Scheduler may go into unhealthy state
[2025-11-12T19:45:22.761+0000] {docker.py:438} INFO - [31m[2025-11-12 19:45:22 ERROR] ‚ùå Continuous load test failed to start
[2025-11-12T19:45:22.763+0000] {docker.py:438} INFO - [32m[2025-11-12 19:45:22 INFO] k6 continuous output logged to k6_continuous_load.log
[2025-11-12T19:45:22.764+0000] {docker.py:438} INFO - [32m[2025-11-12 19:45:22 INFO] Let's rollback...
[2025-11-12T19:45:22.766+0000] {docker.py:438} INFO - [32m[2025-11-12 19:45:22 INFO] No declared rollbacks, let's move on.
[2025-11-12T19:45:22.767+0000] {docker.py:438} INFO - [32m[2025-11-12 19:45:22 INFO] Experiment ended with status: completed
[2025-11-12T19:45:22.891+0000] {docker.py:438} INFO - Continuous load test completed successfully
[2025-11-12T19:45:23.268+0000] {taskinstance.py:340} INFO - ::group::Post task execution logs
[2025-11-12T19:45:23.269+0000] {taskinstance.py:352} INFO - Marking task as SUCCESS. dag_id=Continuous_Load, task_id=run_continuous_multi_endpoint_load_test, run_id=scheduled__2025-11-12T18:00:00+00:00, execution_date=20251112T180000, start_date=20251112T185501, end_date=20251112T194523
[2025-11-12T19:45:23.323+0000] {local_task_job_runner.py:266} INFO - Task exited with return code 0
[2025-11-12T19:45:23.349+0000] {taskinstance.py:3900} INFO - 0 downstream tasks scheduled from follow-on schedule check
[2025-11-12T19:45:23.354+0000] {local_task_job_runner.py:245} INFO - ::endgroup::
