[2025-11-20T07:41:26.549+0000] {local_task_job_runner.py:123} INFO - ::group::Pre task execution logs
[2025-11-20T07:41:26.575+0000] {taskinstance.py:2612} INFO - Dependencies all met for dep_context=non-requeueable deps ti=<TaskInstance: Redis_Memory_Stress_Test.redis_memory_stress_test manual__2025-11-20T07:41:23.455759+00:00 [queued]>
[2025-11-20T07:41:26.586+0000] {taskinstance.py:2612} INFO - Dependencies all met for dep_context=requeueable deps ti=<TaskInstance: Redis_Memory_Stress_Test.redis_memory_stress_test manual__2025-11-20T07:41:23.455759+00:00 [queued]>
[2025-11-20T07:41:26.586+0000] {taskinstance.py:2865} INFO - Starting attempt 1 of 2
[2025-11-20T07:41:26.611+0000] {taskinstance.py:2888} INFO - Executing <Task(DockerOperator): redis_memory_stress_test> on 2025-11-20 07:41:23.455759+00:00
[2025-11-20T07:41:26.625+0000] {standard_task_runner.py:72} INFO - Started process 474 to run task
[2025-11-20T07:41:26.639+0000] {standard_task_runner.py:104} INFO - Running: ['***', 'tasks', 'run', 'Redis_Memory_Stress_Test', 'redis_memory_stress_test', 'manual__2025-11-20T07:41:23.455759+00:00', '--job-id', '16270', '--raw', '--subdir', 'DAGS_FOLDER/dag_factory.py', '--cfg-path', '/tmp/tmph7wovxmq']
[2025-11-20T07:41:26.640+0000] {standard_task_runner.py:105} INFO - Job 16270: Subtask redis_memory_stress_test
[2025-11-20T07:41:26.739+0000] {task_command.py:467} INFO - Running <TaskInstance: Redis_Memory_Stress_Test.redis_memory_stress_test manual__2025-11-20T07:41:23.455759+00:00 [running]> on host workflow.y2twbfvcjkaujnl2bmtbxunhcb.cx.internal.cloudapp.net
[2025-11-20T07:41:26.947+0000] {taskinstance.py:3131} INFO - Exporting env vars: AIRFLOW_CTX_DAG_OWNER='***' AIRFLOW_CTX_DAG_ID='Redis_Memory_Stress_Test' AIRFLOW_CTX_TASK_ID='redis_memory_stress_test' AIRFLOW_CTX_EXECUTION_DATE='2025-11-20T07:41:23.455759+00:00' AIRFLOW_CTX_TRY_NUMBER='1' AIRFLOW_CTX_DAG_RUN_ID='manual__2025-11-20T07:41:23.455759+00:00'
[2025-11-20T07:41:26.949+0000] {taskinstance.py:731} INFO - ::endgroup::
[2025-11-20T07:41:27.083+0000] {docker.py:367} INFO - Starting docker container from image ***_chaos:latest
[2025-11-20T07:41:28.196+0000] {docker.py:438} INFO - The container is run as root user. For security, consider using a regular user account.
[2025-11-20T07:42:05.172+0000] {docker.py:438} INFO - 
[2025-11-20T07:42:05.190+0000] {job.py:229} INFO - Heartbeat recovered after 12.49 seconds
[2025-11-20T07:42:07.073+0000] {docker.py:438} INFO - [32m[2025-11-20 07:42:07 INFO] Validating the experiment's syntax
[2025-11-20T07:42:07.076+0000] {docker.py:438} INFO - [32m[2025-11-20 07:42:07 INFO] Experiment looks valid
[2025-11-20T07:42:07.079+0000] {docker.py:438} INFO - [32m[2025-11-20 07:42:07 INFO] Running experiment: Redis Pod Memory Stress Test
[2025-11-20T07:42:07.107+0000] {docker.py:438} INFO - [32m[2025-11-20 07:42:07 INFO] Steady-state strategy: default
[2025-11-20T07:42:07.109+0000] {docker.py:438} INFO - [32m[2025-11-20 07:42:07 INFO] Rollbacks strategy: default
[2025-11-20T07:42:07.110+0000] {docker.py:438} INFO - [32m[2025-11-20 07:42:07 INFO] No steady state hypothesis defined. That's ok, just exploring.
[2025-11-20T07:42:07.111+0000] {docker.py:438} INFO - [32m[2025-11-20 07:42:07 INFO] Playing your experiment's method now...
[2025-11-20T07:42:07.113+0000] {docker.py:438} INFO - [32m[2025-11-20 07:42:07 INFO] Action: redis-memory-stress-k8s
[2025-11-20T07:42:07.681+0000] {docker.py:438} INFO - error: error executing jsonpath "{.items[0].metadata.name}": Error executing template: array index out of bounds: index 0, length 0. Printing more information for debugging the template:
[2025-11-20T07:42:07.682+0000] {docker.py:438} INFO - 	template was:
[2025-11-20T07:42:07.683+0000] {docker.py:438} INFO - 		{.items[0].metadata.name}
[2025-11-20T07:42:07.685+0000] {docker.py:438} INFO - 	object given to jsonpath engine was:
[2025-11-20T07:42:07.685+0000] {docker.py:438} INFO - 		map[string]interface {}{"apiVersion":"v1", "items":[]interface {}{}, "kind":"List", "metadata":map[string]interface {}{"resourceVersion":""}}
[2025-11-20T07:42:07.694+0000] {docker.py:438} INFO - [31m[2025-11-20 07:42:07 ERROR]   => failed: subprocess.CalledProcessError: Command 'kubectl get pod -l app=user-timeline-redis -o jsonpath='{.items[0].metadata.name}'' returned non-zero exit status 1.
[2025-11-20T07:42:07.696+0000] {docker.py:438} INFO - [32m[2025-11-20 07:42:07 INFO] Let's rollback...
[2025-11-20T07:42:07.697+0000] {docker.py:438} INFO - [32m[2025-11-20 07:42:07 INFO] Rollback: reset-redis-memory-k8s
[2025-11-20T07:42:07.698+0000] {docker.py:438} INFO - [32m[2025-11-20 07:42:07 INFO] Action: reset-redis-memory-k8s
[2025-11-20T07:42:07.946+0000] {docker.py:438} INFO - error: error executing jsonpath "{.items[0].metadata.name}": Error executing template: array index out of bounds: index 0, length 0. Printing more information for debugging the template:
[2025-11-20T07:42:07.948+0000] {docker.py:438} INFO - 	template was:
[2025-11-20T07:42:07.948+0000] {docker.py:438} INFO - 		{.items[0].metadata.name}
[2025-11-20T07:42:07.950+0000] {docker.py:438} INFO - 	object given to jsonpath engine was:
[2025-11-20T07:42:07.950+0000] {docker.py:438} INFO - 		map[string]interface {}{"apiVersion":"v1", "items":[]interface {}{}, "kind":"List", "metadata":map[string]interface {}{"resourceVersion":""}}
[2025-11-20T07:42:07.956+0000] {docker.py:438} INFO - [31m[2025-11-20 07:42:07 ERROR]   => failed: subprocess.CalledProcessError: Command 'kubectl get pod -l app=user-timeline-redis -o jsonpath='{.items[0].metadata.name}'' returned non-zero exit status 1.
[2025-11-20T07:42:07.958+0000] {docker.py:438} INFO - [32m[2025-11-20 07:42:07 INFO] Experiment ended with status: completed
[2025-11-20T07:42:08.083+0000] {docker.py:438} INFO - [INFO] Sleeping for cooldown...
[2025-11-20T07:42:38.109+0000] {docker.py:438} INFO - [INFO] DAG complete
[2025-11-20T07:42:39.350+0000] {taskinstance.py:340} INFO - ::group::Post task execution logs
[2025-11-20T07:42:39.350+0000] {taskinstance.py:352} INFO - Marking task as SUCCESS. dag_id=Redis_Memory_Stress_Test, task_id=redis_memory_stress_test, run_id=manual__2025-11-20T07:41:23.455759+00:00, execution_date=20251120T074123, start_date=20251120T074126, end_date=20251120T074239
[2025-11-20T07:42:39.413+0000] {local_task_job_runner.py:266} INFO - Task exited with return code 0
[2025-11-20T07:42:39.447+0000] {taskinstance.py:3900} INFO - 0 downstream tasks scheduled from follow-on schedule check
[2025-11-20T07:42:39.451+0000] {local_task_job_runner.py:245} INFO - ::endgroup::
