[2025-10-10T09:00:02.036+0000] {local_task_job_runner.py:123} INFO - ::group::Pre task execution logs
[2025-10-10T09:00:02.071+0000] {taskinstance.py:2612} INFO - Dependencies all met for dep_context=non-requeueable deps ti=<TaskInstance: Continuous_Load.run_continuous_multi_endpoint_load_test scheduled__2025-10-10T08:55:00+00:00 [queued]>
[2025-10-10T09:00:02.090+0000] {taskinstance.py:2612} INFO - Dependencies all met for dep_context=requeueable deps ti=<TaskInstance: Continuous_Load.run_continuous_multi_endpoint_load_test scheduled__2025-10-10T08:55:00+00:00 [queued]>
[2025-10-10T09:00:02.091+0000] {taskinstance.py:2865} INFO - Starting attempt 1 of 1
[2025-10-10T09:00:02.128+0000] {taskinstance.py:2888} INFO - Executing <Task(DockerOperator): run_continuous_multi_endpoint_load_test> on 2025-10-10 08:55:00+00:00
[2025-10-10T09:00:02.142+0000] {standard_task_runner.py:72} INFO - Started process 375 to run task
[2025-10-10T09:00:02.155+0000] {standard_task_runner.py:104} INFO - Running: ['***', 'tasks', 'run', 'Continuous_Load', 'run_continuous_multi_endpoint_load_test', 'scheduled__2025-10-10T08:55:00+00:00', '--job-id', '7308', '--raw', '--subdir', 'DAGS_FOLDER/dag_factory.py', '--cfg-path', '/tmp/tmpv9kab94i']
[2025-10-10T09:00:02.157+0000] {standard_task_runner.py:105} INFO - Job 7308: Subtask run_continuous_multi_endpoint_load_test
[2025-10-10T09:00:02.266+0000] {task_command.py:467} INFO - Running <TaskInstance: Continuous_Load.run_continuous_multi_endpoint_load_test scheduled__2025-10-10T08:55:00+00:00 [running]> on host workflow.y2twbfvcjkaujnl2bmtbxunhcb.cx.internal.cloudapp.net
[2025-10-10T09:00:02.469+0000] {taskinstance.py:3131} INFO - Exporting env vars: AIRFLOW_CTX_DAG_OWNER='***' AIRFLOW_CTX_DAG_ID='Continuous_Load' AIRFLOW_CTX_TASK_ID='run_continuous_multi_endpoint_load_test' AIRFLOW_CTX_EXECUTION_DATE='2025-10-10T08:55:00+00:00' AIRFLOW_CTX_TRY_NUMBER='1' AIRFLOW_CTX_DAG_RUN_ID='scheduled__2025-10-10T08:55:00+00:00'
[2025-10-10T09:00:02.472+0000] {taskinstance.py:731} INFO - ::endgroup::
[2025-10-10T09:00:02.544+0000] {docker.py:367} INFO - Starting docker container from image ***_chaos:latest
[2025-10-10T09:00:03.689+0000] {docker.py:438} INFO - The container is run as root user. For security, consider using a regular user account.
[2025-10-10T09:00:37.098+0000] {docker.py:438} INFO - 
[2025-10-10T09:00:37.104+0000] {docker.py:438} INFO - Starting Continuous Multi-Endpoint Load Test...
[2025-10-10T09:00:39.022+0000] {docker.py:438} INFO - [32m[2025-10-10 09:00:39 INFO] Validating the experiment's syntax
[2025-10-10T09:00:39.376+0000] {docker.py:438} INFO - [32m[2025-10-10 09:00:39 INFO] Experiment looks valid
[2025-10-10T09:00:39.380+0000] {docker.py:438} INFO - [32m[2025-10-10 09:00:39 INFO] Running experiment: Continuous Load Test - POST Compose & GET Timeline APIs
[2025-10-10T09:00:39.391+0000] {docker.py:438} INFO - [32m[2025-10-10 09:00:39 INFO] Steady-state strategy: default
[2025-10-10T09:00:39.393+0000] {docker.py:438} INFO - [32m[2025-10-10 09:00:39 INFO] Rollbacks strategy: default
[2025-10-10T09:00:39.396+0000] {docker.py:438} INFO - [32m[2025-10-10 09:00:39 INFO] No steady state hypothesis defined. That's ok, just exploring.
[2025-10-10T09:00:39.396+0000] {docker.py:438} INFO - [32m[2025-10-10 09:00:39 INFO] Playing your experiment's method now...
[2025-10-10T09:00:39.396+0000] {docker.py:438} INFO - [32m[2025-10-10 09:00:39 INFO] Action: Continuous multi-endpoint load test
[2025-10-10T09:00:39.558+0000] {docker.py:438} INFO - [32m[2025-10-10 09:00:39 INFO] âœ… Obtained login_token (JWT): eyJhbGciOiJIUzI1NiIsInR5cCI6IkpXVCJ9.eyJ0aW1lc3RhbXAiOiIxNzYwMDg2ODM5IiwidHRsIjoiMzYwMCIsInVzZXJfaWQiOiI0MDA0Njk5MjM2MjAwOTUxODA4IiwidXNlcm5hbWUiOiJqYWdhbiJ9.SXDq88morUiUR-DJy1fTRnZjYRAM4qCY1335groA_vo
[2025-10-10T09:27:49.743+0000] {local_task_job_runner.py:346} WARNING - State of this instance has been externally set to None. Terminating instance.
[2025-10-10T09:27:49.744+0000] {local_task_job_runner.py:245} INFO - ::endgroup::
[2025-10-10T09:27:49.746+0000] {process_utils.py:132} INFO - Sending 15 to group 375. PIDs of all processes in the group: [375]
[2025-10-10T09:27:49.746+0000] {process_utils.py:87} INFO - Sending the signal 15 to group 375
[2025-10-10T09:27:49.748+0000] {taskinstance.py:3092} ERROR - Received SIGTERM. Terminating subprocesses.
[2025-10-10T09:27:49.748+0000] {docker.py:533} INFO - Stopping docker container
[2025-10-10T09:27:50.218+0000] {taskinstance.py:3310} ERROR - Task failed with exception
Traceback (most recent call last):
  File "/home/airflow/.local/lib/python3.11/site-packages/airflow/models/taskinstance.py", line 767, in _execute_task
    result = _execute_callable(context=context, **execute_callable_kwargs)
             ^^^^^^^^^^^^^^^^^^^^^^^^^^^^^^^^^^^^^^^^^^^^^^^^^^^^^^^^^^^^^
  File "/home/airflow/.local/lib/python3.11/site-packages/airflow/models/taskinstance.py", line 733, in _execute_callable
    return ExecutionCallableRunner(
           ^^^^^^^^^^^^^^^^^^^^^^^^
  File "/home/airflow/.local/lib/python3.11/site-packages/airflow/utils/operator_helpers.py", line 252, in run
    return self.func(*args, **kwargs)
           ^^^^^^^^^^^^^^^^^^^^^^^^^^
  File "/home/airflow/.local/lib/python3.11/site-packages/airflow/models/baseoperator.py", line 406, in wrapper
    return func(self, *args, **kwargs)
           ^^^^^^^^^^^^^^^^^^^^^^^^^^^
  File "/home/airflow/.local/lib/python3.11/site-packages/airflow/providers/docker/operators/docker.py", line 513, in execute
    return self._run_image()
           ^^^^^^^^^^^^^^^^^
  File "/home/airflow/.local/lib/python3.11/site-packages/airflow/providers/docker/operators/docker.py", line 384, in _run_image
    return self._run_image_with_mounts(self.mounts, add_tmp_variable=False)
           ^^^^^^^^^^^^^^^^^^^^^^^^^^^^^^^^^^^^^^^^^^^^^^^^^^^^^^^^^^^^^^^^
  File "/home/airflow/.local/lib/python3.11/site-packages/airflow/providers/docker/operators/docker.py", line 434, in _run_image_with_mounts
    for log_chunk in logstream:
  File "/home/airflow/.local/lib/python3.11/site-packages/docker/types/daemon.py", line 29, in __next__
    return next(self._stream)
           ^^^^^^^^^^^^^^^^^^
  File "/home/airflow/.local/lib/python3.11/site-packages/docker/api/client.py", line 438, in <genexpr>
    gen = (data for (_, data) in gen)
          ^^^^^^^^^^^^^^^^^^^^^^^^^^^
  File "/home/airflow/.local/lib/python3.11/site-packages/docker/utils/socket.py", line 112, in frames_iter_no_tty
    (stream, n) = next_frame_header(socket)
                  ^^^^^^^^^^^^^^^^^^^^^^^^^
  File "/home/airflow/.local/lib/python3.11/site-packages/docker/utils/socket.py", line 84, in next_frame_header
    data = read_exactly(socket, 8)
           ^^^^^^^^^^^^^^^^^^^^^^^
  File "/home/airflow/.local/lib/python3.11/site-packages/docker/utils/socket.py", line 69, in read_exactly
    next_data = read(socket, n - len(data))
                ^^^^^^^^^^^^^^^^^^^^^^^^^^^
  File "/home/airflow/.local/lib/python3.11/site-packages/docker/utils/socket.py", line 40, in read
    poll.poll()
  File "/home/airflow/.local/lib/python3.11/site-packages/airflow/models/taskinstance.py", line 3094, in signal_handler
    raise AirflowTaskTerminated("Task received SIGTERM signal")
airflow.exceptions.AirflowTaskTerminated: Task received SIGTERM signal
[2025-10-10T09:27:50.231+0000] {taskinstance.py:1225} INFO - Marking task as FAILED. dag_id=Continuous_Load, task_id=run_continuous_multi_endpoint_load_test, run_id=scheduled__2025-10-10T08:55:00+00:00, execution_date=20251010T085500, start_date=20251010T090002, end_date=20251010T092750
[2025-10-10T09:27:50.271+0000] {taskinstance.py:340} INFO - ::group::Post task execution logs
[2025-10-10T09:27:50.323+0000] {process_utils.py:80} INFO - Process psutil.Process(pid=375, status='terminated', exitcode=2, started='09:00:01') (375) terminated with exit code 2
