[2025-11-20T08:15:47.657+0000] {local_task_job_runner.py:123} INFO - ::group::Pre task execution logs
[2025-11-20T08:15:47.689+0000] {taskinstance.py:2612} INFO - Dependencies all met for dep_context=non-requeueable deps ti=<TaskInstance: Redis_Memory_Stress_Test.redis_memory_stress_test manual__2025-11-20T08:15:45.080330+00:00 [queued]>
[2025-11-20T08:15:47.701+0000] {taskinstance.py:2612} INFO - Dependencies all met for dep_context=requeueable deps ti=<TaskInstance: Redis_Memory_Stress_Test.redis_memory_stress_test manual__2025-11-20T08:15:45.080330+00:00 [queued]>
[2025-11-20T08:15:47.702+0000] {taskinstance.py:2865} INFO - Starting attempt 1 of 2
[2025-11-20T08:15:47.725+0000] {taskinstance.py:2888} INFO - Executing <Task(DockerOperator): redis_memory_stress_test> on 2025-11-20 08:15:45.080330+00:00
[2025-11-20T08:15:47.741+0000] {standard_task_runner.py:72} INFO - Started process 499 to run task
[2025-11-20T08:15:47.755+0000] {standard_task_runner.py:104} INFO - Running: ['***', 'tasks', 'run', 'Redis_Memory_Stress_Test', 'redis_memory_stress_test', 'manual__2025-11-20T08:15:45.080330+00:00', '--job-id', '16570', '--raw', '--subdir', 'DAGS_FOLDER/dag_factory.py', '--cfg-path', '/tmp/tmpvbvdrl77']
[2025-11-20T08:15:47.757+0000] {standard_task_runner.py:105} INFO - Job 16570: Subtask redis_memory_stress_test
[2025-11-20T08:15:47.855+0000] {task_command.py:467} INFO - Running <TaskInstance: Redis_Memory_Stress_Test.redis_memory_stress_test manual__2025-11-20T08:15:45.080330+00:00 [running]> on host workflow.y2twbfvcjkaujnl2bmtbxunhcb.cx.internal.cloudapp.net
[2025-11-20T08:15:48.086+0000] {taskinstance.py:3131} INFO - Exporting env vars: AIRFLOW_CTX_DAG_OWNER='***' AIRFLOW_CTX_DAG_ID='Redis_Memory_Stress_Test' AIRFLOW_CTX_TASK_ID='redis_memory_stress_test' AIRFLOW_CTX_EXECUTION_DATE='2025-11-20T08:15:45.080330+00:00' AIRFLOW_CTX_TRY_NUMBER='1' AIRFLOW_CTX_DAG_RUN_ID='manual__2025-11-20T08:15:45.080330+00:00'
[2025-11-20T08:15:48.092+0000] {taskinstance.py:731} INFO - ::endgroup::
[2025-11-20T08:15:48.155+0000] {docker.py:367} INFO - Starting docker container from image ***_chaos:latest
[2025-11-20T08:15:48.780+0000] {docker.py:438} INFO - The container is run as root user. For security, consider using a regular user account.
[2025-11-20T08:16:07.718+0000] {docker.py:438} INFO - 
[2025-11-20T08:16:08.964+0000] {docker.py:438} INFO - [32m[2025-11-20 08:16:08 INFO] Validating the experiment's syntax
[2025-11-20T08:16:08.966+0000] {docker.py:438} INFO - [32m[2025-11-20 08:16:08 INFO] Experiment looks valid
[2025-11-20T08:16:08.968+0000] {docker.py:438} INFO - [32m[2025-11-20 08:16:08 INFO] Running experiment: Redis Pod Memory Stress Test
[2025-11-20T08:16:08.973+0000] {docker.py:438} INFO - [32m[2025-11-20 08:16:08 INFO] Steady-state strategy: default
[2025-11-20T08:16:08.974+0000] {docker.py:438} INFO - [32m[2025-11-20 08:16:08 INFO] Rollbacks strategy: default
[2025-11-20T08:16:08.975+0000] {docker.py:438} INFO - [32m[2025-11-20 08:16:08 INFO] No steady state hypothesis defined. That's ok, just exploring.
[2025-11-20T08:16:08.976+0000] {docker.py:438} INFO - [32m[2025-11-20 08:16:08 INFO] Playing your experiment's method now...
[2025-11-20T08:16:08.978+0000] {docker.py:438} INFO - [32m[2025-11-20 08:16:08 INFO] Action: redis-memory-stress-k8s
[2025-11-20T08:16:09.542+0000] {docker.py:438} INFO - error: error executing jsonpath "{.items[0].metadata.name}": Error executing template: array index out of bounds: index 0, length 0. Printing more information for debugging the template:
[2025-11-20T08:16:09.543+0000] {docker.py:438} INFO - 	template was:
[2025-11-20T08:16:09.545+0000] {docker.py:438} INFO - 		{.items[0].metadata.name}
[2025-11-20T08:16:09.545+0000] {docker.py:438} INFO - 	object given to jsonpath engine was:
[2025-11-20T08:16:09.547+0000] {docker.py:438} INFO - 		map[string]interface {}{"apiVersion":"v1", "items":[]interface {}{}, "kind":"List", "metadata":map[string]interface {}{"resourceVersion":""}}
[2025-11-20T08:16:09.558+0000] {docker.py:438} INFO - [31m[2025-11-20 08:16:09 ERROR]   => failed: subprocess.CalledProcessError: Command 'kubectl get pod -l app=user-timeline-redis -o jsonpath='{.items[0].metadata.name}'' returned non-zero exit status 1.
[2025-11-20T08:16:09.560+0000] {docker.py:438} INFO - [32m[2025-11-20 08:16:09 INFO] Let's rollback...
[2025-11-20T08:16:09.560+0000] {docker.py:438} INFO - [32m[2025-11-20 08:16:09 INFO] Rollback: reset-redis-memory-k8s
[2025-11-20T08:16:09.561+0000] {docker.py:438} INFO - [32m[2025-11-20 08:16:09 INFO] Action: reset-redis-memory-k8s
[2025-11-20T08:16:09.762+0000] {docker.py:438} INFO - error: error executing jsonpath "{.items[0].metadata.name}": Error executing template: array index out of bounds: index 0, length 0. Printing more information for debugging the template:
[2025-11-20T08:16:09.764+0000] {docker.py:438} INFO - 	template was:
[2025-11-20T08:16:09.765+0000] {docker.py:438} INFO - 		{.items[0].metadata.name}
[2025-11-20T08:16:09.767+0000] {docker.py:438} INFO - 	object given to jsonpath engine was:
[2025-11-20T08:16:09.767+0000] {docker.py:438} INFO - 		map[string]interface {}{"apiVersion":"v1", "items":[]interface {}{}, "kind":"List", "metadata":map[string]interface {}{"resourceVersion":""}}
[2025-11-20T08:16:09.773+0000] {docker.py:438} INFO - [31m[2025-11-20 08:16:09 ERROR]   => failed: subprocess.CalledProcessError: Command 'kubectl get pod -l app=user-timeline-redis -o jsonpath='{.items[0].metadata.name}'' returned non-zero exit status 1.
[2025-11-20T08:16:09.774+0000] {docker.py:438} INFO - [32m[2025-11-20 08:16:09 INFO] Experiment ended with status: completed
[2025-11-20T08:16:09.860+0000] {docker.py:438} INFO - [INFO] Sleeping for cooldown...
[2025-11-20T08:16:39.868+0000] {docker.py:438} INFO - [INFO] DAG complete
[2025-11-20T08:16:40.249+0000] {taskinstance.py:340} INFO - ::group::Post task execution logs
[2025-11-20T08:16:40.250+0000] {taskinstance.py:352} INFO - Marking task as SUCCESS. dag_id=Redis_Memory_Stress_Test, task_id=redis_memory_stress_test, run_id=manual__2025-11-20T08:15:45.080330+00:00, execution_date=20251120T081545, start_date=20251120T081547, end_date=20251120T081640
[2025-11-20T08:16:40.329+0000] {local_task_job_runner.py:266} INFO - Task exited with return code 0
[2025-11-20T08:16:40.370+0000] {taskinstance.py:3900} INFO - 0 downstream tasks scheduled from follow-on schedule check
[2025-11-20T08:16:40.374+0000] {local_task_job_runner.py:245} INFO - ::endgroup::
