[2025-11-20T08:00:31.024+0000] {local_task_job_runner.py:123} INFO - ::group::Pre task execution logs
[2025-11-20T08:00:31.090+0000] {taskinstance.py:2612} INFO - Dependencies all met for dep_context=non-requeueable deps ti=<TaskInstance: Redis_Memory_Stress_Test.redis_memory_stress_test manual__2025-11-20T07:47:58.596274+00:00 [queued]>
[2025-11-20T08:00:31.122+0000] {taskinstance.py:2612} INFO - Dependencies all met for dep_context=requeueable deps ti=<TaskInstance: Redis_Memory_Stress_Test.redis_memory_stress_test manual__2025-11-20T07:47:58.596274+00:00 [queued]>
[2025-11-20T08:00:31.123+0000] {taskinstance.py:2865} INFO - Starting attempt 1 of 2
[2025-11-20T08:00:31.181+0000] {taskinstance.py:2888} INFO - Executing <Task(DockerOperator): redis_memory_stress_test> on 2025-11-20 07:47:58.596274+00:00
[2025-11-20T08:00:31.212+0000] {standard_task_runner.py:72} INFO - Started process 488 to run task
[2025-11-20T08:00:31.226+0000] {standard_task_runner.py:104} INFO - Running: ['***', 'tasks', 'run', 'Redis_Memory_Stress_Test', 'redis_memory_stress_test', 'manual__2025-11-20T07:47:58.596274+00:00', '--job-id', '16407', '--raw', '--subdir', 'DAGS_FOLDER/dag_factory.py', '--cfg-path', '/tmp/tmpb5fmw_9e']
[2025-11-20T08:00:31.232+0000] {standard_task_runner.py:105} INFO - Job 16407: Subtask redis_memory_stress_test
[2025-11-20T08:00:31.392+0000] {task_command.py:467} INFO - Running <TaskInstance: Redis_Memory_Stress_Test.redis_memory_stress_test manual__2025-11-20T07:47:58.596274+00:00 [running]> on host workflow.y2twbfvcjkaujnl2bmtbxunhcb.cx.internal.cloudapp.net
[2025-11-20T08:00:32.080+0000] {taskinstance.py:3131} INFO - Exporting env vars: AIRFLOW_CTX_DAG_OWNER='***' AIRFLOW_CTX_DAG_ID='Redis_Memory_Stress_Test' AIRFLOW_CTX_TASK_ID='redis_memory_stress_test' AIRFLOW_CTX_EXECUTION_DATE='2025-11-20T07:47:58.596274+00:00' AIRFLOW_CTX_TRY_NUMBER='1' AIRFLOW_CTX_DAG_RUN_ID='manual__2025-11-20T07:47:58.596274+00:00'
[2025-11-20T08:00:32.083+0000] {taskinstance.py:731} INFO - ::endgroup::
[2025-11-20T08:00:33.407+0000] {docker.py:367} INFO - Starting docker container from image ***_chaos:latest
[2025-11-20T08:00:34.171+0000] {docker.py:438} INFO - The container is run as root user. For security, consider using a regular user account.
[2025-11-20T08:00:59.220+0000] {docker.py:438} INFO - 
[2025-11-20T08:01:00.310+0000] {docker.py:438} INFO - [32m[2025-11-20 08:01:00 INFO] Validating the experiment's syntax
[2025-11-20T08:01:00.313+0000] {docker.py:438} INFO - [32m[2025-11-20 08:01:00 INFO] Experiment looks valid
[2025-11-20T08:01:00.315+0000] {docker.py:438} INFO - [32m[2025-11-20 08:01:00 INFO] Running experiment: Redis Pod Memory Stress Test
[2025-11-20T08:01:00.323+0000] {docker.py:438} INFO - [32m[2025-11-20 08:01:00 INFO] Steady-state strategy: default
[2025-11-20T08:01:00.323+0000] {docker.py:438} INFO - [32m[2025-11-20 08:01:00 INFO] Rollbacks strategy: default
[2025-11-20T08:01:00.324+0000] {docker.py:438} INFO - [32m[2025-11-20 08:01:00 INFO] No steady state hypothesis defined. That's ok, just exploring.
[2025-11-20T08:01:00.324+0000] {docker.py:438} INFO - [32m[2025-11-20 08:01:00 INFO] Playing your experiment's method now...
[2025-11-20T08:01:00.324+0000] {docker.py:438} INFO - [32m[2025-11-20 08:01:00 INFO] Action: redis-memory-stress-k8s
[2025-11-20T08:01:00.815+0000] {docker.py:438} INFO - error: error executing jsonpath "{.items[0].metadata.name}": Error executing template: array index out of bounds: index 0, length 0. Printing more information for debugging the template:
[2025-11-20T08:01:00.815+0000] {docker.py:438} INFO - 	template was:
[2025-11-20T08:01:00.816+0000] {docker.py:438} INFO - 		{.items[0].metadata.name}
[2025-11-20T08:01:00.816+0000] {docker.py:438} INFO - 	object given to jsonpath engine was:
[2025-11-20T08:01:00.817+0000] {docker.py:438} INFO - 		map[string]interface {}{"apiVersion":"v1", "items":[]interface {}{}, "kind":"List", "metadata":map[string]interface {}{"resourceVersion":""}}
[2025-11-20T08:01:00.832+0000] {docker.py:438} INFO - [31m[2025-11-20 08:01:00 ERROR]   => failed: subprocess.CalledProcessError: Command 'kubectl get pod -l app=user-timeline-redis -o jsonpath='{.items[0].metadata.name}'' returned non-zero exit status 1.
[2025-11-20T08:01:00.833+0000] {docker.py:438} INFO - [32m[2025-11-20 08:01:00 INFO] Let's rollback...
[2025-11-20T08:01:00.833+0000] {docker.py:438} INFO - [32m[2025-11-20 08:01:00 INFO] Rollback: reset-redis-memory-k8s
[2025-11-20T08:01:00.835+0000] {docker.py:438} INFO - [32m[2025-11-20 08:01:00 INFO] Action: reset-redis-memory-k8s
[2025-11-20T08:01:01.097+0000] {docker.py:438} INFO - error: error executing jsonpath "{.items[0].metadata.name}": Error executing template: array index out of bounds: index 0, length 0. Printing more information for debugging the template:
[2025-11-20T08:01:01.098+0000] {docker.py:438} INFO - 	template was:
[2025-11-20T08:01:01.099+0000] {docker.py:438} INFO - 		{.items[0].metadata.name}
[2025-11-20T08:01:01.099+0000] {docker.py:438} INFO - 	object given to jsonpath engine was:
[2025-11-20T08:01:01.100+0000] {docker.py:438} INFO - 		map[string]interface {}{"apiVersion":"v1", "items":[]interface {}{}, "kind":"List", "metadata":map[string]interface {}{"resourceVersion":""}}
[2025-11-20T08:01:01.100+0000] {docker.py:438} INFO - 
[2025-11-20T08:01:01.100+0000] {docker.py:438} INFO - 
[2025-11-20T08:01:01.101+0000] {docker.py:438} INFO - [31m[2025-11-20 08:01:01 ERROR]   => failed: subprocess.CalledProcessError: Command 'kubectl get pod -l app=user-timeline-redis -o jsonpath='{.items[0].metadata.name}'' returned non-zero exit status 1.
[2025-11-20T08:01:01.101+0000] {docker.py:438} INFO - [32m[2025-11-20 08:01:01 INFO] Experiment ended with status: completed
[2025-11-20T08:01:01.197+0000] {docker.py:438} INFO - [INFO] Sleeping for cooldown...
[2025-11-20T08:01:31.205+0000] {docker.py:438} INFO - [INFO] DAG complete
[2025-11-20T08:01:32.141+0000] {taskinstance.py:340} INFO - ::group::Post task execution logs
[2025-11-20T08:01:32.142+0000] {taskinstance.py:352} INFO - Marking task as SUCCESS. dag_id=Redis_Memory_Stress_Test, task_id=redis_memory_stress_test, run_id=manual__2025-11-20T07:47:58.596274+00:00, execution_date=20251120T074758, start_date=20251120T080031, end_date=20251120T080132
[2025-11-20T08:01:32.318+0000] {local_task_job_runner.py:266} INFO - Task exited with return code 0
[2025-11-20T08:01:32.380+0000] {taskinstance.py:3900} INFO - 0 downstream tasks scheduled from follow-on schedule check
[2025-11-20T08:01:32.388+0000] {local_task_job_runner.py:245} INFO - ::endgroup::
