[2025-11-13T06:55:03.783+0000] {local_task_job_runner.py:123} INFO - ::group::Pre task execution logs
[2025-11-13T06:55:03.831+0000] {taskinstance.py:2612} INFO - Dependencies all met for dep_context=non-requeueable deps ti=<TaskInstance: Continuous_Load.run_continuous_multi_endpoint_load_test scheduled__2025-11-13T06:00:00+00:00 [queued]>
[2025-11-13T06:55:03.844+0000] {taskinstance.py:2612} INFO - Dependencies all met for dep_context=requeueable deps ti=<TaskInstance: Continuous_Load.run_continuous_multi_endpoint_load_test scheduled__2025-11-13T06:00:00+00:00 [queued]>
[2025-11-13T06:55:03.844+0000] {taskinstance.py:2865} INFO - Starting attempt 1 of 1
[2025-11-13T06:55:03.867+0000] {taskinstance.py:2888} INFO - Executing <Task(DockerOperator): run_continuous_multi_endpoint_load_test> on 2025-11-13 06:00:00+00:00
[2025-11-13T06:55:03.881+0000] {standard_task_runner.py:72} INFO - Started process 192 to run task
[2025-11-13T06:55:03.895+0000] {standard_task_runner.py:104} INFO - Running: ['***', 'tasks', 'run', 'Continuous_Load', 'run_continuous_multi_endpoint_load_test', 'scheduled__2025-11-13T06:00:00+00:00', '--job-id', '14802', '--raw', '--subdir', 'DAGS_FOLDER/dag_factory.py', '--cfg-path', '/tmp/tmppmhcgin1']
[2025-11-13T06:55:03.897+0000] {standard_task_runner.py:105} INFO - Job 14802: Subtask run_continuous_multi_endpoint_load_test
[2025-11-13T06:55:03.990+0000] {task_command.py:467} INFO - Running <TaskInstance: Continuous_Load.run_continuous_multi_endpoint_load_test scheduled__2025-11-13T06:00:00+00:00 [running]> on host workflow.y2twbfvcjkaujnl2bmtbxunhcb.cx.internal.cloudapp.net
[2025-11-13T06:55:04.177+0000] {taskinstance.py:3131} INFO - Exporting env vars: AIRFLOW_CTX_DAG_OWNER='***' AIRFLOW_CTX_DAG_ID='Continuous_Load' AIRFLOW_CTX_TASK_ID='run_continuous_multi_endpoint_load_test' AIRFLOW_CTX_EXECUTION_DATE='2025-11-13T06:00:00+00:00' AIRFLOW_CTX_TRY_NUMBER='1' AIRFLOW_CTX_DAG_RUN_ID='scheduled__2025-11-13T06:00:00+00:00'
[2025-11-13T06:55:04.181+0000] {taskinstance.py:731} INFO - ::endgroup::
[2025-11-13T06:55:04.267+0000] {docker.py:367} INFO - Starting docker container from image ***_chaos:latest
[2025-11-13T06:55:05.013+0000] {docker.py:438} INFO - The container is run as root user. For security, consider using a regular user account.
[2025-11-13T06:55:23.913+0000] {docker.py:438} INFO - 
[2025-11-13T06:55:23.919+0000] {docker.py:438} INFO - Starting Continuous Multi-Endpoint Load Test...
[2025-11-13T06:55:24.814+0000] {docker.py:438} INFO - [32m[2025-11-13 06:55:24 INFO] Validating the experiment's syntax
[2025-11-13T06:55:25.079+0000] {docker.py:438} INFO - [32m[2025-11-13 06:55:25 INFO] Experiment looks valid
[2025-11-13T06:55:25.081+0000] {docker.py:438} INFO - [32m[2025-11-13 06:55:25 INFO] Running experiment: Continuous Load Test - POST Compose & GET Timeline APIs
[2025-11-13T06:55:25.086+0000] {docker.py:438} INFO - [32m[2025-11-13 06:55:25 INFO] Steady-state strategy: default
[2025-11-13T06:55:25.088+0000] {docker.py:438} INFO - [32m[2025-11-13 06:55:25 INFO] Rollbacks strategy: default
[2025-11-13T06:55:25.089+0000] {docker.py:438} INFO - [32m[2025-11-13 06:55:25 INFO] No steady state hypothesis defined. That's ok, just exploring.
[2025-11-13T06:55:25.092+0000] {docker.py:438} INFO - [32m[2025-11-13 06:55:25 INFO] Playing your experiment's method now...
[2025-11-13T06:55:25.092+0000] {docker.py:438} INFO - [32m[2025-11-13 06:55:25 INFO] Action: Continuous multi-endpoint load test
[2025-11-13T06:55:25.289+0000] {docker.py:438} INFO - [32m[2025-11-13 06:55:25 INFO] âœ… Obtained login_token (JWT): eyJhbGciOiJIUzI1NiIsInR5cCI6IkpXVCJ9.eyJ0aW1lc3RhbXAiOiIxNzYzMDE2OTI1IiwidHRsIjoiMzYwMCIsInVzZXJfaWQiOiI4NjI1NDA5NDE4Mzc2NzY5NTM2IiwidXNlcm5hbWUiOiJqYWdhbiJ9.s4lMspXZsnfz2EojfnhcfnQS_W83CKb1rYFkSz_WQtY
[2025-11-13T07:02:29.776+0000] {job.py:229} INFO - Heartbeat recovered after 12.98 seconds
[2025-11-13T07:02:59.544+0000] {job.py:229} INFO - Heartbeat recovered after 11.07 seconds
[2025-11-13T07:03:38.046+0000] {job.py:229} INFO - Heartbeat recovered after 18.49 seconds
[2025-11-13T07:04:02.779+0000] {job.py:229} INFO - Heartbeat recovered after 24.88 seconds
[2025-11-13T07:04:21.188+0000] {job.py:229} INFO - Heartbeat recovered after 19.47 seconds
[2025-11-13T07:04:35.993+0000] {job.py:229} INFO - Heartbeat recovered after 14.98 seconds
[2025-11-13T07:04:50.348+0000] {job.py:229} INFO - Heartbeat recovered after 14.71 seconds
[2025-11-13T07:05:15.085+0000] {job.py:229} INFO - Heartbeat recovered after 24.93 seconds
[2025-11-13T07:05:51.687+0000] {job.py:229} INFO - Heartbeat recovered after 39.81 seconds
[2025-11-13T07:06:05.691+0000] {job.py:229} INFO - Heartbeat recovered after 14.02 seconds
[2025-11-13T07:08:59.605+0000] {job.py:229} INFO - Heartbeat recovered after 13.50 seconds
[2025-11-13T07:09:10.192+0000] {job.py:229} INFO - Heartbeat recovered after 10.64 seconds
[2025-11-13T07:09:23.836+0000] {job.py:229} INFO - Heartbeat recovered after 14.11 seconds
[2025-11-13T07:09:36.484+0000] {job.py:229} INFO - Heartbeat recovered after 12.95 seconds
[2025-11-13T07:09:47.032+0000] {job.py:229} INFO - Heartbeat recovered after 10.90 seconds
[2025-11-13T07:10:26.124+0000] {job.py:229} INFO - Heartbeat recovered after 11.94 seconds
[2025-11-13T07:10:38.684+0000] {job.py:229} INFO - Heartbeat recovered after 12.69 seconds
[2025-11-13T07:10:49.301+0000] {job.py:229} INFO - Heartbeat recovered after 11.95 seconds
[2025-11-13T07:12:52.084+0000] {job.py:229} INFO - Heartbeat recovered after 10.79 seconds
[2025-11-13T07:13:03.885+0000] {job.py:229} INFO - Heartbeat recovered after 11.86 seconds
[2025-11-13T07:13:23.594+0000] {job.py:229} INFO - Heartbeat recovered after 20.52 seconds
[2025-11-13T07:26:53.881+0000] {local_task_job_runner.py:127} ERROR - Received SIGTERM. Terminating subprocesses
[2025-11-13T07:26:53.904+0000] {process_utils.py:132} INFO - Sending 15 to group 192. PIDs of all processes in the group: [192]
[2025-11-13T07:26:53.948+0000] {process_utils.py:87} INFO - Sending the signal 15 to group 192
[2025-11-13T07:26:53.968+0000] {taskinstance.py:3092} ERROR - Received SIGTERM. Terminating subprocesses.
[2025-11-13T07:26:53.991+0000] {docker.py:533} INFO - Stopping docker container
[2025-11-13T07:26:55.322+0000] {taskinstance.py:3310} ERROR - Task failed with exception
Traceback (most recent call last):
  File "/home/airflow/.local/lib/python3.11/site-packages/airflow/models/taskinstance.py", line 767, in _execute_task
    result = _execute_callable(context=context, **execute_callable_kwargs)
             ^^^^^^^^^^^^^^^^^^^^^^^^^^^^^^^^^^^^^^^^^^^^^^^^^^^^^^^^^^^^^
  File "/home/airflow/.local/lib/python3.11/site-packages/airflow/models/taskinstance.py", line 733, in _execute_callable
    return ExecutionCallableRunner(
           ^^^^^^^^^^^^^^^^^^^^^^^^
  File "/home/airflow/.local/lib/python3.11/site-packages/airflow/utils/operator_helpers.py", line 252, in run
    return self.func(*args, **kwargs)
           ^^^^^^^^^^^^^^^^^^^^^^^^^^
  File "/home/airflow/.local/lib/python3.11/site-packages/airflow/models/baseoperator.py", line 406, in wrapper
    return func(self, *args, **kwargs)
           ^^^^^^^^^^^^^^^^^^^^^^^^^^^
  File "/home/airflow/.local/lib/python3.11/site-packages/airflow/providers/docker/operators/docker.py", line 513, in execute
    return self._run_image()
           ^^^^^^^^^^^^^^^^^
  File "/home/airflow/.local/lib/python3.11/site-packages/airflow/providers/docker/operators/docker.py", line 384, in _run_image
    return self._run_image_with_mounts(self.mounts, add_tmp_variable=False)
           ^^^^^^^^^^^^^^^^^^^^^^^^^^^^^^^^^^^^^^^^^^^^^^^^^^^^^^^^^^^^^^^^
  File "/home/airflow/.local/lib/python3.11/site-packages/airflow/providers/docker/operators/docker.py", line 434, in _run_image_with_mounts
    for log_chunk in logstream:
  File "/home/airflow/.local/lib/python3.11/site-packages/docker/types/daemon.py", line 29, in __next__
    return next(self._stream)
           ^^^^^^^^^^^^^^^^^^
  File "/home/airflow/.local/lib/python3.11/site-packages/docker/api/client.py", line 438, in <genexpr>
    gen = (data for (_, data) in gen)
          ^^^^^^^^^^^^^^^^^^^^^^^^^^^
  File "/home/airflow/.local/lib/python3.11/site-packages/docker/utils/socket.py", line 112, in frames_iter_no_tty
    (stream, n) = next_frame_header(socket)
                  ^^^^^^^^^^^^^^^^^^^^^^^^^
  File "/home/airflow/.local/lib/python3.11/site-packages/docker/utils/socket.py", line 84, in next_frame_header
    data = read_exactly(socket, 8)
           ^^^^^^^^^^^^^^^^^^^^^^^
  File "/home/airflow/.local/lib/python3.11/site-packages/docker/utils/socket.py", line 69, in read_exactly
    next_data = read(socket, n - len(data))
                ^^^^^^^^^^^^^^^^^^^^^^^^^^^
  File "/home/airflow/.local/lib/python3.11/site-packages/docker/utils/socket.py", line 40, in read
    poll.poll()
  File "/home/airflow/.local/lib/python3.11/site-packages/airflow/models/taskinstance.py", line 3094, in signal_handler
    raise AirflowTaskTerminated("Task received SIGTERM signal")
airflow.exceptions.AirflowTaskTerminated: Task received SIGTERM signal
[2025-11-13T07:26:55.627+0000] {taskinstance.py:1225} INFO - Marking task as FAILED. dag_id=Continuous_Load, task_id=run_continuous_multi_endpoint_load_test, run_id=scheduled__2025-11-13T06:00:00+00:00, execution_date=20251113T060000, start_date=20251113T065503, end_date=20251113T072655
[2025-11-13T07:26:55.907+0000] {taskinstance.py:340} INFO - ::group::Post task execution logs
[2025-11-13T07:26:56.050+0000] {process_utils.py:80} INFO - Process psutil.Process(pid=192, status='terminated', exitcode=2, started='06:55:02') (192) terminated with exit code 2
[2025-11-13T07:26:56.054+0000] {local_task_job_runner.py:266} INFO - Task exited with return code 143
[2025-11-13T07:26:56.215+0000] {taskinstance.py:3900} INFO - 0 downstream tasks scheduled from follow-on schedule check
[2025-11-13T07:26:56.312+0000] {local_task_job_runner.py:245} INFO - ::endgroup::
