[2025-10-28T10:55:01.742+0000] {local_task_job_runner.py:123} INFO - ::group::Pre task execution logs
[2025-10-28T10:55:01.768+0000] {taskinstance.py:2612} INFO - Dependencies all met for dep_context=non-requeueable deps ti=<TaskInstance: Continuous_Load.run_continuous_multi_endpoint_load_test scheduled__2025-10-28T10:00:00+00:00 [queued]>
[2025-10-28T10:55:01.781+0000] {taskinstance.py:2612} INFO - Dependencies all met for dep_context=requeueable deps ti=<TaskInstance: Continuous_Load.run_continuous_multi_endpoint_load_test scheduled__2025-10-28T10:00:00+00:00 [queued]>
[2025-10-28T10:55:01.781+0000] {taskinstance.py:2865} INFO - Starting attempt 1 of 1
[2025-10-28T10:55:01.803+0000] {taskinstance.py:2888} INFO - Executing <Task(DockerOperator): run_continuous_multi_endpoint_load_test> on 2025-10-28 10:00:00+00:00
[2025-10-28T10:55:01.818+0000] {standard_task_runner.py:72} INFO - Started process 3865 to run task
[2025-10-28T10:55:01.829+0000] {standard_task_runner.py:104} INFO - Running: ['***', 'tasks', 'run', 'Continuous_Load', 'run_continuous_multi_endpoint_load_test', 'scheduled__2025-10-28T10:00:00+00:00', '--job-id', '11236', '--raw', '--subdir', 'DAGS_FOLDER/dag_factory.py', '--cfg-path', '/tmp/tmpudoe2_12']
[2025-10-28T10:55:01.831+0000] {standard_task_runner.py:105} INFO - Job 11236: Subtask run_continuous_multi_endpoint_load_test
[2025-10-28T10:55:01.962+0000] {task_command.py:467} INFO - Running <TaskInstance: Continuous_Load.run_continuous_multi_endpoint_load_test scheduled__2025-10-28T10:00:00+00:00 [running]> on host workflow.y2twbfvcjkaujnl2bmtbxunhcb.cx.internal.cloudapp.net
[2025-10-28T10:55:02.177+0000] {taskinstance.py:3131} INFO - Exporting env vars: AIRFLOW_CTX_DAG_OWNER='***' AIRFLOW_CTX_DAG_ID='Continuous_Load' AIRFLOW_CTX_TASK_ID='run_continuous_multi_endpoint_load_test' AIRFLOW_CTX_EXECUTION_DATE='2025-10-28T10:00:00+00:00' AIRFLOW_CTX_TRY_NUMBER='1' AIRFLOW_CTX_DAG_RUN_ID='scheduled__2025-10-28T10:00:00+00:00'
[2025-10-28T10:55:02.178+0000] {taskinstance.py:731} INFO - ::endgroup::
[2025-10-28T10:55:02.250+0000] {docker.py:367} INFO - Starting docker container from image ***_chaos:latest
[2025-10-28T10:55:02.784+0000] {docker.py:438} INFO - The container is run as root user. For security, consider using a regular user account.
[2025-10-28T10:55:21.555+0000] {docker.py:438} INFO - 
[2025-10-28T10:55:21.560+0000] {docker.py:438} INFO - Starting Continuous Multi-Endpoint Load Test...
[2025-10-28T10:55:22.404+0000] {docker.py:438} INFO - [32m[2025-10-28 10:55:22 INFO] Validating the experiment's syntax
[2025-10-28T10:55:22.631+0000] {docker.py:438} INFO - [32m[2025-10-28 10:55:22 INFO] Experiment looks valid
[2025-10-28T10:55:22.633+0000] {docker.py:438} INFO - [32m[2025-10-28 10:55:22 INFO] Running experiment: Continuous Load Test - POST Compose & GET Timeline APIs
[2025-10-28T10:55:22.638+0000] {docker.py:438} INFO - [32m[2025-10-28 10:55:22 INFO] Steady-state strategy: default
[2025-10-28T10:55:22.639+0000] {docker.py:438} INFO - [32m[2025-10-28 10:55:22 INFO] Rollbacks strategy: default
[2025-10-28T10:55:22.640+0000] {docker.py:438} INFO - [32m[2025-10-28 10:55:22 INFO] No steady state hypothesis defined. That's ok, just exploring.
[2025-10-28T10:55:22.641+0000] {docker.py:438} INFO - [32m[2025-10-28 10:55:22 INFO] Playing your experiment's method now...
[2025-10-28T10:55:22.642+0000] {docker.py:438} INFO - [32m[2025-10-28 10:55:22 INFO] Action: Continuous multi-endpoint load test
[2025-10-28T10:55:22.800+0000] {docker.py:438} INFO - [32m[2025-10-28 10:55:22 INFO] âœ… Obtained login_token (JWT): eyJhbGciOiJIUzI1NiIsInR5cCI6IkpXVCJ9.eyJ0aW1lc3RhbXAiOiIxNzYxNjQ4OTIyIiwidHRsIjoiMzYwMCIsInVzZXJfaWQiOiI1ODk2MjIzMDk2NTA4ODk5MzI4IiwidXNlcm5hbWUiOiJqYWdhbiJ9.k_WoG9y4VzmI25Y-q23whKuBCBWYpHD0GKEpJdQg0rw
[2025-10-28T10:59:09.713+0000] {local_task_job_runner.py:346} WARNING - State of this instance has been externally set to None. Terminating instance.
[2025-10-28T10:59:09.714+0000] {local_task_job_runner.py:245} INFO - ::endgroup::
[2025-10-28T10:59:09.719+0000] {process_utils.py:132} INFO - Sending 15 to group 3865. PIDs of all processes in the group: [3865]
[2025-10-28T10:59:09.719+0000] {process_utils.py:87} INFO - Sending the signal 15 to group 3865
[2025-10-28T10:59:09.720+0000] {taskinstance.py:3092} ERROR - Received SIGTERM. Terminating subprocesses.
[2025-10-28T10:59:09.720+0000] {docker.py:533} INFO - Stopping docker container
[2025-10-28T10:59:10.190+0000] {taskinstance.py:3310} ERROR - Task failed with exception
Traceback (most recent call last):
  File "/home/airflow/.local/lib/python3.11/site-packages/airflow/models/taskinstance.py", line 767, in _execute_task
    result = _execute_callable(context=context, **execute_callable_kwargs)
             ^^^^^^^^^^^^^^^^^^^^^^^^^^^^^^^^^^^^^^^^^^^^^^^^^^^^^^^^^^^^^
  File "/home/airflow/.local/lib/python3.11/site-packages/airflow/models/taskinstance.py", line 733, in _execute_callable
    return ExecutionCallableRunner(
           ^^^^^^^^^^^^^^^^^^^^^^^^
  File "/home/airflow/.local/lib/python3.11/site-packages/airflow/utils/operator_helpers.py", line 252, in run
    return self.func(*args, **kwargs)
           ^^^^^^^^^^^^^^^^^^^^^^^^^^
  File "/home/airflow/.local/lib/python3.11/site-packages/airflow/models/baseoperator.py", line 406, in wrapper
    return func(self, *args, **kwargs)
           ^^^^^^^^^^^^^^^^^^^^^^^^^^^
  File "/home/airflow/.local/lib/python3.11/site-packages/airflow/providers/docker/operators/docker.py", line 513, in execute
    return self._run_image()
           ^^^^^^^^^^^^^^^^^
  File "/home/airflow/.local/lib/python3.11/site-packages/airflow/providers/docker/operators/docker.py", line 384, in _run_image
    return self._run_image_with_mounts(self.mounts, add_tmp_variable=False)
           ^^^^^^^^^^^^^^^^^^^^^^^^^^^^^^^^^^^^^^^^^^^^^^^^^^^^^^^^^^^^^^^^
  File "/home/airflow/.local/lib/python3.11/site-packages/airflow/providers/docker/operators/docker.py", line 434, in _run_image_with_mounts
    for log_chunk in logstream:
  File "/home/airflow/.local/lib/python3.11/site-packages/docker/types/daemon.py", line 29, in __next__
    return next(self._stream)
           ^^^^^^^^^^^^^^^^^^
  File "/home/airflow/.local/lib/python3.11/site-packages/docker/api/client.py", line 438, in <genexpr>
    gen = (data for (_, data) in gen)
          ^^^^^^^^^^^^^^^^^^^^^^^^^^^
  File "/home/airflow/.local/lib/python3.11/site-packages/docker/utils/socket.py", line 112, in frames_iter_no_tty
    (stream, n) = next_frame_header(socket)
                  ^^^^^^^^^^^^^^^^^^^^^^^^^
  File "/home/airflow/.local/lib/python3.11/site-packages/docker/utils/socket.py", line 84, in next_frame_header
    data = read_exactly(socket, 8)
           ^^^^^^^^^^^^^^^^^^^^^^^
  File "/home/airflow/.local/lib/python3.11/site-packages/docker/utils/socket.py", line 69, in read_exactly
    next_data = read(socket, n - len(data))
                ^^^^^^^^^^^^^^^^^^^^^^^^^^^
  File "/home/airflow/.local/lib/python3.11/site-packages/docker/utils/socket.py", line 40, in read
    poll.poll()
  File "/home/airflow/.local/lib/python3.11/site-packages/airflow/models/taskinstance.py", line 3094, in signal_handler
    raise AirflowTaskTerminated("Task received SIGTERM signal")
airflow.exceptions.AirflowTaskTerminated: Task received SIGTERM signal
[2025-10-28T10:59:10.207+0000] {taskinstance.py:1225} INFO - Marking task as FAILED. dag_id=Continuous_Load, task_id=run_continuous_multi_endpoint_load_test, run_id=scheduled__2025-10-28T10:00:00+00:00, execution_date=20251028T100000, start_date=20251028T105501, end_date=20251028T105910
[2025-10-28T10:59:10.270+0000] {taskinstance.py:340} INFO - ::group::Post task execution logs
[2025-10-28T10:59:10.308+0000] {process_utils.py:80} INFO - Process psutil.Process(pid=3865, status='terminated', exitcode=2, started='10:55:01') (3865) terminated with exit code 2
