[2025-10-29T06:27:24.003+0000] {local_task_job_runner.py:123} INFO - ::group::Pre task execution logs
[2025-10-29T06:27:24.022+0000] {taskinstance.py:2612} INFO - Dependencies all met for dep_context=non-requeueable deps ti=<TaskInstance: Memory_Stress_Test.memory_stress_test scheduled__2025-10-29T05:45:00+00:00 [queued]>
[2025-10-29T06:27:24.031+0000] {taskinstance.py:2612} INFO - Dependencies all met for dep_context=requeueable deps ti=<TaskInstance: Memory_Stress_Test.memory_stress_test scheduled__2025-10-29T05:45:00+00:00 [queued]>
[2025-10-29T06:27:24.031+0000] {taskinstance.py:2865} INFO - Starting attempt 1 of 2
[2025-10-29T06:27:24.046+0000] {taskinstance.py:2888} INFO - Executing <Task(DockerOperator): memory_stress_test> on 2025-10-29 05:45:00+00:00
[2025-10-29T06:27:24.054+0000] {standard_task_runner.py:72} INFO - Started process 3907 to run task
[2025-10-29T06:27:24.061+0000] {standard_task_runner.py:104} INFO - Running: ['***', 'tasks', 'run', 'Memory_Stress_Test', 'memory_stress_test', 'scheduled__2025-10-29T05:45:00+00:00', '--job-id', '11315', '--raw', '--subdir', 'DAGS_FOLDER/dag_factory.py', '--cfg-path', '/tmp/tmpt6bqnpa9']
[2025-10-29T06:27:24.063+0000] {standard_task_runner.py:105} INFO - Job 11315: Subtask memory_stress_test
[2025-10-29T06:27:24.125+0000] {task_command.py:467} INFO - Running <TaskInstance: Memory_Stress_Test.memory_stress_test scheduled__2025-10-29T05:45:00+00:00 [running]> on host workflow.y2twbfvcjkaujnl2bmtbxunhcb.cx.internal.cloudapp.net
[2025-10-29T06:27:24.226+0000] {taskinstance.py:3131} INFO - Exporting env vars: AIRFLOW_CTX_DAG_OWNER='***' AIRFLOW_CTX_DAG_ID='Memory_Stress_Test' AIRFLOW_CTX_TASK_ID='memory_stress_test' AIRFLOW_CTX_EXECUTION_DATE='2025-10-29T05:45:00+00:00' AIRFLOW_CTX_TRY_NUMBER='1' AIRFLOW_CTX_DAG_RUN_ID='scheduled__2025-10-29T05:45:00+00:00'
[2025-10-29T06:27:24.228+0000] {taskinstance.py:731} INFO - ::endgroup::
[2025-10-29T06:27:24.269+0000] {docker.py:367} INFO - Starting docker container from image ***_chaos:latest
[2025-10-29T06:27:24.680+0000] {docker.py:438} INFO - The container is run as root user. For security, consider using a regular user account.
[2025-10-29T06:27:34.118+0000] {docker.py:438} INFO - 
[2025-10-29T06:27:34.671+0000] {docker.py:438} INFO - [32m[2025-10-29 06:27:34 INFO] Validating the experiment's syntax
[2025-10-29T06:27:34.672+0000] {docker.py:438} INFO - [31m[2025-10-29 06:27:34 ERROR] could not find Python module 'continuos_memory_stress' in activity 'repeated-gradual-memory-stress'
[2025-10-29T06:27:35.449+0000] {taskinstance.py:3310} ERROR - Task failed with exception
Traceback (most recent call last):
  File "/home/airflow/.local/lib/python3.11/site-packages/airflow/models/taskinstance.py", line 767, in _execute_task
    result = _execute_callable(context=context, **execute_callable_kwargs)
             ^^^^^^^^^^^^^^^^^^^^^^^^^^^^^^^^^^^^^^^^^^^^^^^^^^^^^^^^^^^^^
  File "/home/airflow/.local/lib/python3.11/site-packages/airflow/models/taskinstance.py", line 733, in _execute_callable
    return ExecutionCallableRunner(
           ^^^^^^^^^^^^^^^^^^^^^^^^
  File "/home/airflow/.local/lib/python3.11/site-packages/airflow/utils/operator_helpers.py", line 252, in run
    return self.func(*args, **kwargs)
           ^^^^^^^^^^^^^^^^^^^^^^^^^^
  File "/home/airflow/.local/lib/python3.11/site-packages/airflow/models/baseoperator.py", line 406, in wrapper
    return func(self, *args, **kwargs)
           ^^^^^^^^^^^^^^^^^^^^^^^^^^^
  File "/home/airflow/.local/lib/python3.11/site-packages/airflow/providers/docker/operators/docker.py", line 513, in execute
    return self._run_image()
           ^^^^^^^^^^^^^^^^^
  File "/home/airflow/.local/lib/python3.11/site-packages/airflow/providers/docker/operators/docker.py", line 384, in _run_image
    return self._run_image_with_mounts(self.mounts, add_tmp_variable=False)
           ^^^^^^^^^^^^^^^^^^^^^^^^^^^^^^^^^^^^^^^^^^^^^^^^^^^^^^^^^^^^^^^^
  File "/home/airflow/.local/lib/python3.11/site-packages/airflow/providers/docker/operators/docker.py", line 446, in _run_image_with_mounts
    raise DockerContainerFailedException(f"Docker container failed: {result!r}", logs=log_lines)
airflow.providers.docker.exceptions.DockerContainerFailedException: Docker container failed: {'StatusCode': 1}
[2025-10-29T06:27:35.457+0000] {taskinstance.py:1225} INFO - Marking task as UP_FOR_RETRY. dag_id=Memory_Stress_Test, task_id=memory_stress_test, run_id=scheduled__2025-10-29T05:45:00+00:00, execution_date=20251029T054500, start_date=20251029T062724, end_date=20251029T062735
[2025-10-29T06:27:35.476+0000] {taskinstance.py:340} INFO - ::group::Post task execution logs
[2025-10-29T06:27:35.477+0000] {standard_task_runner.py:124} ERROR - Failed to execute job 11315 for task memory_stress_test (Docker container failed: {'StatusCode': 1}; 3907)
Traceback (most recent call last):
  File "/home/airflow/.local/lib/python3.11/site-packages/airflow/task/task_runner/standard_task_runner.py", line 117, in _start_by_fork
    ret = args.func(args, dag=self.dag)
          ^^^^^^^^^^^^^^^^^^^^^^^^^^^^^
  File "/home/airflow/.local/lib/python3.11/site-packages/airflow/cli/cli_config.py", line 49, in command
    return func(*args, **kwargs)
           ^^^^^^^^^^^^^^^^^^^^^
  File "/home/airflow/.local/lib/python3.11/site-packages/airflow/utils/cli.py", line 115, in wrapper
    return f(*args, **kwargs)
           ^^^^^^^^^^^^^^^^^^
  File "/home/airflow/.local/lib/python3.11/site-packages/airflow/cli/commands/task_command.py", line 483, in task_run
    task_return_code = _run_task_by_selected_method(args, _dag, ti)
                       ^^^^^^^^^^^^^^^^^^^^^^^^^^^^^^^^^^^^^^^^^^^^
  File "/home/airflow/.local/lib/python3.11/site-packages/airflow/cli/commands/task_command.py", line 256, in _run_task_by_selected_method
    return _run_raw_task(args, ti)
           ^^^^^^^^^^^^^^^^^^^^^^^
  File "/home/airflow/.local/lib/python3.11/site-packages/airflow/cli/commands/task_command.py", line 341, in _run_raw_task
    return ti._run_raw_task(
           ^^^^^^^^^^^^^^^^^
  File "/home/airflow/.local/lib/python3.11/site-packages/airflow/utils/session.py", line 97, in wrapper
    return func(*args, session=session, **kwargs)
           ^^^^^^^^^^^^^^^^^^^^^^^^^^^^^^^^^^^^^^
  File "/home/airflow/.local/lib/python3.11/site-packages/airflow/models/taskinstance.py", line 3004, in _run_raw_task
    return _run_raw_task(
           ^^^^^^^^^^^^^^
  File "/home/airflow/.local/lib/python3.11/site-packages/airflow/models/taskinstance.py", line 273, in _run_raw_task
    TaskInstance._execute_task_with_callbacks(
  File "/home/airflow/.local/lib/python3.11/site-packages/airflow/models/taskinstance.py", line 3158, in _execute_task_with_callbacks
    result = self._execute_task(context, task_orig)
             ^^^^^^^^^^^^^^^^^^^^^^^^^^^^^^^^^^^^^^
  File "/home/airflow/.local/lib/python3.11/site-packages/airflow/models/taskinstance.py", line 3182, in _execute_task
    return _execute_task(self, context, task_orig)
           ^^^^^^^^^^^^^^^^^^^^^^^^^^^^^^^^^^^^^^^
  File "/home/airflow/.local/lib/python3.11/site-packages/airflow/models/taskinstance.py", line 767, in _execute_task
    result = _execute_callable(context=context, **execute_callable_kwargs)
             ^^^^^^^^^^^^^^^^^^^^^^^^^^^^^^^^^^^^^^^^^^^^^^^^^^^^^^^^^^^^^
  File "/home/airflow/.local/lib/python3.11/site-packages/airflow/models/taskinstance.py", line 733, in _execute_callable
    return ExecutionCallableRunner(
           ^^^^^^^^^^^^^^^^^^^^^^^^
  File "/home/airflow/.local/lib/python3.11/site-packages/airflow/utils/operator_helpers.py", line 252, in run
    return self.func(*args, **kwargs)
           ^^^^^^^^^^^^^^^^^^^^^^^^^^
  File "/home/airflow/.local/lib/python3.11/site-packages/airflow/models/baseoperator.py", line 406, in wrapper
    return func(self, *args, **kwargs)
           ^^^^^^^^^^^^^^^^^^^^^^^^^^^
  File "/home/airflow/.local/lib/python3.11/site-packages/airflow/providers/docker/operators/docker.py", line 513, in execute
    return self._run_image()
           ^^^^^^^^^^^^^^^^^
  File "/home/airflow/.local/lib/python3.11/site-packages/airflow/providers/docker/operators/docker.py", line 384, in _run_image
    return self._run_image_with_mounts(self.mounts, add_tmp_variable=False)
           ^^^^^^^^^^^^^^^^^^^^^^^^^^^^^^^^^^^^^^^^^^^^^^^^^^^^^^^^^^^^^^^^
  File "/home/airflow/.local/lib/python3.11/site-packages/airflow/providers/docker/operators/docker.py", line 446, in _run_image_with_mounts
    raise DockerContainerFailedException(f"Docker container failed: {result!r}", logs=log_lines)
airflow.providers.docker.exceptions.DockerContainerFailedException: Docker container failed: {'StatusCode': 1}
[2025-10-29T06:27:35.509+0000] {local_task_job_runner.py:266} INFO - Task exited with return code 1
[2025-10-29T06:27:35.525+0000] {taskinstance.py:3900} INFO - 0 downstream tasks scheduled from follow-on schedule check
[2025-10-29T06:27:35.528+0000] {local_task_job_runner.py:245} INFO - ::endgroup::
[2025-10-29T06:30:53.775+0000] {local_task_job_runner.py:123} INFO - ::group::Pre task execution logs
[2025-10-29T06:30:53.804+0000] {taskinstance.py:2612} INFO - Dependencies all met for dep_context=non-requeueable deps ti=<TaskInstance: Memory_Stress_Test.memory_stress_test scheduled__2025-10-29T05:45:00+00:00 [queued]>
[2025-10-29T06:30:53.817+0000] {taskinstance.py:2612} INFO - Dependencies all met for dep_context=requeueable deps ti=<TaskInstance: Memory_Stress_Test.memory_stress_test scheduled__2025-10-29T05:45:00+00:00 [queued]>
[2025-10-29T06:30:53.818+0000] {taskinstance.py:2865} INFO - Starting attempt 1 of 2
[2025-10-29T06:30:53.844+0000] {taskinstance.py:2888} INFO - Executing <Task(DockerOperator): memory_stress_test> on 2025-10-29 05:45:00+00:00
[2025-10-29T06:30:53.858+0000] {standard_task_runner.py:72} INFO - Started process 3913 to run task
[2025-10-29T06:30:53.869+0000] {standard_task_runner.py:104} INFO - Running: ['***', 'tasks', 'run', 'Memory_Stress_Test', 'memory_stress_test', 'scheduled__2025-10-29T05:45:00+00:00', '--job-id', '11348', '--raw', '--subdir', 'DAGS_FOLDER/dag_factory.py', '--cfg-path', '/tmp/tmpcrev172x']
[2025-10-29T06:30:53.872+0000] {standard_task_runner.py:105} INFO - Job 11348: Subtask memory_stress_test
[2025-10-29T06:30:54.017+0000] {task_command.py:467} INFO - Running <TaskInstance: Memory_Stress_Test.memory_stress_test scheduled__2025-10-29T05:45:00+00:00 [running]> on host workflow.y2twbfvcjkaujnl2bmtbxunhcb.cx.internal.cloudapp.net
[2025-10-29T06:30:54.171+0000] {taskinstance.py:3131} INFO - Exporting env vars: AIRFLOW_CTX_DAG_OWNER='***' AIRFLOW_CTX_DAG_ID='Memory_Stress_Test' AIRFLOW_CTX_TASK_ID='memory_stress_test' AIRFLOW_CTX_EXECUTION_DATE='2025-10-29T05:45:00+00:00' AIRFLOW_CTX_TRY_NUMBER='1' AIRFLOW_CTX_DAG_RUN_ID='scheduled__2025-10-29T05:45:00+00:00'
[2025-10-29T06:30:54.176+0000] {taskinstance.py:731} INFO - ::endgroup::
[2025-10-29T06:30:54.232+0000] {docker.py:367} INFO - Starting docker container from image ***_chaos:latest
[2025-10-29T06:30:54.805+0000] {docker.py:438} INFO - The container is run as root user. For security, consider using a regular user account.
[2025-10-29T06:31:14.623+0000] {docker.py:438} INFO - 
[2025-10-29T06:31:15.638+0000] {docker.py:438} INFO - [32m[2025-10-29 06:31:15 INFO] Validating the experiment's syntax
[2025-10-29T06:31:16.228+0000] {docker.py:438} INFO - [32m[2025-10-29 06:31:16 INFO] Experiment looks valid
[2025-10-29T06:31:16.230+0000] {docker.py:438} INFO - [32m[2025-10-29 06:31:16 INFO] Running experiment: Repeated Gradual Memory Stress Experiment
[2025-10-29T06:31:16.235+0000] {docker.py:438} INFO - [32m[2025-10-29 06:31:16 INFO] Steady-state strategy: default
[2025-10-29T06:31:16.236+0000] {docker.py:438} INFO - [32m[2025-10-29 06:31:16 INFO] Rollbacks strategy: default
[2025-10-29T06:31:16.237+0000] {docker.py:438} INFO - [32m[2025-10-29 06:31:16 INFO] No steady state hypothesis defined. That's ok, just exploring.
[2025-10-29T06:31:16.238+0000] {docker.py:438} INFO - [32m[2025-10-29 06:31:16 INFO] Playing your experiment's method now...
[2025-10-29T06:31:16.239+0000] {docker.py:438} INFO - [32m[2025-10-29 06:31:16 INFO] Action: repeated-gradual-memory-stress
[2025-10-29T06:35:12.699+0000] {docker.py:438} INFO - [32m[2025-10-29 06:35:12 INFO] Let's rollback...
[2025-10-29T06:35:12.700+0000] {docker.py:438} INFO - [32m[2025-10-29 06:35:12 INFO] No declared rollbacks, let's move on.
[2025-10-29T06:35:12.700+0000] {docker.py:438} INFO - [32m[2025-10-29 06:35:12 INFO] Experiment ended with status: completed
[2025-10-29T06:35:12.702+0000] {docker.py:438} INFO - ğŸš€ Starting REPEATED gradual memory stress cycles
[2025-10-29T06:35:12.702+0000] {docker.py:438} INFO - ğŸ”„ Cycle duration: 50s (gradual ramp to OOM)
[2025-10-29T06:35:12.704+0000] {docker.py:438} INFO - â±ï¸  Total experiment: 300s
[2025-10-29T06:35:12.704+0000] {docker.py:438} INFO - ğŸ“ˆ Memory ramp: 50MB â†’ 300MB (+80MB/10s)
[2025-10-29T06:35:12.705+0000] {docker.py:438} INFO - ğŸ¯ Target: app=post-storage-service
[2025-10-29T06:35:12.705+0000] {docker.py:438} INFO - â³ Recovery wait: 15s between cycles
[2025-10-29T06:35:12.705+0000] {docker.py:438} INFO - 
[2025-10-29T06:35:12.706+0000] {docker.py:438} INFO - ğŸ”¥ğŸ”¥ğŸ”¥ğŸ”¥ğŸ”¥ğŸ”¥ğŸ”¥ğŸ”¥ğŸ”¥ğŸ”¥ğŸ”¥ğŸ”¥ğŸ”¥ğŸ”¥ğŸ”¥ğŸ”¥ğŸ”¥ğŸ”¥ğŸ”¥ğŸ”¥ CYCLE #1 ğŸ”¥ğŸ”¥ğŸ”¥ğŸ”¥ğŸ”¥ğŸ”¥ğŸ”¥ğŸ”¥ğŸ”¥ğŸ”¥ğŸ”¥ğŸ”¥ğŸ”¥ğŸ”¥ğŸ”¥ğŸ”¥ğŸ”¥ğŸ”¥ğŸ”¥ğŸ”¥
[2025-10-29T06:35:12.706+0000] {docker.py:438} INFO - â° Remaining experiment time: 300s
[2025-10-29T06:35:12.709+0000] {docker.py:438} INFO - ğŸ“ˆ Starting gradual ramp: 50MB â†’ 300MB
[2025-10-29T06:35:12.709+0000] {docker.py:438} INFO -   ğŸ“Š Step 1: 50MB
[2025-10-29T06:35:12.709+0000] {docker.py:438} INFO -     âœ… Applied 50MB stress
[2025-10-29T06:35:12.710+0000] {docker.py:438} INFO -   ğŸ“Š Step 2: 130MB
[2025-10-29T06:35:12.710+0000] {docker.py:438} INFO -     âœ… Applied 130MB stress
[2025-10-29T06:35:12.711+0000] {docker.py:438} INFO -   ğŸ“Š Step 3: 210MB
[2025-10-29T06:35:12.711+0000] {docker.py:438} INFO -     âœ… Applied 210MB stress
[2025-10-29T06:35:12.711+0000] {docker.py:438} INFO -   ğŸ“Š Step 4: 290MB
[2025-10-29T06:35:12.712+0000] {docker.py:438} INFO -     âœ… Applied 290MB stress
[2025-10-29T06:35:12.712+0000] {docker.py:438} INFO -     ğŸ”¥ High memory pressure - OOM likely!
[2025-10-29T06:35:12.712+0000] {docker.py:438} INFO -   ğŸ’¥ Maintaining 370MB for OOM trigger...
[2025-10-29T06:35:12.713+0000] {docker.py:438} INFO - ğŸ’¥ OOM Event #1 triggered!
[2025-10-29T06:35:12.713+0000] {docker.py:438} INFO - âœ… Cycle #1 completed in 64s
[2025-10-29T06:35:12.715+0000] {docker.py:438} INFO - â³ Waiting 15s for pod recovery...
[2025-10-29T06:35:12.715+0000] {docker.py:438} INFO - 
[2025-10-29T06:35:12.715+0000] {docker.py:438} INFO - ğŸ”¥ğŸ”¥ğŸ”¥ğŸ”¥ğŸ”¥ğŸ”¥ğŸ”¥ğŸ”¥ğŸ”¥ğŸ”¥ğŸ”¥ğŸ”¥ğŸ”¥ğŸ”¥ğŸ”¥ğŸ”¥ğŸ”¥ğŸ”¥ğŸ”¥ğŸ”¥ CYCLE #2 ğŸ”¥ğŸ”¥ğŸ”¥ğŸ”¥ğŸ”¥ğŸ”¥ğŸ”¥ğŸ”¥ğŸ”¥ğŸ”¥ğŸ”¥ğŸ”¥ğŸ”¥ğŸ”¥ğŸ”¥ğŸ”¥ğŸ”¥ğŸ”¥ğŸ”¥ğŸ”¥
[2025-10-29T06:35:12.716+0000] {docker.py:438} INFO - â° Remaining experiment time: 221s
[2025-10-29T06:35:12.716+0000] {docker.py:438} INFO - ğŸ“ˆ Starting gradual ramp: 50MB â†’ 300MB
[2025-10-29T06:35:12.718+0000] {docker.py:438} INFO -   ğŸ“Š Step 1: 50MB
[2025-10-29T06:35:12.718+0000] {docker.py:438} INFO -     âœ… Applied 50MB stress
[2025-10-29T06:35:12.718+0000] {docker.py:438} INFO -   ğŸ“Š Step 2: 130MB
[2025-10-29T06:35:12.719+0000] {docker.py:438} INFO -     âœ… Applied 130MB stress
[2025-10-29T06:35:12.719+0000] {docker.py:438} INFO -   ğŸ“Š Step 3: 210MB
[2025-10-29T06:35:12.720+0000] {docker.py:438} INFO -     âœ… Applied 210MB stress
[2025-10-29T06:35:12.720+0000] {docker.py:438} INFO -   ğŸ“Š Step 4: 290MB
[2025-10-29T06:35:12.720+0000] {docker.py:438} INFO -     âœ… Applied 290MB stress
[2025-10-29T06:35:12.722+0000] {docker.py:438} INFO -     ğŸ”¥ High memory pressure - OOM likely!
[2025-10-29T06:35:12.722+0000] {docker.py:438} INFO -   ğŸ’¥ Maintaining 370MB for OOM trigger...
[2025-10-29T06:35:12.723+0000] {docker.py:438} INFO - ğŸ’¥ OOM Event #2 triggered!
[2025-10-29T06:35:12.723+0000] {docker.py:438} INFO - âœ… Cycle #2 completed in 64s
[2025-10-29T06:35:12.723+0000] {docker.py:438} INFO - â³ Waiting 15s for pod recovery...
[2025-10-29T06:35:12.725+0000] {docker.py:438} INFO - 
[2025-10-29T06:35:12.725+0000] {docker.py:438} INFO - ğŸ”¥ğŸ”¥ğŸ”¥ğŸ”¥ğŸ”¥ğŸ”¥ğŸ”¥ğŸ”¥ğŸ”¥ğŸ”¥ğŸ”¥ğŸ”¥ğŸ”¥ğŸ”¥ğŸ”¥ğŸ”¥ğŸ”¥ğŸ”¥ğŸ”¥ğŸ”¥ CYCLE #3 ğŸ”¥ğŸ”¥ğŸ”¥ğŸ”¥ğŸ”¥ğŸ”¥ğŸ”¥ğŸ”¥ğŸ”¥ğŸ”¥ğŸ”¥ğŸ”¥ğŸ”¥ğŸ”¥ğŸ”¥ğŸ”¥ğŸ”¥ğŸ”¥ğŸ”¥ğŸ”¥
[2025-10-29T06:35:12.725+0000] {docker.py:438} INFO - â° Remaining experiment time: 142s
[2025-10-29T06:35:12.726+0000] {docker.py:438} INFO - ğŸ“ˆ Starting gradual ramp: 50MB â†’ 300MB
[2025-10-29T06:35:12.726+0000] {docker.py:438} INFO -   ğŸ“Š Step 1: 50MB
[2025-10-29T06:35:12.728+0000] {docker.py:438} INFO -     âœ… Applied 50MB stress
[2025-10-29T06:35:12.728+0000] {docker.py:438} INFO -   ğŸ“Š Step 2: 130MB
[2025-10-29T06:35:12.728+0000] {docker.py:438} INFO -     âœ… Applied 130MB stress
[2025-10-29T06:35:12.729+0000] {docker.py:438} INFO -   ğŸ“Š Step 3: 210MB
[2025-10-29T06:35:12.729+0000] {docker.py:438} INFO -     âœ… Applied 210MB stress
[2025-10-29T06:35:12.730+0000] {docker.py:438} INFO -   ğŸ“Š Step 4: 290MB
[2025-10-29T06:35:12.730+0000] {docker.py:438} INFO -     âœ… Applied 290MB stress
[2025-10-29T06:35:12.732+0000] {docker.py:438} INFO -     ğŸ”¥ High memory pressure - OOM likely!
[2025-10-29T06:35:12.732+0000] {docker.py:438} INFO -   ğŸ’¥ Maintaining 370MB for OOM trigger...
[2025-10-29T06:35:12.732+0000] {docker.py:438} INFO - ğŸ’¥ OOM Event #3 triggered!
[2025-10-29T06:35:12.733+0000] {docker.py:438} INFO - âœ… Cycle #3 completed in 64s
[2025-10-29T06:35:12.733+0000] {docker.py:438} INFO - â³ Waiting 15s for pod recovery...
[2025-10-29T06:35:12.733+0000] {docker.py:438} INFO - 
[2025-10-29T06:35:12.736+0000] {docker.py:438} INFO - ğŸ”¥ğŸ”¥ğŸ”¥ğŸ”¥ğŸ”¥ğŸ”¥ğŸ”¥ğŸ”¥ğŸ”¥ğŸ”¥ğŸ”¥ğŸ”¥ğŸ”¥ğŸ”¥ğŸ”¥ğŸ”¥ğŸ”¥ğŸ”¥ğŸ”¥ğŸ”¥ CYCLE #4 ğŸ”¥ğŸ”¥ğŸ”¥ğŸ”¥ğŸ”¥ğŸ”¥ğŸ”¥ğŸ”¥ğŸ”¥ğŸ”¥ğŸ”¥ğŸ”¥ğŸ”¥ğŸ”¥ğŸ”¥ğŸ”¥ğŸ”¥ğŸ”¥ğŸ”¥ğŸ”¥
[2025-10-29T06:35:12.736+0000] {docker.py:438} INFO - â° Remaining experiment time: 64s
[2025-10-29T06:35:12.737+0000] {docker.py:438} INFO - âš ï¸ Not enough time for full cycle, stopping experiment
[2025-10-29T06:35:12.737+0000] {docker.py:438} INFO - 
[2025-10-29T06:35:12.737+0000] {docker.py:438} INFO - ============================================================
[2025-10-29T06:35:12.738+0000] {docker.py:438} INFO - ğŸ REPEATED GRADUAL MEMORY STRESS COMPLETED!
[2025-10-29T06:35:12.738+0000] {docker.py:438} INFO - ============================================================
[2025-10-29T06:35:12.739+0000] {docker.py:438} INFO - ğŸ”„ Total cycles performed: 4
[2025-10-29T06:35:12.739+0000] {docker.py:438} INFO - ğŸ’¥ Total OOM events: 3
[2025-10-29T06:35:12.739+0000] {docker.py:438} INFO - â±ï¸  Total experiment time: 236s
[2025-10-29T06:35:12.740+0000] {docker.py:438} INFO - ğŸ“Š Average cycle time: 59s
[2025-10-29T06:35:12.915+0000] {docker.py:438} INFO - [INFO] Memory stress test completed
[2025-10-29T06:35:23.310+0000] {taskinstance.py:340} INFO - ::group::Post task execution logs
[2025-10-29T06:35:23.311+0000] {taskinstance.py:352} INFO - Marking task as SUCCESS. dag_id=Memory_Stress_Test, task_id=memory_stress_test, run_id=scheduled__2025-10-29T05:45:00+00:00, execution_date=20251029T054500, start_date=20251029T063053, end_date=20251029T063523
[2025-10-29T06:35:23.380+0000] {local_task_job_runner.py:266} INFO - Task exited with return code 0
[2025-10-29T06:35:23.409+0000] {taskinstance.py:3900} INFO - 0 downstream tasks scheduled from follow-on schedule check
[2025-10-29T06:35:23.415+0000] {local_task_job_runner.py:245} INFO - ::endgroup::
