[2025-10-06T05:54:47.725+0000] {local_task_job_runner.py:123} INFO - ::group::Pre task execution logs
[2025-10-06T05:54:47.755+0000] {taskinstance.py:2612} INFO - Dependencies all met for dep_context=non-requeueable deps ti=<TaskInstance: Memory_Stress_Test.memory_stress_test scheduled__2025-01-20T00:00:00+00:00 [queued]>
[2025-10-06T05:54:47.770+0000] {taskinstance.py:2612} INFO - Dependencies all met for dep_context=requeueable deps ti=<TaskInstance: Memory_Stress_Test.memory_stress_test scheduled__2025-01-20T00:00:00+00:00 [queued]>
[2025-10-06T05:54:47.771+0000] {taskinstance.py:2865} INFO - Starting attempt 1 of 2
[2025-10-06T05:54:47.797+0000] {taskinstance.py:2888} INFO - Executing <Task(DockerOperator): memory_stress_test> on 2025-01-20 00:00:00+00:00
[2025-10-06T05:54:47.810+0000] {standard_task_runner.py:72} INFO - Started process 1178 to run task
[2025-10-06T05:54:47.824+0000] {standard_task_runner.py:104} INFO - Running: ['***', 'tasks', 'run', 'Memory_Stress_Test', 'memory_stress_test', 'scheduled__2025-01-20T00:00:00+00:00', '--job-id', '394', '--raw', '--subdir', 'DAGS_FOLDER/dag_factory.py', '--cfg-path', '/tmp/tmp_f8k5a0d']
[2025-10-06T05:54:47.828+0000] {standard_task_runner.py:105} INFO - Job 394: Subtask memory_stress_test
[2025-10-06T05:54:47.946+0000] {task_command.py:467} INFO - Running <TaskInstance: Memory_Stress_Test.memory_stress_test scheduled__2025-01-20T00:00:00+00:00 [running]> on host workflow.y2twbfvcjkaujnl2bmtbxunhcb.cx.internal.cloudapp.net
[2025-10-06T05:54:48.072+0000] {taskinstance.py:3131} INFO - Exporting env vars: AIRFLOW_CTX_DAG_OWNER='***' AIRFLOW_CTX_DAG_ID='Memory_Stress_Test' AIRFLOW_CTX_TASK_ID='memory_stress_test' AIRFLOW_CTX_EXECUTION_DATE='2025-01-20T00:00:00+00:00' AIRFLOW_CTX_TRY_NUMBER='1' AIRFLOW_CTX_DAG_RUN_ID='scheduled__2025-01-20T00:00:00+00:00'
[2025-10-06T05:54:48.073+0000] {taskinstance.py:731} INFO - ::endgroup::
[2025-10-06T05:54:48.125+0000] {docker.py:367} INFO - Starting docker container from image ***_chaos:latest
[2025-10-06T05:54:48.763+0000] {docker.py:438} INFO - The container is run as root user. For security, consider using a regular user account.
[2025-10-06T05:54:59.260+0000] {docker.py:438} INFO - 
[2025-10-06T05:54:59.817+0000] {docker.py:438} INFO - [32m[2025-10-06 05:54:59 INFO] Validating the experiment's syntax
[2025-10-06T05:55:00.149+0000] {docker.py:438} INFO - [32m[2025-10-06 05:55:00 INFO] Experiment looks valid
[2025-10-06T05:55:00.150+0000] {docker.py:438} INFO - [32m[2025-10-06 05:55:00 INFO] Running experiment: Memory Stress Test - Database Pod with Timed Rollback
[2025-10-06T05:55:00.152+0000] {docker.py:438} INFO - [32m[2025-10-06 05:55:00 INFO] Steady-state strategy: default
[2025-10-06T05:55:00.154+0000] {docker.py:438} INFO - [32m[2025-10-06 05:55:00 INFO] Rollbacks strategy: default
[2025-10-06T05:55:00.155+0000] {docker.py:438} INFO - [32m[2025-10-06 05:55:00 INFO] No steady state hypothesis defined. That's ok, just exploring.
[2025-10-06T05:55:00.155+0000] {docker.py:438} INFO - [32m[2025-10-06 05:55:00 INFO] Playing your experiment's method now...
[2025-10-06T05:55:00.156+0000] {docker.py:438} INFO - [32m[2025-10-06 05:55:00 INFO] Action: apply-cart-memory-stress
[2025-10-06T05:55:00.592+0000] {docker.py:438} INFO - [32m[2025-10-06 05:55:00 INFO] Probe: wait-for-memory-stress-duration
[2025-10-06T06:00:05.601+0000] {docker.py:438} INFO - [32m[2025-10-06 06:00:05 INFO] Let's rollback...
[2025-10-06T06:00:05.604+0000] {docker.py:438} INFO - [32m[2025-10-06 06:00:05 INFO] Rollback: cleanup-database-memory-stress
[2025-10-06T06:00:05.605+0000] {docker.py:438} INFO - [32m[2025-10-06 06:00:05 INFO] Action: cleanup-database-memory-stress
[2025-10-06T06:00:05.928+0000] {docker.py:438} INFO - [32m[2025-10-06 06:00:05 INFO] Experiment ended with status: completed
[2025-10-06T06:00:06.176+0000] {docker.py:438} INFO - [INFO] Memory stress test completed
[2025-10-06T06:00:16.834+0000] {taskinstance.py:340} INFO - ::group::Post task execution logs
[2025-10-06T06:00:16.835+0000] {taskinstance.py:352} INFO - Marking task as SUCCESS. dag_id=Memory_Stress_Test, task_id=memory_stress_test, run_id=scheduled__2025-01-20T00:00:00+00:00, execution_date=20250120T000000, start_date=20251006T055447, end_date=20251006T060016
[2025-10-06T06:00:16.899+0000] {local_task_job_runner.py:266} INFO - Task exited with return code 0
[2025-10-06T06:00:16.929+0000] {taskinstance.py:3900} INFO - 0 downstream tasks scheduled from follow-on schedule check
[2025-10-06T06:00:16.934+0000] {local_task_job_runner.py:245} INFO - ::endgroup::
[2025-10-07T14:50:24.461+0000] {local_task_job_runner.py:123} INFO - ::group::Pre task execution logs
[2025-10-07T14:50:24.482+0000] {taskinstance.py:2612} INFO - Dependencies all met for dep_context=non-requeueable deps ti=<TaskInstance: Memory_Stress_Test.memory_stress_test scheduled__2025-01-20T00:00:00+00:00 [queued]>
[2025-10-07T14:50:24.491+0000] {taskinstance.py:2612} INFO - Dependencies all met for dep_context=requeueable deps ti=<TaskInstance: Memory_Stress_Test.memory_stress_test scheduled__2025-01-20T00:00:00+00:00 [queued]>
[2025-10-07T14:50:24.491+0000] {taskinstance.py:2865} INFO - Starting attempt 1 of 2
[2025-10-07T14:50:24.511+0000] {taskinstance.py:2888} INFO - Executing <Task(DockerOperator): memory_stress_test> on 2025-01-20 00:00:00+00:00
[2025-10-07T14:50:24.518+0000] {standard_task_runner.py:72} INFO - Started process 1544 to run task
[2025-10-07T14:50:24.522+0000] {standard_task_runner.py:104} INFO - Running: ['***', 'tasks', 'run', 'Memory_Stress_Test', 'memory_stress_test', 'scheduled__2025-01-20T00:00:00+00:00', '--job-id', '516', '--raw', '--subdir', 'DAGS_FOLDER/dag_factory.py', '--cfg-path', '/tmp/tmp616momd4']
[2025-10-07T14:50:24.523+0000] {standard_task_runner.py:105} INFO - Job 516: Subtask memory_stress_test
[2025-10-07T14:50:24.567+0000] {task_command.py:467} INFO - Running <TaskInstance: Memory_Stress_Test.memory_stress_test scheduled__2025-01-20T00:00:00+00:00 [running]> on host workflow.y2twbfvcjkaujnl2bmtbxunhcb.cx.internal.cloudapp.net
[2025-10-07T14:50:24.668+0000] {taskinstance.py:3131} INFO - Exporting env vars: AIRFLOW_CTX_DAG_OWNER='***' AIRFLOW_CTX_DAG_ID='Memory_Stress_Test' AIRFLOW_CTX_TASK_ID='memory_stress_test' AIRFLOW_CTX_EXECUTION_DATE='2025-01-20T00:00:00+00:00' AIRFLOW_CTX_TRY_NUMBER='1' AIRFLOW_CTX_DAG_RUN_ID='scheduled__2025-01-20T00:00:00+00:00'
[2025-10-07T14:50:24.671+0000] {taskinstance.py:731} INFO - ::endgroup::
[2025-10-07T14:50:24.726+0000] {docker.py:367} INFO - Starting docker container from image ***_chaos:latest
[2025-10-07T14:50:25.052+0000] {docker.py:438} INFO - The container is run as root user. For security, consider using a regular user account.
[2025-10-07T14:50:33.721+0000] {docker.py:438} INFO - 
[2025-10-07T14:50:34.391+0000] {docker.py:438} INFO - [32m[2025-10-07 14:50:34 INFO] Validating the experiment's syntax
[2025-10-07T14:50:34.392+0000] {docker.py:438} INFO - [31m[2025-10-07 14:50:34 ERROR] could not find Python module 'memory-stress' in activity 'continuous-memory-stress'
[2025-10-07T14:50:34.757+0000] {taskinstance.py:3310} ERROR - Task failed with exception
Traceback (most recent call last):
  File "/home/airflow/.local/lib/python3.11/site-packages/airflow/models/taskinstance.py", line 767, in _execute_task
    result = _execute_callable(context=context, **execute_callable_kwargs)
             ^^^^^^^^^^^^^^^^^^^^^^^^^^^^^^^^^^^^^^^^^^^^^^^^^^^^^^^^^^^^^
  File "/home/airflow/.local/lib/python3.11/site-packages/airflow/models/taskinstance.py", line 733, in _execute_callable
    return ExecutionCallableRunner(
           ^^^^^^^^^^^^^^^^^^^^^^^^
  File "/home/airflow/.local/lib/python3.11/site-packages/airflow/utils/operator_helpers.py", line 252, in run
    return self.func(*args, **kwargs)
           ^^^^^^^^^^^^^^^^^^^^^^^^^^
  File "/home/airflow/.local/lib/python3.11/site-packages/airflow/models/baseoperator.py", line 406, in wrapper
    return func(self, *args, **kwargs)
           ^^^^^^^^^^^^^^^^^^^^^^^^^^^
  File "/home/airflow/.local/lib/python3.11/site-packages/airflow/providers/docker/operators/docker.py", line 513, in execute
    return self._run_image()
           ^^^^^^^^^^^^^^^^^
  File "/home/airflow/.local/lib/python3.11/site-packages/airflow/providers/docker/operators/docker.py", line 384, in _run_image
    return self._run_image_with_mounts(self.mounts, add_tmp_variable=False)
           ^^^^^^^^^^^^^^^^^^^^^^^^^^^^^^^^^^^^^^^^^^^^^^^^^^^^^^^^^^^^^^^^
  File "/home/airflow/.local/lib/python3.11/site-packages/airflow/providers/docker/operators/docker.py", line 446, in _run_image_with_mounts
    raise DockerContainerFailedException(f"Docker container failed: {result!r}", logs=log_lines)
airflow.providers.docker.exceptions.DockerContainerFailedException: Docker container failed: {'StatusCode': 1}
[2025-10-07T14:50:34.764+0000] {taskinstance.py:1225} INFO - Marking task as UP_FOR_RETRY. dag_id=Memory_Stress_Test, task_id=memory_stress_test, run_id=scheduled__2025-01-20T00:00:00+00:00, execution_date=20250120T000000, start_date=20251007T145024, end_date=20251007T145034
[2025-10-07T14:50:34.781+0000] {taskinstance.py:340} INFO - ::group::Post task execution logs
[2025-10-07T14:50:34.781+0000] {standard_task_runner.py:124} ERROR - Failed to execute job 516 for task memory_stress_test (Docker container failed: {'StatusCode': 1}; 1544)
Traceback (most recent call last):
  File "/home/airflow/.local/lib/python3.11/site-packages/airflow/task/task_runner/standard_task_runner.py", line 117, in _start_by_fork
    ret = args.func(args, dag=self.dag)
          ^^^^^^^^^^^^^^^^^^^^^^^^^^^^^
  File "/home/airflow/.local/lib/python3.11/site-packages/airflow/cli/cli_config.py", line 49, in command
    return func(*args, **kwargs)
           ^^^^^^^^^^^^^^^^^^^^^
  File "/home/airflow/.local/lib/python3.11/site-packages/airflow/utils/cli.py", line 115, in wrapper
    return f(*args, **kwargs)
           ^^^^^^^^^^^^^^^^^^
  File "/home/airflow/.local/lib/python3.11/site-packages/airflow/cli/commands/task_command.py", line 483, in task_run
    task_return_code = _run_task_by_selected_method(args, _dag, ti)
                       ^^^^^^^^^^^^^^^^^^^^^^^^^^^^^^^^^^^^^^^^^^^^
  File "/home/airflow/.local/lib/python3.11/site-packages/airflow/cli/commands/task_command.py", line 256, in _run_task_by_selected_method
    return _run_raw_task(args, ti)
           ^^^^^^^^^^^^^^^^^^^^^^^
  File "/home/airflow/.local/lib/python3.11/site-packages/airflow/cli/commands/task_command.py", line 341, in _run_raw_task
    return ti._run_raw_task(
           ^^^^^^^^^^^^^^^^^
  File "/home/airflow/.local/lib/python3.11/site-packages/airflow/utils/session.py", line 97, in wrapper
    return func(*args, session=session, **kwargs)
           ^^^^^^^^^^^^^^^^^^^^^^^^^^^^^^^^^^^^^^
  File "/home/airflow/.local/lib/python3.11/site-packages/airflow/models/taskinstance.py", line 3004, in _run_raw_task
    return _run_raw_task(
           ^^^^^^^^^^^^^^
  File "/home/airflow/.local/lib/python3.11/site-packages/airflow/models/taskinstance.py", line 273, in _run_raw_task
    TaskInstance._execute_task_with_callbacks(
  File "/home/airflow/.local/lib/python3.11/site-packages/airflow/models/taskinstance.py", line 3158, in _execute_task_with_callbacks
    result = self._execute_task(context, task_orig)
             ^^^^^^^^^^^^^^^^^^^^^^^^^^^^^^^^^^^^^^
  File "/home/airflow/.local/lib/python3.11/site-packages/airflow/models/taskinstance.py", line 3182, in _execute_task
    return _execute_task(self, context, task_orig)
           ^^^^^^^^^^^^^^^^^^^^^^^^^^^^^^^^^^^^^^^
  File "/home/airflow/.local/lib/python3.11/site-packages/airflow/models/taskinstance.py", line 767, in _execute_task
    result = _execute_callable(context=context, **execute_callable_kwargs)
             ^^^^^^^^^^^^^^^^^^^^^^^^^^^^^^^^^^^^^^^^^^^^^^^^^^^^^^^^^^^^^
  File "/home/airflow/.local/lib/python3.11/site-packages/airflow/models/taskinstance.py", line 733, in _execute_callable
    return ExecutionCallableRunner(
           ^^^^^^^^^^^^^^^^^^^^^^^^
  File "/home/airflow/.local/lib/python3.11/site-packages/airflow/utils/operator_helpers.py", line 252, in run
    return self.func(*args, **kwargs)
           ^^^^^^^^^^^^^^^^^^^^^^^^^^
  File "/home/airflow/.local/lib/python3.11/site-packages/airflow/models/baseoperator.py", line 406, in wrapper
    return func(self, *args, **kwargs)
           ^^^^^^^^^^^^^^^^^^^^^^^^^^^
  File "/home/airflow/.local/lib/python3.11/site-packages/airflow/providers/docker/operators/docker.py", line 513, in execute
    return self._run_image()
           ^^^^^^^^^^^^^^^^^
  File "/home/airflow/.local/lib/python3.11/site-packages/airflow/providers/docker/operators/docker.py", line 384, in _run_image
    return self._run_image_with_mounts(self.mounts, add_tmp_variable=False)
           ^^^^^^^^^^^^^^^^^^^^^^^^^^^^^^^^^^^^^^^^^^^^^^^^^^^^^^^^^^^^^^^^
  File "/home/airflow/.local/lib/python3.11/site-packages/airflow/providers/docker/operators/docker.py", line 446, in _run_image_with_mounts
    raise DockerContainerFailedException(f"Docker container failed: {result!r}", logs=log_lines)
airflow.providers.docker.exceptions.DockerContainerFailedException: Docker container failed: {'StatusCode': 1}
[2025-10-07T14:50:34.810+0000] {local_task_job_runner.py:266} INFO - Task exited with return code 1
[2025-10-07T14:50:34.824+0000] {taskinstance.py:3900} INFO - 0 downstream tasks scheduled from follow-on schedule check
[2025-10-07T14:50:34.826+0000] {local_task_job_runner.py:245} INFO - ::endgroup::
[2025-10-07T14:54:25.704+0000] {local_task_job_runner.py:123} INFO - ::group::Pre task execution logs
[2025-10-07T14:54:25.724+0000] {taskinstance.py:2612} INFO - Dependencies all met for dep_context=non-requeueable deps ti=<TaskInstance: Memory_Stress_Test.memory_stress_test scheduled__2025-01-20T00:00:00+00:00 [queued]>
[2025-10-07T14:54:25.736+0000] {taskinstance.py:2612} INFO - Dependencies all met for dep_context=requeueable deps ti=<TaskInstance: Memory_Stress_Test.memory_stress_test scheduled__2025-01-20T00:00:00+00:00 [queued]>
[2025-10-07T14:54:25.736+0000] {taskinstance.py:2865} INFO - Starting attempt 1 of 2
[2025-10-07T14:54:25.756+0000] {taskinstance.py:2888} INFO - Executing <Task(DockerOperator): memory_stress_test> on 2025-01-20 00:00:00+00:00
[2025-10-07T14:54:25.769+0000] {standard_task_runner.py:72} INFO - Started process 1553 to run task
[2025-10-07T14:54:25.778+0000] {standard_task_runner.py:104} INFO - Running: ['***', 'tasks', 'run', 'Memory_Stress_Test', 'memory_stress_test', 'scheduled__2025-01-20T00:00:00+00:00', '--job-id', '519', '--raw', '--subdir', 'DAGS_FOLDER/dag_factory.py', '--cfg-path', '/tmp/tmpv_o0k3pf']
[2025-10-07T14:54:25.780+0000] {standard_task_runner.py:105} INFO - Job 519: Subtask memory_stress_test
[2025-10-07T14:54:25.835+0000] {task_command.py:467} INFO - Running <TaskInstance: Memory_Stress_Test.memory_stress_test scheduled__2025-01-20T00:00:00+00:00 [running]> on host workflow.y2twbfvcjkaujnl2bmtbxunhcb.cx.internal.cloudapp.net
[2025-10-07T14:54:25.917+0000] {taskinstance.py:3131} INFO - Exporting env vars: AIRFLOW_CTX_DAG_OWNER='***' AIRFLOW_CTX_DAG_ID='Memory_Stress_Test' AIRFLOW_CTX_TASK_ID='memory_stress_test' AIRFLOW_CTX_EXECUTION_DATE='2025-01-20T00:00:00+00:00' AIRFLOW_CTX_TRY_NUMBER='1' AIRFLOW_CTX_DAG_RUN_ID='scheduled__2025-01-20T00:00:00+00:00'
[2025-10-07T14:54:25.918+0000] {taskinstance.py:731} INFO - ::endgroup::
[2025-10-07T14:54:25.964+0000] {docker.py:367} INFO - Starting docker container from image ***_chaos:latest
[2025-10-07T14:54:26.304+0000] {docker.py:438} INFO - The container is run as root user. For security, consider using a regular user account.
[2025-10-07T14:54:35.102+0000] {docker.py:438} INFO - 
[2025-10-07T14:54:35.845+0000] {docker.py:438} INFO - [32m[2025-10-07 14:54:35 INFO] Validating the experiment's syntax
[2025-10-07T14:54:35.845+0000] {docker.py:438} INFO - [31m[2025-10-07 14:54:35 ERROR] could not find Python module 'memory-stress' in activity 'continuous-memory-stress'
[2025-10-07T14:54:36.155+0000] {taskinstance.py:3310} ERROR - Task failed with exception
Traceback (most recent call last):
  File "/home/airflow/.local/lib/python3.11/site-packages/airflow/models/taskinstance.py", line 767, in _execute_task
    result = _execute_callable(context=context, **execute_callable_kwargs)
             ^^^^^^^^^^^^^^^^^^^^^^^^^^^^^^^^^^^^^^^^^^^^^^^^^^^^^^^^^^^^^
  File "/home/airflow/.local/lib/python3.11/site-packages/airflow/models/taskinstance.py", line 733, in _execute_callable
    return ExecutionCallableRunner(
           ^^^^^^^^^^^^^^^^^^^^^^^^
  File "/home/airflow/.local/lib/python3.11/site-packages/airflow/utils/operator_helpers.py", line 252, in run
    return self.func(*args, **kwargs)
           ^^^^^^^^^^^^^^^^^^^^^^^^^^
  File "/home/airflow/.local/lib/python3.11/site-packages/airflow/models/baseoperator.py", line 406, in wrapper
    return func(self, *args, **kwargs)
           ^^^^^^^^^^^^^^^^^^^^^^^^^^^
  File "/home/airflow/.local/lib/python3.11/site-packages/airflow/providers/docker/operators/docker.py", line 513, in execute
    return self._run_image()
           ^^^^^^^^^^^^^^^^^
  File "/home/airflow/.local/lib/python3.11/site-packages/airflow/providers/docker/operators/docker.py", line 384, in _run_image
    return self._run_image_with_mounts(self.mounts, add_tmp_variable=False)
           ^^^^^^^^^^^^^^^^^^^^^^^^^^^^^^^^^^^^^^^^^^^^^^^^^^^^^^^^^^^^^^^^
  File "/home/airflow/.local/lib/python3.11/site-packages/airflow/providers/docker/operators/docker.py", line 446, in _run_image_with_mounts
    raise DockerContainerFailedException(f"Docker container failed: {result!r}", logs=log_lines)
airflow.providers.docker.exceptions.DockerContainerFailedException: Docker container failed: {'StatusCode': 1}
[2025-10-07T14:54:36.165+0000] {taskinstance.py:1225} INFO - Marking task as UP_FOR_RETRY. dag_id=Memory_Stress_Test, task_id=memory_stress_test, run_id=scheduled__2025-01-20T00:00:00+00:00, execution_date=20250120T000000, start_date=20251007T145425, end_date=20251007T145436
[2025-10-07T14:54:36.185+0000] {taskinstance.py:340} INFO - ::group::Post task execution logs
[2025-10-07T14:54:36.185+0000] {standard_task_runner.py:124} ERROR - Failed to execute job 519 for task memory_stress_test (Docker container failed: {'StatusCode': 1}; 1553)
Traceback (most recent call last):
  File "/home/airflow/.local/lib/python3.11/site-packages/airflow/task/task_runner/standard_task_runner.py", line 117, in _start_by_fork
    ret = args.func(args, dag=self.dag)
          ^^^^^^^^^^^^^^^^^^^^^^^^^^^^^
  File "/home/airflow/.local/lib/python3.11/site-packages/airflow/cli/cli_config.py", line 49, in command
    return func(*args, **kwargs)
           ^^^^^^^^^^^^^^^^^^^^^
  File "/home/airflow/.local/lib/python3.11/site-packages/airflow/utils/cli.py", line 115, in wrapper
    return f(*args, **kwargs)
           ^^^^^^^^^^^^^^^^^^
  File "/home/airflow/.local/lib/python3.11/site-packages/airflow/cli/commands/task_command.py", line 483, in task_run
    task_return_code = _run_task_by_selected_method(args, _dag, ti)
                       ^^^^^^^^^^^^^^^^^^^^^^^^^^^^^^^^^^^^^^^^^^^^
  File "/home/airflow/.local/lib/python3.11/site-packages/airflow/cli/commands/task_command.py", line 256, in _run_task_by_selected_method
    return _run_raw_task(args, ti)
           ^^^^^^^^^^^^^^^^^^^^^^^
  File "/home/airflow/.local/lib/python3.11/site-packages/airflow/cli/commands/task_command.py", line 341, in _run_raw_task
    return ti._run_raw_task(
           ^^^^^^^^^^^^^^^^^
  File "/home/airflow/.local/lib/python3.11/site-packages/airflow/utils/session.py", line 97, in wrapper
    return func(*args, session=session, **kwargs)
           ^^^^^^^^^^^^^^^^^^^^^^^^^^^^^^^^^^^^^^
  File "/home/airflow/.local/lib/python3.11/site-packages/airflow/models/taskinstance.py", line 3004, in _run_raw_task
    return _run_raw_task(
           ^^^^^^^^^^^^^^
  File "/home/airflow/.local/lib/python3.11/site-packages/airflow/models/taskinstance.py", line 273, in _run_raw_task
    TaskInstance._execute_task_with_callbacks(
  File "/home/airflow/.local/lib/python3.11/site-packages/airflow/models/taskinstance.py", line 3158, in _execute_task_with_callbacks
    result = self._execute_task(context, task_orig)
             ^^^^^^^^^^^^^^^^^^^^^^^^^^^^^^^^^^^^^^
  File "/home/airflow/.local/lib/python3.11/site-packages/airflow/models/taskinstance.py", line 3182, in _execute_task
    return _execute_task(self, context, task_orig)
           ^^^^^^^^^^^^^^^^^^^^^^^^^^^^^^^^^^^^^^^
  File "/home/airflow/.local/lib/python3.11/site-packages/airflow/models/taskinstance.py", line 767, in _execute_task
    result = _execute_callable(context=context, **execute_callable_kwargs)
             ^^^^^^^^^^^^^^^^^^^^^^^^^^^^^^^^^^^^^^^^^^^^^^^^^^^^^^^^^^^^^
  File "/home/airflow/.local/lib/python3.11/site-packages/airflow/models/taskinstance.py", line 733, in _execute_callable
    return ExecutionCallableRunner(
           ^^^^^^^^^^^^^^^^^^^^^^^^
  File "/home/airflow/.local/lib/python3.11/site-packages/airflow/utils/operator_helpers.py", line 252, in run
    return self.func(*args, **kwargs)
           ^^^^^^^^^^^^^^^^^^^^^^^^^^
  File "/home/airflow/.local/lib/python3.11/site-packages/airflow/models/baseoperator.py", line 406, in wrapper
    return func(self, *args, **kwargs)
           ^^^^^^^^^^^^^^^^^^^^^^^^^^^
  File "/home/airflow/.local/lib/python3.11/site-packages/airflow/providers/docker/operators/docker.py", line 513, in execute
    return self._run_image()
           ^^^^^^^^^^^^^^^^^
  File "/home/airflow/.local/lib/python3.11/site-packages/airflow/providers/docker/operators/docker.py", line 384, in _run_image
    return self._run_image_with_mounts(self.mounts, add_tmp_variable=False)
           ^^^^^^^^^^^^^^^^^^^^^^^^^^^^^^^^^^^^^^^^^^^^^^^^^^^^^^^^^^^^^^^^
  File "/home/airflow/.local/lib/python3.11/site-packages/airflow/providers/docker/operators/docker.py", line 446, in _run_image_with_mounts
    raise DockerContainerFailedException(f"Docker container failed: {result!r}", logs=log_lines)
airflow.providers.docker.exceptions.DockerContainerFailedException: Docker container failed: {'StatusCode': 1}
[2025-10-07T14:54:36.203+0000] {local_task_job_runner.py:266} INFO - Task exited with return code 1
[2025-10-07T14:54:36.217+0000] {taskinstance.py:3900} INFO - 0 downstream tasks scheduled from follow-on schedule check
[2025-10-07T14:54:36.219+0000] {local_task_job_runner.py:245} INFO - ::endgroup::
[2025-10-09T06:43:43.577+0000] {local_task_job_runner.py:123} INFO - ::group::Pre task execution logs
[2025-10-09T06:43:43.595+0000] {taskinstance.py:2612} INFO - Dependencies all met for dep_context=non-requeueable deps ti=<TaskInstance: Memory_Stress_Test.memory_stress_test scheduled__2025-01-20T00:00:00+00:00 [queued]>
[2025-10-09T06:43:43.604+0000] {taskinstance.py:2612} INFO - Dependencies all met for dep_context=requeueable deps ti=<TaskInstance: Memory_Stress_Test.memory_stress_test scheduled__2025-01-20T00:00:00+00:00 [queued]>
[2025-10-09T06:43:43.604+0000] {taskinstance.py:2865} INFO - Starting attempt 1 of 2
[2025-10-09T06:43:43.619+0000] {taskinstance.py:2888} INFO - Executing <Task(DockerOperator): memory_stress_test> on 2025-01-20 00:00:00+00:00
[2025-10-09T06:43:43.626+0000] {standard_task_runner.py:72} INFO - Started process 1952 to run task
[2025-10-09T06:43:43.632+0000] {standard_task_runner.py:104} INFO - Running: ['***', 'tasks', 'run', 'Memory_Stress_Test', 'memory_stress_test', 'scheduled__2025-01-20T00:00:00+00:00', '--job-id', '652', '--raw', '--subdir', 'DAGS_FOLDER/dag_factory.py', '--cfg-path', '/tmp/tmpxtwaqlp0']
[2025-10-09T06:43:43.633+0000] {standard_task_runner.py:105} INFO - Job 652: Subtask memory_stress_test
[2025-10-09T06:43:43.691+0000] {task_command.py:467} INFO - Running <TaskInstance: Memory_Stress_Test.memory_stress_test scheduled__2025-01-20T00:00:00+00:00 [running]> on host workflow.y2twbfvcjkaujnl2bmtbxunhcb.cx.internal.cloudapp.net
[2025-10-09T06:43:43.779+0000] {taskinstance.py:3131} INFO - Exporting env vars: AIRFLOW_CTX_DAG_OWNER='***' AIRFLOW_CTX_DAG_ID='Memory_Stress_Test' AIRFLOW_CTX_TASK_ID='memory_stress_test' AIRFLOW_CTX_EXECUTION_DATE='2025-01-20T00:00:00+00:00' AIRFLOW_CTX_TRY_NUMBER='1' AIRFLOW_CTX_DAG_RUN_ID='scheduled__2025-01-20T00:00:00+00:00'
[2025-10-09T06:43:43.780+0000] {taskinstance.py:731} INFO - ::endgroup::
[2025-10-09T06:43:43.819+0000] {docker.py:367} INFO - Starting docker container from image ***_chaos:latest
[2025-10-09T06:43:44.244+0000] {docker.py:438} INFO - The container is run as root user. For security, consider using a regular user account.
[2025-10-09T06:43:53.523+0000] {docker.py:438} INFO - 
[2025-10-09T06:43:54.006+0000] {docker.py:438} INFO - [32m[2025-10-09 06:43:54 INFO] Validating the experiment's syntax
[2025-10-09T06:43:54.271+0000] {docker.py:438} INFO - [32m[2025-10-09 06:43:54 INFO] Experiment looks valid
[2025-10-09T06:43:54.272+0000] {docker.py:438} INFO - [32m[2025-10-09 06:43:54 INFO] Running experiment: Repeated Gradual Memory Stress Experiment
[2025-10-09T06:43:54.274+0000] {docker.py:438} INFO - [32m[2025-10-09 06:43:54 INFO] Steady-state strategy: default
[2025-10-09T06:43:54.275+0000] {docker.py:438} INFO - [32m[2025-10-09 06:43:54 INFO] Rollbacks strategy: default
[2025-10-09T06:43:54.275+0000] {docker.py:438} INFO - [32m[2025-10-09 06:43:54 INFO] No steady state hypothesis defined. That's ok, just exploring.
[2025-10-09T06:43:54.276+0000] {docker.py:438} INFO - [32m[2025-10-09 06:43:54 INFO] Playing your experiment's method now...
[2025-10-09T06:43:54.276+0000] {docker.py:438} INFO - [32m[2025-10-09 06:43:54 INFO] Action: repeated-gradual-memory-stress
[2025-10-09T06:48:52.675+0000] {docker.py:438} INFO - [32m[2025-10-09 06:48:52 INFO] Let's rollback...
[2025-10-09T06:48:52.676+0000] {docker.py:438} INFO - [32m[2025-10-09 06:48:52 INFO] No declared rollbacks, let's move on.
[2025-10-09T06:48:52.676+0000] {docker.py:438} INFO - [32m[2025-10-09 06:48:52 INFO] Experiment ended with status: completed
[2025-10-09T06:48:52.677+0000] {docker.py:438} INFO - ğŸš€ Starting REPEATED gradual memory stress cycles
[2025-10-09T06:48:52.677+0000] {docker.py:438} INFO - ğŸ”„ Cycle duration: 35s (gradual ramp to OOM)
[2025-10-09T06:48:52.678+0000] {docker.py:438} INFO - â±ï¸  Total experiment: 300s
[2025-10-09T06:48:52.678+0000] {docker.py:438} INFO - ğŸ“ˆ Memory ramp: 100MB â†’ 300MB (+75MB/8s)
[2025-10-09T06:48:52.679+0000] {docker.py:438} INFO - ğŸ¯ Target: app=post-storage-service
[2025-10-09T06:48:52.679+0000] {docker.py:438} INFO - â³ Recovery wait: 5s between cycles
[2025-10-09T06:48:52.680+0000] {docker.py:438} INFO - 
[2025-10-09T06:48:52.680+0000] {docker.py:438} INFO - ğŸ”¥ğŸ”¥ğŸ”¥ğŸ”¥ğŸ”¥ğŸ”¥ğŸ”¥ğŸ”¥ğŸ”¥ğŸ”¥ğŸ”¥ğŸ”¥ğŸ”¥ğŸ”¥ğŸ”¥ğŸ”¥ğŸ”¥ğŸ”¥ğŸ”¥ğŸ”¥ CYCLE #1 ğŸ”¥ğŸ”¥ğŸ”¥ğŸ”¥ğŸ”¥ğŸ”¥ğŸ”¥ğŸ”¥ğŸ”¥ğŸ”¥ğŸ”¥ğŸ”¥ğŸ”¥ğŸ”¥ğŸ”¥ğŸ”¥ğŸ”¥ğŸ”¥ğŸ”¥ğŸ”¥
[2025-10-09T06:48:52.681+0000] {docker.py:438} INFO - â° Remaining experiment time: 300s
[2025-10-09T06:48:52.681+0000] {docker.py:438} INFO - ğŸ“ˆ Starting gradual ramp: 100MB â†’ 300MB
[2025-10-09T06:48:52.681+0000] {docker.py:438} INFO -   ğŸ“Š Step 1: 100MB
[2025-10-09T06:48:52.682+0000] {docker.py:438} INFO -     âœ… Applied 100MB stress
[2025-10-09T06:48:52.682+0000] {docker.py:438} INFO -   ğŸ“Š Step 2: 175MB
[2025-10-09T06:48:52.682+0000] {docker.py:438} INFO -     âœ… Applied 175MB stress
[2025-10-09T06:48:52.683+0000] {docker.py:438} INFO -   ğŸ“Š Step 3: 250MB
[2025-10-09T06:48:52.683+0000] {docker.py:438} INFO -     âœ… Applied 250MB stress
[2025-10-09T06:48:52.683+0000] {docker.py:438} INFO -     ğŸ”¥ High memory pressure - OOM likely!
[2025-10-09T06:48:52.684+0000] {docker.py:438} INFO -   ğŸ’¥ Maintaining 325MB for OOM trigger...
[2025-10-09T06:48:52.684+0000] {docker.py:438} INFO - ï¿½ï¿½ OOM Event #1 triggered!
[2025-10-09T06:48:52.684+0000] {docker.py:438} INFO - âœ… Cycle #1 completed in 45s
[2025-10-09T06:48:52.685+0000] {docker.py:438} INFO - â³ Waiting 5s for pod recovery...
[2025-10-09T06:48:52.685+0000] {docker.py:438} INFO - 
[2025-10-09T06:48:52.685+0000] {docker.py:438} INFO - ğŸ”¥ğŸ”¥ğŸ”¥ğŸ”¥ğŸ”¥ğŸ”¥ğŸ”¥ğŸ”¥ğŸ”¥ğŸ”¥ğŸ”¥ğŸ”¥ğŸ”¥ğŸ”¥ğŸ”¥ğŸ”¥ğŸ”¥ğŸ”¥ğŸ”¥ğŸ”¥ CYCLE #2 ğŸ”¥ğŸ”¥ğŸ”¥ğŸ”¥ğŸ”¥ğŸ”¥ğŸ”¥ğŸ”¥ğŸ”¥ğŸ”¥ğŸ”¥ğŸ”¥ğŸ”¥ğŸ”¥ğŸ”¥ğŸ”¥ğŸ”¥ğŸ”¥ğŸ”¥ğŸ”¥
[2025-10-09T06:48:52.686+0000] {docker.py:438} INFO - â° Remaining experiment time: 250s
[2025-10-09T06:48:52.686+0000] {docker.py:438} INFO - ğŸ“ˆ Starting gradual ramp: 100MB â†’ 300MB
[2025-10-09T06:48:52.686+0000] {docker.py:438} INFO -   ğŸ“Š Step 1: 100MB
[2025-10-09T06:48:52.687+0000] {docker.py:438} INFO -     âœ… Applied 100MB stress
[2025-10-09T06:48:52.687+0000] {docker.py:438} INFO -   ğŸ“Š Step 2: 175MB
[2025-10-09T06:48:52.687+0000] {docker.py:438} INFO -     âœ… Applied 175MB stress
[2025-10-09T06:48:52.688+0000] {docker.py:438} INFO -   ğŸ“Š Step 3: 250MB
[2025-10-09T06:48:52.688+0000] {docker.py:438} INFO -     âœ… Applied 250MB stress
[2025-10-09T06:48:52.688+0000] {docker.py:438} INFO -     ğŸ”¥ High memory pressure - OOM likely!
[2025-10-09T06:48:52.689+0000] {docker.py:438} INFO -   ğŸ’¥ Maintaining 325MB for OOM trigger...
[2025-10-09T06:48:52.689+0000] {docker.py:438} INFO - ï¿½ï¿½ OOM Event #2 triggered!
[2025-10-09T06:48:52.689+0000] {docker.py:438} INFO - âœ… Cycle #2 completed in 45s
[2025-10-09T06:48:52.689+0000] {docker.py:438} INFO - â³ Waiting 5s for pod recovery...
[2025-10-09T06:48:52.690+0000] {docker.py:438} INFO - 
[2025-10-09T06:48:52.690+0000] {docker.py:438} INFO - ğŸ”¥ğŸ”¥ğŸ”¥ğŸ”¥ğŸ”¥ğŸ”¥ğŸ”¥ğŸ”¥ğŸ”¥ğŸ”¥ğŸ”¥ğŸ”¥ğŸ”¥ğŸ”¥ğŸ”¥ğŸ”¥ğŸ”¥ğŸ”¥ğŸ”¥ğŸ”¥ CYCLE #3 ğŸ”¥ğŸ”¥ğŸ”¥ğŸ”¥ğŸ”¥ğŸ”¥ğŸ”¥ğŸ”¥ğŸ”¥ğŸ”¥ğŸ”¥ğŸ”¥ğŸ”¥ğŸ”¥ğŸ”¥ğŸ”¥ğŸ”¥ğŸ”¥ğŸ”¥ğŸ”¥
[2025-10-09T06:48:52.691+0000] {docker.py:438} INFO - â° Remaining experiment time: 200s
[2025-10-09T06:48:52.691+0000] {docker.py:438} INFO - ğŸ“ˆ Starting gradual ramp: 100MB â†’ 300MB
[2025-10-09T06:48:52.692+0000] {docker.py:438} INFO -   ğŸ“Š Step 1: 100MB
[2025-10-09T06:48:52.692+0000] {docker.py:438} INFO -     âœ… Applied 100MB stress
[2025-10-09T06:48:52.693+0000] {docker.py:438} INFO -   ğŸ“Š Step 2: 175MB
[2025-10-09T06:48:52.693+0000] {docker.py:438} INFO -     âœ… Applied 175MB stress
[2025-10-09T06:48:52.693+0000] {docker.py:438} INFO -   ğŸ“Š Step 3: 250MB
[2025-10-09T06:48:52.694+0000] {docker.py:438} INFO -     âœ… Applied 250MB stress
[2025-10-09T06:48:52.694+0000] {docker.py:438} INFO -     ğŸ”¥ High memory pressure - OOM likely!
[2025-10-09T06:48:52.694+0000] {docker.py:438} INFO -   ğŸ’¥ Maintaining 325MB for OOM trigger...
[2025-10-09T06:48:52.695+0000] {docker.py:438} INFO - ï¿½ï¿½ OOM Event #3 triggered!
[2025-10-09T06:48:52.695+0000] {docker.py:438} INFO - âœ… Cycle #3 completed in 45s
[2025-10-09T06:48:52.695+0000] {docker.py:438} INFO - â³ Waiting 5s for pod recovery...
[2025-10-09T06:48:52.696+0000] {docker.py:438} INFO - 
[2025-10-09T06:48:52.696+0000] {docker.py:438} INFO - ğŸ”¥ğŸ”¥ğŸ”¥ğŸ”¥ğŸ”¥ğŸ”¥ğŸ”¥ğŸ”¥ğŸ”¥ğŸ”¥ğŸ”¥ğŸ”¥ğŸ”¥ğŸ”¥ğŸ”¥ğŸ”¥ğŸ”¥ğŸ”¥ğŸ”¥ğŸ”¥ CYCLE #4 ğŸ”¥ğŸ”¥ğŸ”¥ğŸ”¥ğŸ”¥ğŸ”¥ğŸ”¥ğŸ”¥ğŸ”¥ğŸ”¥ğŸ”¥ğŸ”¥ğŸ”¥ğŸ”¥ğŸ”¥ğŸ”¥ğŸ”¥ğŸ”¥ğŸ”¥ğŸ”¥
[2025-10-09T06:48:52.697+0000] {docker.py:438} INFO - â° Remaining experiment time: 151s
[2025-10-09T06:48:52.697+0000] {docker.py:438} INFO - ğŸ“ˆ Starting gradual ramp: 100MB â†’ 300MB
[2025-10-09T06:48:52.697+0000] {docker.py:438} INFO -   ğŸ“Š Step 1: 100MB
[2025-10-09T06:48:52.698+0000] {docker.py:438} INFO -     âœ… Applied 100MB stress
[2025-10-09T06:48:52.698+0000] {docker.py:438} INFO -   ğŸ“Š Step 2: 175MB
[2025-10-09T06:48:52.698+0000] {docker.py:438} INFO -     âœ… Applied 175MB stress
[2025-10-09T06:48:52.699+0000] {docker.py:438} INFO -   ğŸ“Š Step 3: 250MB
[2025-10-09T06:48:52.699+0000] {docker.py:438} INFO -     âœ… Applied 250MB stress
[2025-10-09T06:48:52.699+0000] {docker.py:438} INFO -     ğŸ”¥ High memory pressure - OOM likely!
[2025-10-09T06:48:52.700+0000] {docker.py:438} INFO -   ğŸ’¥ Maintaining 325MB for OOM trigger...
[2025-10-09T06:48:52.700+0000] {docker.py:438} INFO - ï¿½ï¿½ OOM Event #4 triggered!
[2025-10-09T06:48:52.700+0000] {docker.py:438} INFO - âœ… Cycle #4 completed in 45s
[2025-10-09T06:48:52.701+0000] {docker.py:438} INFO - â³ Waiting 5s for pod recovery...
[2025-10-09T06:48:52.701+0000] {docker.py:438} INFO - 
[2025-10-09T06:48:52.701+0000] {docker.py:438} INFO - ğŸ”¥ğŸ”¥ğŸ”¥ğŸ”¥ğŸ”¥ğŸ”¥ğŸ”¥ğŸ”¥ğŸ”¥ğŸ”¥ğŸ”¥ğŸ”¥ğŸ”¥ğŸ”¥ğŸ”¥ğŸ”¥ğŸ”¥ğŸ”¥ğŸ”¥ğŸ”¥ CYCLE #5 ğŸ”¥ğŸ”¥ğŸ”¥ğŸ”¥ğŸ”¥ğŸ”¥ğŸ”¥ğŸ”¥ğŸ”¥ğŸ”¥ğŸ”¥ğŸ”¥ğŸ”¥ğŸ”¥ğŸ”¥ğŸ”¥ğŸ”¥ğŸ”¥ğŸ”¥ğŸ”¥
[2025-10-09T06:48:52.701+0000] {docker.py:438} INFO - â° Remaining experiment time: 101s
[2025-10-09T06:48:52.702+0000] {docker.py:438} INFO - ğŸ“ˆ Starting gradual ramp: 100MB â†’ 300MB
[2025-10-09T06:48:52.702+0000] {docker.py:438} INFO -   ğŸ“Š Step 1: 100MB
[2025-10-09T06:48:52.702+0000] {docker.py:438} INFO -     âœ… Applied 100MB stress
[2025-10-09T06:48:52.703+0000] {docker.py:438} INFO -   ğŸ“Š Step 2: 175MB
[2025-10-09T06:48:52.703+0000] {docker.py:438} INFO -     âœ… Applied 175MB stress
[2025-10-09T06:48:52.704+0000] {docker.py:438} INFO -   ğŸ“Š Step 3: 250MB
[2025-10-09T06:48:52.704+0000] {docker.py:438} INFO -     âœ… Applied 250MB stress
[2025-10-09T06:48:52.704+0000] {docker.py:438} INFO -     ğŸ”¥ High memory pressure - OOM likely!
[2025-10-09T06:48:52.705+0000] {docker.py:438} INFO -   ğŸ’¥ Maintaining 325MB for OOM trigger...
[2025-10-09T06:48:52.705+0000] {docker.py:438} INFO - ï¿½ï¿½ OOM Event #5 triggered!
[2025-10-09T06:48:52.706+0000] {docker.py:438} INFO - âœ… Cycle #5 completed in 45s
[2025-10-09T06:48:52.706+0000] {docker.py:438} INFO - â³ Waiting 5s for pod recovery...
[2025-10-09T06:48:52.706+0000] {docker.py:438} INFO - 
[2025-10-09T06:48:52.707+0000] {docker.py:438} INFO - ğŸ”¥ğŸ”¥ğŸ”¥ğŸ”¥ğŸ”¥ğŸ”¥ğŸ”¥ğŸ”¥ğŸ”¥ğŸ”¥ğŸ”¥ğŸ”¥ğŸ”¥ğŸ”¥ğŸ”¥ğŸ”¥ğŸ”¥ğŸ”¥ğŸ”¥ğŸ”¥ CYCLE #6 ğŸ”¥ğŸ”¥ğŸ”¥ğŸ”¥ğŸ”¥ğŸ”¥ğŸ”¥ğŸ”¥ğŸ”¥ğŸ”¥ğŸ”¥ğŸ”¥ğŸ”¥ğŸ”¥ğŸ”¥ğŸ”¥ğŸ”¥ğŸ”¥ğŸ”¥ğŸ”¥
[2025-10-09T06:48:52.707+0000] {docker.py:438} INFO - â° Remaining experiment time: 51s
[2025-10-09T06:48:52.707+0000] {docker.py:438} INFO - ğŸ“ˆ Starting gradual ramp: 100MB â†’ 300MB
[2025-10-09T06:48:52.708+0000] {docker.py:438} INFO -   ğŸ“Š Step 1: 100MB
[2025-10-09T06:48:52.708+0000] {docker.py:438} INFO -     âœ… Applied 100MB stress
[2025-10-09T06:48:52.708+0000] {docker.py:438} INFO -   ğŸ“Š Step 2: 175MB
[2025-10-09T06:48:52.709+0000] {docker.py:438} INFO -     âœ… Applied 175MB stress
[2025-10-09T06:48:52.709+0000] {docker.py:438} INFO -   ğŸ“Š Step 3: 250MB
[2025-10-09T06:48:52.709+0000] {docker.py:438} INFO -     âœ… Applied 250MB stress
[2025-10-09T06:48:52.710+0000] {docker.py:438} INFO -     ğŸ”¥ High memory pressure - OOM likely!
[2025-10-09T06:48:52.710+0000] {docker.py:438} INFO -   ğŸ’¥ Maintaining 325MB for OOM trigger...
[2025-10-09T06:48:52.710+0000] {docker.py:438} INFO - ï¿½ï¿½ OOM Event #6 triggered!
[2025-10-09T06:48:52.710+0000] {docker.py:438} INFO - âœ… Cycle #6 completed in 45s
[2025-10-09T06:48:52.711+0000] {docker.py:438} INFO - â³ Waiting 5s for pod recovery...
[2025-10-09T06:48:52.711+0000] {docker.py:438} INFO - 
[2025-10-09T06:48:52.711+0000] {docker.py:438} INFO - ğŸ”¥ğŸ”¥ğŸ”¥ğŸ”¥ğŸ”¥ğŸ”¥ğŸ”¥ğŸ”¥ğŸ”¥ğŸ”¥ğŸ”¥ğŸ”¥ğŸ”¥ğŸ”¥ğŸ”¥ğŸ”¥ğŸ”¥ğŸ”¥ğŸ”¥ğŸ”¥ CYCLE #7 ğŸ”¥ğŸ”¥ğŸ”¥ğŸ”¥ğŸ”¥ğŸ”¥ğŸ”¥ğŸ”¥ğŸ”¥ğŸ”¥ğŸ”¥ğŸ”¥ğŸ”¥ğŸ”¥ğŸ”¥ğŸ”¥ğŸ”¥ğŸ”¥ğŸ”¥ğŸ”¥
[2025-10-09T06:48:52.712+0000] {docker.py:438} INFO - â° Remaining experiment time: 2s
[2025-10-09T06:48:52.712+0000] {docker.py:438} INFO - âš ï¸ Not enough time for full cycle, stopping experiment
[2025-10-09T06:48:52.712+0000] {docker.py:438} INFO - 
[2025-10-09T06:48:52.713+0000] {docker.py:438} INFO - ============================================================
[2025-10-09T06:48:52.713+0000] {docker.py:438} INFO - ğŸ REPEATED GRADUAL MEMORY STRESS COMPLETED!
[2025-10-09T06:48:52.714+0000] {docker.py:438} INFO - ============================================================
[2025-10-09T06:48:52.714+0000] {docker.py:438} INFO - ğŸ”„ Total cycles performed: 7
[2025-10-09T06:48:52.714+0000] {docker.py:438} INFO - ğŸ’¥ Total OOM events: 6
[2025-10-09T06:48:52.714+0000] {docker.py:438} INFO - â±ï¸  Total experiment time: 298s
[2025-10-09T06:48:52.715+0000] {docker.py:438} INFO - ğŸ“Š Average cycle time: 43s
[2025-10-09T06:48:52.764+0000] {docker.py:438} INFO - [INFO] Memory stress test completed
[2025-10-09T06:49:02.966+0000] {taskinstance.py:340} INFO - ::group::Post task execution logs
[2025-10-09T06:49:02.967+0000] {taskinstance.py:352} INFO - Marking task as SUCCESS. dag_id=Memory_Stress_Test, task_id=memory_stress_test, run_id=scheduled__2025-01-20T00:00:00+00:00, execution_date=20250120T000000, start_date=20251009T064343, end_date=20251009T064902
[2025-10-09T06:49:03.028+0000] {local_task_job_runner.py:266} INFO - Task exited with return code 0
[2025-10-09T06:49:03.046+0000] {taskinstance.py:3900} INFO - 0 downstream tasks scheduled from follow-on schedule check
[2025-10-09T06:49:03.049+0000] {local_task_job_runner.py:245} INFO - ::endgroup::
