[2025-11-20T08:51:51.920+0000] {local_task_job_runner.py:123} INFO - ::group::Pre task execution logs
[2025-11-20T08:51:51.944+0000] {taskinstance.py:2612} INFO - Dependencies all met for dep_context=non-requeueable deps ti=<TaskInstance: Redis_Memory_Stress_Test.redis_memory_stress_test manual__2025-11-20T08:51:49.532077+00:00 [queued]>
[2025-11-20T08:51:51.955+0000] {taskinstance.py:2612} INFO - Dependencies all met for dep_context=requeueable deps ti=<TaskInstance: Redis_Memory_Stress_Test.redis_memory_stress_test manual__2025-11-20T08:51:49.532077+00:00 [queued]>
[2025-11-20T08:51:51.956+0000] {taskinstance.py:2865} INFO - Starting attempt 1 of 2
[2025-11-20T08:51:51.984+0000] {taskinstance.py:2888} INFO - Executing <Task(DockerOperator): redis_memory_stress_test> on 2025-11-20 08:51:49.532077+00:00
[2025-11-20T08:51:52.001+0000] {standard_task_runner.py:72} INFO - Started process 514 to run task
[2025-11-20T08:51:52.012+0000] {standard_task_runner.py:104} INFO - Running: ['***', 'tasks', 'run', 'Redis_Memory_Stress_Test', 'redis_memory_stress_test', 'manual__2025-11-20T08:51:49.532077+00:00', '--job-id', '16607', '--raw', '--subdir', 'DAGS_FOLDER/dag_factory.py', '--cfg-path', '/tmp/tmp4vixnmu0']
[2025-11-20T08:51:52.013+0000] {standard_task_runner.py:105} INFO - Job 16607: Subtask redis_memory_stress_test
[2025-11-20T08:51:52.105+0000] {task_command.py:467} INFO - Running <TaskInstance: Redis_Memory_Stress_Test.redis_memory_stress_test manual__2025-11-20T08:51:49.532077+00:00 [running]> on host workflow.y2twbfvcjkaujnl2bmtbxunhcb.cx.internal.cloudapp.net
[2025-11-20T08:51:52.304+0000] {taskinstance.py:3131} INFO - Exporting env vars: AIRFLOW_CTX_DAG_OWNER='***' AIRFLOW_CTX_DAG_ID='Redis_Memory_Stress_Test' AIRFLOW_CTX_TASK_ID='redis_memory_stress_test' AIRFLOW_CTX_EXECUTION_DATE='2025-11-20T08:51:49.532077+00:00' AIRFLOW_CTX_TRY_NUMBER='1' AIRFLOW_CTX_DAG_RUN_ID='manual__2025-11-20T08:51:49.532077+00:00'
[2025-11-20T08:51:52.310+0000] {taskinstance.py:731} INFO - ::endgroup::
[2025-11-20T08:51:52.436+0000] {docker.py:367} INFO - Starting docker container from image ***_chaos:latest
[2025-11-20T08:51:53.114+0000] {docker.py:438} INFO - The container is run as root user. For security, consider using a regular user account.
[2025-11-20T08:52:12.799+0000] {docker.py:438} INFO - 
[2025-11-20T08:52:13.879+0000] {docker.py:438} INFO - [32m[2025-11-20 08:52:13 INFO] Validating the experiment's syntax
[2025-11-20T08:52:13.883+0000] {docker.py:438} INFO - [32m[2025-11-20 08:52:13 INFO] Experiment looks valid
[2025-11-20T08:52:13.887+0000] {docker.py:438} INFO - [32m[2025-11-20 08:52:13 INFO] Running experiment: Redis Pod Memory Stress Test
[2025-11-20T08:52:13.892+0000] {docker.py:438} INFO - [32m[2025-11-20 08:52:13 INFO] Steady-state strategy: default
[2025-11-20T08:52:13.893+0000] {docker.py:438} INFO - [32m[2025-11-20 08:52:13 INFO] Rollbacks strategy: default
[2025-11-20T08:52:13.894+0000] {docker.py:438} INFO - [32m[2025-11-20 08:52:13 INFO] No steady state hypothesis defined. That's ok, just exploring.
[2025-11-20T08:52:13.896+0000] {docker.py:438} INFO - [32m[2025-11-20 08:52:13 INFO] Playing your experiment's method now...
[2025-11-20T08:52:13.897+0000] {docker.py:438} INFO - [32m[2025-11-20 08:52:13 INFO] Action: redis-memory-stress-k8s
[2025-11-20T08:52:14.490+0000] {docker.py:438} INFO - error: error executing jsonpath "{.items[0].metadata.name}": Error executing template: array index out of bounds: index 0, length 0. Printing more information for debugging the template:
[2025-11-20T08:52:14.491+0000] {docker.py:438} INFO - 	template was:
[2025-11-20T08:52:14.491+0000] {docker.py:438} INFO - 		{.items[0].metadata.name}
[2025-11-20T08:52:14.494+0000] {docker.py:438} INFO - 	object given to jsonpath engine was:
[2025-11-20T08:52:14.495+0000] {docker.py:438} INFO - 		map[string]interface {}{"apiVersion":"v1", "items":[]interface {}{}, "kind":"List", "metadata":map[string]interface {}{"resourceVersion":""}}
[2025-11-20T08:52:14.505+0000] {docker.py:438} INFO - [31m[2025-11-20 08:52:14 ERROR]   => failed: subprocess.CalledProcessError: Command 'kubectl get pod -l app=user-timeline-redis -o jsonpath='{.items[0].metadata.name}'' returned non-zero exit status 1.
[2025-11-20T08:52:14.506+0000] {docker.py:438} INFO - [32m[2025-11-20 08:52:14 INFO] Let's rollback...
[2025-11-20T08:52:14.508+0000] {docker.py:438} INFO - [32m[2025-11-20 08:52:14 INFO] Rollback: reset-redis-memory-k8s
[2025-11-20T08:52:14.508+0000] {docker.py:438} INFO - [32m[2025-11-20 08:52:14 INFO] Action: reset-redis-memory-k8s
[2025-11-20T08:52:14.725+0000] {docker.py:438} INFO - error: error executing jsonpath "{.items[0].metadata.name}": Error executing template: array index out of bounds: index 0, length 0. Printing more information for debugging the template:
[2025-11-20T08:52:14.726+0000] {docker.py:438} INFO - 	template was:
[2025-11-20T08:52:14.728+0000] {docker.py:438} INFO - 		{.items[0].metadata.name}
[2025-11-20T08:52:14.728+0000] {docker.py:438} INFO - 	object given to jsonpath engine was:
[2025-11-20T08:52:14.731+0000] {docker.py:438} INFO - 		map[string]interface {}{"apiVersion":"v1", "items":[]interface {}{}, "kind":"List", "metadata":map[string]interface {}{"resourceVersion":""}}
[2025-11-20T08:52:14.736+0000] {docker.py:438} INFO - [31m[2025-11-20 08:52:14 ERROR]   => failed: subprocess.CalledProcessError: Command 'kubectl get pod -l app=user-timeline-redis -o jsonpath='{.items[0].metadata.name}'' returned non-zero exit status 1.
[2025-11-20T08:52:14.738+0000] {docker.py:438} INFO - [32m[2025-11-20 08:52:14 INFO] Experiment ended with status: completed
[2025-11-20T08:52:14.842+0000] {docker.py:438} INFO - [INFO] Sleeping for cooldown...
[2025-11-20T08:52:44.851+0000] {docker.py:438} INFO - [INFO] DAG complete
[2025-11-20T08:52:45.238+0000] {taskinstance.py:340} INFO - ::group::Post task execution logs
[2025-11-20T08:52:45.239+0000] {taskinstance.py:352} INFO - Marking task as SUCCESS. dag_id=Redis_Memory_Stress_Test, task_id=redis_memory_stress_test, run_id=manual__2025-11-20T08:51:49.532077+00:00, execution_date=20251120T085149, start_date=20251120T085151, end_date=20251120T085245
[2025-11-20T08:52:45.300+0000] {local_task_job_runner.py:266} INFO - Task exited with return code 0
[2025-11-20T08:52:45.341+0000] {taskinstance.py:3900} INFO - 0 downstream tasks scheduled from follow-on schedule check
[2025-11-20T08:52:45.344+0000] {local_task_job_runner.py:245} INFO - ::endgroup::
