[2025-11-05T07:48:48.092+0000] {local_task_job_runner.py:123} INFO - ::group::Pre task execution logs
[2025-11-05T07:48:48.119+0000] {taskinstance.py:2612} INFO - Dependencies all met for dep_context=non-requeueable deps ti=<TaskInstance: Container_Restart.apply_container_restart_docker manual__2025-11-05T07:46:20.027569+00:00 [queued]>
[2025-11-05T07:48:48.133+0000] {taskinstance.py:2612} INFO - Dependencies all met for dep_context=requeueable deps ti=<TaskInstance: Container_Restart.apply_container_restart_docker manual__2025-11-05T07:46:20.027569+00:00 [queued]>
[2025-11-05T07:48:48.133+0000] {taskinstance.py:2865} INFO - Starting attempt 4 of 4
[2025-11-05T07:48:48.155+0000] {taskinstance.py:2888} INFO - Executing <Task(DockerOperator): apply_container_restart_docker> on 2025-11-05 07:46:20.027569+00:00
[2025-11-05T07:48:48.169+0000] {standard_task_runner.py:72} INFO - Started process 5935 to run task
[2025-11-05T07:48:48.181+0000] {standard_task_runner.py:104} INFO - Running: ['***', 'tasks', 'run', 'Container_Restart', 'apply_container_restart_docker', 'manual__2025-11-05T07:46:20.027569+00:00', '--job-id', '13700', '--raw', '--subdir', 'DAGS_FOLDER/dag_factory.py', '--cfg-path', '/tmp/tmpctyynp9i']
[2025-11-05T07:48:48.183+0000] {standard_task_runner.py:105} INFO - Job 13700: Subtask apply_container_restart_docker
[2025-11-05T07:48:48.286+0000] {task_command.py:467} INFO - Running <TaskInstance: Container_Restart.apply_container_restart_docker manual__2025-11-05T07:46:20.027569+00:00 [running]> on host workflow.y2twbfvcjkaujnl2bmtbxunhcb.cx.internal.cloudapp.net
[2025-11-05T07:48:48.456+0000] {taskinstance.py:3131} INFO - Exporting env vars: AIRFLOW_CTX_DAG_OWNER='***' AIRFLOW_CTX_DAG_ID='Container_Restart' AIRFLOW_CTX_TASK_ID='apply_container_restart_docker' AIRFLOW_CTX_EXECUTION_DATE='2025-11-05T07:46:20.027569+00:00' AIRFLOW_CTX_TRY_NUMBER='4' AIRFLOW_CTX_DAG_RUN_ID='manual__2025-11-05T07:46:20.027569+00:00'
[2025-11-05T07:48:48.462+0000] {taskinstance.py:731} INFO - ::endgroup::
[2025-11-05T07:48:48.521+0000] {docker.py:367} INFO - Starting docker container from image priyanshu01ce/***_chaos:latest
[2025-11-05T07:48:49.121+0000] {docker.py:438} INFO - The container is run as root user. For security, consider using a regular user account.
[2025-11-05T07:49:06.567+0000] {docker.py:438} INFO - 
[2025-11-05T07:49:06.578+0000] {docker.py:438} INFO - total 7872
[2025-11-05T07:49:06.579+0000] {docker.py:438} INFO - drwxr-xr-x 6    1000 1000    4096 Nov  3 08:06 .
[2025-11-05T07:49:06.579+0000] {docker.py:438} INFO - drwxr-xr-x 1 *** root    4096 Sep 26 10:44 ..
[2025-11-05T07:49:06.581+0000] {docker.py:438} INFO - -rw-r--r-- 1    1000 1000    1193 Sep  8 07:02 API_Latency.json
[2025-11-05T07:49:06.581+0000] {docker.py:438} INFO - -rw-r--r-- 1    1000 1000     729 Sep  9 10:30 API_Timeout.json
[2025-11-05T07:49:06.583+0000] {docker.py:438} INFO - -rw-r--r-- 1    1000 1000    1331 Oct  7 18:22 Continuous_Load_Test_Azure.yaml
[2025-11-05T07:49:06.583+0000] {docker.py:438} INFO - -rw-r--r-- 1    1000 1000    1672 Oct 30 07:48 Memory_Stress_Test_Azure.yaml
[2025-11-05T07:49:06.583+0000] {docker.py:438} INFO - -rw-r--r-- 1    1000 1000    1178 Sep 30 18:19 Stress_Test_Azure.yaml
[2025-11-05T07:49:06.584+0000] {docker.py:438} INFO - drwxrwxr-x 2 root    root    4096 Oct 29 06:31 __pycache__
[2025-11-05T07:49:06.584+0000] {docker.py:438} INFO - drwxrwxr-x 5    1000 1000    4096 Oct 21 08:05 chaos_env
[2025-11-05T07:49:06.585+0000] {docker.py:438} INFO - -rw-r--r-- 1    1000 1000    8875 Sep 25 16:54 chaosk6_actions.py
[2025-11-05T07:49:06.585+0000] {docker.py:438} INFO - -rw-rw-r-- 1    1000 1000 7383313 Nov  5 07:48 chaostoolkit.log
[2025-11-05T07:49:06.588+0000] {docker.py:438} INFO - -rw-rw-r-- 1    1000 1000    1421 Oct 23 09:34 check.py
[2025-11-05T07:49:06.588+0000] {docker.py:438} INFO - -rw-r--r-- 1    1000 1000    3213 Sep  9 09:11 combined-sequential.json
[2025-11-05T07:49:06.589+0000] {docker.py:438} INFO - -rwxrwxr-x 1    1000 1000    1489 Oct 27 06:29 complete_chaos_mesh-cleanup.sh
[2025-11-05T07:49:06.589+0000] {docker.py:438} INFO - -rw-r--r-- 1    1000 1000     502 Sep 16 05:31 connection_test_experiment.json
[2025-11-05T07:49:06.589+0000] {docker.py:438} INFO - -rw-rw-r-- 1    1000 1000     692 Oct 24 01:43 container_probe.json
[2025-11-05T07:49:06.590+0000] {docker.py:438} INFO - -rw-rw-r-- 1    1000 1000    2533 Oct 23 09:28 container_probe.yaml
[2025-11-05T07:49:06.590+0000] {docker.py:438} INFO - -rw-r--r-- 1    1000 1000    1420 Sep 24 06:53 container_restart.json
[2025-11-05T07:49:06.591+0000] {docker.py:438} INFO - -rw-r--r-- 1    1000 1000   16452 Sep 26 09:59 container_restart.py
[2025-11-05T07:49:06.591+0000] {docker.py:438} INFO - -rw-r--r-- 1    1000 1000    1751 Nov  3 05:42 container_restart_Azure.yaml
[2025-11-05T07:49:06.591+0000] {docker.py:438} INFO - -rw-r--r-- 1    1000 1000    1409 Sep 18 12:30 continuous_load_test.json
[2025-11-05T07:49:06.592+0000] {docker.py:438} INFO - -rw-r--r-- 1    1000 1000    1637 Sep 25 10:13 cordon-uncordon-node.json
[2025-11-05T07:49:06.592+0000] {docker.py:438} INFO - -rw-r--r-- 1    1000 1000    1637 Sep 25 04:39 cordon_test.json
[2025-11-05T07:49:06.592+0000] {docker.py:438} INFO - -rw-r--r-- 1    1000 1000    1436 Oct 30 12:28 cordon_uncordon_node_Azure.yaml
[2025-11-05T07:49:06.593+0000] {docker.py:438} INFO - -rw-r--r-- 1    1000 1000    1203 Sep 30 06:51 cpu_stress_ng.json
[2025-11-05T07:49:06.593+0000] {docker.py:438} INFO - -rw-r--r-- 1    1000 1000    1760 Oct 21 08:00 db_cleanup.json
[2025-11-05T07:49:06.595+0000] {docker.py:438} INFO - -rw-r--r-- 1    1000 1000    6399 Sep 24 07:40 db_cleanup.py
[2025-11-05T07:49:06.595+0000] {docker.py:438} INFO - -rw-rw-r-- 1    1000 1000    5855 Oct 28 12:27 direct_memory_stress.py
[2025-11-05T07:49:06.596+0000] {docker.py:438} INFO - -rw-r--r-- 1    1000 1000    3216 Nov  5 07:45 journal.json
[2025-11-05T07:49:06.596+0000] {docker.py:438} INFO - -rw-rw-r-- 1 root    root  374053 Nov  5 07:45 k6_continuous_load.log
[2025-11-05T07:49:06.596+0000] {docker.py:438} INFO - -rw-r--r-- 1    1000 1000    3950 Nov  5 07:45 k6_continuous_summary.json
[2025-11-05T07:49:06.598+0000] {docker.py:438} INFO - -rw-r--r-- 1    1000 1000    3433 Sep 25 09:28 k6_summary.json
[2025-11-05T07:49:06.598+0000] {docker.py:438} INFO - -rw-r--r-- 1    1000 1000     989 Sep 30 09:24 kubernetes_actions.json
[2025-11-05T07:49:06.599+0000] {docker.py:438} INFO - -rw-r--r-- 1    1000 1000   10961 Sep 30 09:23 kubernetes_actions.py
[2025-11-05T07:49:06.599+0000] {docker.py:438} INFO - -rw-r--r-- 1    1000 1000     945 Sep 21 16:40 load_test.json
[2025-11-05T07:49:06.599+0000] {docker.py:438} INFO - -rw-r--r-- 1    1000 1000     528 Sep 17 12:13 max_connection_experiment.json
[2025-11-05T07:49:06.602+0000] {docker.py:438} INFO - -rw-r--r-- 1    1000 1000    1227 Sep 13 15:20 memory-stress-rollback.json
[2025-11-05T07:49:06.602+0000] {docker.py:438} INFO - -rw-rw-r-- 1    1000 1000    1066 Oct 30 12:27 memory_stress.json
[2025-11-05T07:49:06.603+0000] {docker.py:438} INFO - -rw-rw-r-- 1    1000 1000    6653 Oct 29 06:18 memory_stress.py
[2025-11-05T07:49:06.603+0000] {docker.py:438} INFO - -rw-r--r-- 1    1000 1000    1421 Sep 29 05:20 mongo_db_container_restart.json
[2025-11-05T07:49:06.603+0000] {docker.py:438} INFO - -rw-r--r-- 1    1000 1000    7586 Sep 18 05:54 mongodb_actions.py
[2025-11-05T07:49:06.604+0000] {docker.py:438} INFO - -rw-r--r-- 1    1000 1000    2136 Sep 18 11:23 mongodb_connection.json
[2025-11-05T07:49:06.604+0000] {docker.py:438} INFO - -rw-r--r-- 1    1000 1000     597 Sep 16 09:17 mongodb_network_latency_experiment.json
[2025-11-05T07:49:06.605+0000] {docker.py:438} INFO - -rw-r--r-- 1    1000 1000    3657 Sep 18 05:42 mongodb_probes.py
[2025-11-05T07:49:06.605+0000] {docker.py:438} INFO - -rw-r--r-- 1    1000 1000    6161 Sep 12 08:04 pod_restart.py
[2025-11-05T07:49:06.605+0000] {docker.py:438} INFO - -rw-r--r-- 1    1000 1000    1497 Sep 30 05:50 redis_config_faults.py
[2025-11-05T07:49:06.606+0000] {docker.py:438} INFO - -rw-r--r-- 1    1000 1000     862 Sep 30 05:50 redis_experiment.json
[2025-11-05T07:49:06.606+0000] {docker.py:438} INFO - -rw-r--r-- 1    1000 1000     945 Sep 18 06:53 redis_load.json
[2025-11-05T07:49:06.606+0000] {docker.py:438} INFO - -rw-r--r-- 1    1000 1000    1641 Oct 30 12:29 redis_memory_stress_Azure.yaml
[2025-11-05T07:49:06.607+0000] {docker.py:438} INFO - -rw-rw-r-- 1    1000 1000    1333 Oct 21 09:39 reinitialize_application.yaml
[2025-11-05T07:49:06.607+0000] {docker.py:438} INFO - -rw-r--r-- 1    1000 1000    1284 Sep 25 10:53 run_load_test_with_cleanup.py
[2025-11-05T07:49:06.609+0000] {docker.py:438} INFO - -rw-rw-r-- 1    1000 1000    1307 Oct 27 10:33 sample_probe.yaml
[2025-11-05T07:49:06.609+0000] {docker.py:438} INFO - drwxr-xr-x 2    1000 1000    4096 Oct 22 06:46 scripts
[2025-11-05T07:49:06.610+0000] {docker.py:438} INFO - -rw-rw-r-- 1    1000 1000     272 Oct 27 08:51 simple-stress-test.yaml
[2025-11-05T07:49:06.610+0000] {docker.py:438} INFO - drwxr-xr-x 4    1000 1000    4096 Sep 30 09:41 socialNetwork
[2025-11-05T07:49:06.610+0000] {docker.py:438} INFO - -rw-r--r-- 1    1000 1000     821 Sep 26 13:20 stress_test.json
[2025-11-05T07:49:06.612+0000] {docker.py:438} INFO - -rw-rw-r-- 1    1000 1000     301 Oct 27 08:46 test-stress-fixed.yaml
[2025-11-05T07:49:06.612+0000] {docker.py:438} INFO - -rw-rw-r-- 1    1000 1000     295 Oct 27 08:49 test_after_fix.yaml
[2025-11-05T07:49:06.613+0000] {docker.py:438} INFO - -rw-r--r-- 1    1000 1000     367 Sep 17 07:24 test_params.json
[2025-11-05T07:49:06.613+0000] {docker.py:438} INFO - Starting continuous container restart experiment...
[2025-11-05T07:49:07.608+0000] {docker.py:438} INFO - [32m[2025-11-05 07:49:07 INFO] Validating the experiment's syntax
[2025-11-05T07:49:08.303+0000] {docker.py:438} INFO - [32m[2025-11-05 07:49:08 INFO] Experiment looks valid
[2025-11-05T07:49:08.318+0000] {docker.py:438} INFO - [32m[2025-11-05 07:49:08 INFO] Running experiment: Continuous Container Restart Experiment
[2025-11-05T07:49:08.324+0000] {docker.py:438} INFO - [32m[2025-11-05 07:49:08 INFO] Steady-state strategy: default
[2025-11-05T07:49:08.325+0000] {docker.py:438} INFO - [32m[2025-11-05 07:49:08 INFO] Rollbacks strategy: default
[2025-11-05T07:49:08.326+0000] {docker.py:438} INFO - [32m[2025-11-05 07:49:08 INFO] No steady state hypothesis defined. That's ok, just exploring.
[2025-11-05T07:49:08.326+0000] {docker.py:438} INFO - [32m[2025-11-05 07:49:08 INFO] Playing your experiment's method now...
[2025-11-05T07:49:08.326+0000] {docker.py:438} INFO - [32m[2025-11-05 07:49:08 INFO] Action: continuous-container-restart
[2025-11-05T07:49:22.826+0000] {docker.py:438} INFO - üöÄ [DEBUG] Entered restart_containers_continuous()
[2025-11-05T07:49:22.826+0000] {docker.py:438} INFO -    Params => label_selector=app=compose-post-service, interval=5, duration=400, ns=default, container_name=compose-post-service
[2025-11-05T07:49:22.827+0000] {docker.py:438} INFO - 
[2025-11-05T07:49:22.827+0000] {docker.py:438} INFO - ============================================================
[2025-11-05T07:49:22.828+0000] {docker.py:438} INFO - üîÑ [DEBUG] Container Restart Cycle #1 at 2025-11-05 07:49:08
[2025-11-05T07:49:22.828+0000] {docker.py:438} INFO - ============================================================
[2025-11-05T07:49:22.828+0000] {docker.py:438} INFO - üîÑ [DEBUG] Entered restart_containers()
[2025-11-05T07:49:22.829+0000] {docker.py:438} INFO -    Params => label_selector=app=compose-post-service, name_pattern=None, qty=2, rand=True, mode=fixed, ns=default, order=alphabetic, container_name=compose-post-service, restart_command=None
[2025-11-05T07:49:22.829+0000] {docker.py:438} INFO - üîë [DEBUG] Kubernetes API client created
[2025-11-05T07:49:22.830+0000] {docker.py:438} INFO - üîç [DEBUG] Selecting pods now...
[2025-11-05T07:49:22.830+0000] {docker.py:438} INFO - üîç [DEBUG] Entered _select_pods()
[2025-11-05T07:49:22.831+0000] {docker.py:438} INFO -    Params => label_selector=app=compose-post-service, name_pattern=None, all=False, rand=True, mode=fixed, qty=2, ns=default, order=alphabetic
[2025-11-05T07:49:22.831+0000] {docker.py:438} INFO -    [DEBUG] Listing pods with label_selector=app=compose-post-service
[2025-11-05T07:49:22.831+0000] {docker.py:438} INFO - üìã [DEBUG] Found 1 pods initially
[2025-11-05T07:49:22.832+0000] {docker.py:438} INFO - üé≤ [DEBUG] Random selection chosen: 1 pods
[2025-11-05T07:49:22.832+0000] {docker.py:438} INFO - ‚úÖ [DEBUG] Selected pods: ['compose-post-service-5cbc68898b-6wtmw']
[2025-11-05T07:49:22.833+0000] {docker.py:438} INFO - üìã [DEBUG] Pods selected: 1
[2025-11-05T07:49:22.833+0000] {docker.py:438} INFO - 
[2025-11-05T07:49:22.833+0000] {docker.py:438} INFO - üéØ [DEBUG] Processing pod: compose-post-service-5cbc68898b-6wtmw
[2025-11-05T07:49:22.834+0000] {docker.py:438} INFO - üì¶ [DEBUG] Using provided container: compose-post-service
[2025-11-05T07:49:22.834+0000] {docker.py:438} INFO - üîç [DEBUG] _get_restart_count() called for pod=compose-post-service-5cbc68898b-6wtmw, ns=default, container=compose-post-service
[2025-11-05T07:49:22.835+0000] {docker.py:438} INFO -    [DEBUG] Found 1 container_status entries
[2025-11-05T07:49:22.835+0000] {docker.py:438} INFO -    [DEBUG] container: compose-post-service, restart_count: 193
[2025-11-05T07:49:22.835+0000] {docker.py:438} INFO -    ‚úÖ [DEBUG] Matched container compose-post-service, restart_count=193
[2025-11-05T07:49:22.836+0000] {docker.py:438} INFO - üìä [DEBUG] Restart count before action: 193
[2025-11-05T07:49:22.836+0000] {docker.py:438} INFO - üîß [DEBUG] Restart strategies to try: [['sh', '-c', 'kill -INT 1'], ['sh', '-c', 'kill -2 1'], ['sh', '-c', 'kill -TERM 1'], ['sh', '-c', 'kill -9 1']]
[2025-11-05T07:49:22.837+0000] {docker.py:438} INFO - ‚û°Ô∏è [DEBUG] Trying restart strategy #1: sh -c kill -INT 1
[2025-11-05T07:49:22.837+0000] {docker.py:438} INFO -    ‚ùå [DEBUG] Failed to open exec stream for pod compose-post-service-5cbc68898b-6wtmw, container compose-post-service: (0)
[2025-11-05T07:49:22.837+0000] {docker.py:438} INFO - Reason: Handshake status 500 Internal Server Error -+-+- {'date': 'Wed, 05 Nov 2025 07:49:09 GMT', 'connection': 'close', 'content-length': '0'} -+-+- b''
[2025-11-05T07:49:22.838+0000] {docker.py:438} INFO - 
[2025-11-05T07:49:22.838+0000] {docker.py:438} INFO - ‚û°Ô∏è [DEBUG] Trying restart strategy #2: sh -c kill -2 1
[2025-11-05T07:49:22.839+0000] {docker.py:438} INFO -    ‚ùå [DEBUG] Failed to open exec stream for pod compose-post-service-5cbc68898b-6wtmw, container compose-post-service: (0)
[2025-11-05T07:49:22.839+0000] {docker.py:438} INFO - Reason: Handshake status 500 Internal Server Error -+-+- {'date': 'Wed, 05 Nov 2025 07:49:09 GMT', 'connection': 'close', 'content-length': '0'} -+-+- b''
[2025-11-05T07:49:22.839+0000] {docker.py:438} INFO - 
[2025-11-05T07:49:22.840+0000] {docker.py:438} INFO - ‚û°Ô∏è [DEBUG] Trying restart strategy #3: sh -c kill -TERM 1
[2025-11-05T07:49:22.840+0000] {docker.py:438} INFO -    ‚ùå [DEBUG] Failed to open exec stream for pod compose-post-service-5cbc68898b-6wtmw, container compose-post-service: (0)
[2025-11-05T07:49:22.841+0000] {docker.py:438} INFO - Reason: Handshake status 500 Internal Server Error -+-+- {'date': 'Wed, 05 Nov 2025 07:49:10 GMT', 'connection': 'close', 'content-length': '0'} -+-+- b''
[2025-11-05T07:49:22.841+0000] {docker.py:438} INFO - 
[2025-11-05T07:49:22.841+0000] {docker.py:438} INFO - ‚û°Ô∏è [DEBUG] Trying restart strategy #4: sh -c kill -9 1
[2025-11-05T07:49:22.842+0000] {docker.py:438} INFO -    ‚ùå [DEBUG] Failed to open exec stream for pod compose-post-service-5cbc68898b-6wtmw, container compose-post-service: (0)
[2025-11-05T07:49:22.842+0000] {docker.py:438} INFO - Reason: Handshake status 500 Internal Server Error -+-+- {'date': 'Wed, 05 Nov 2025 07:49:10 GMT', 'connection': 'close', 'content-length': '0'} -+-+- b''
[2025-11-05T07:49:22.843+0000] {docker.py:438} INFO - 
[2025-11-05T07:49:22.843+0000] {docker.py:438} INFO - ‚ùå [DEBUG] All strategies exhausted for pod compose-post-service-5cbc68898b-6wtmw and no restart observed
[2025-11-05T07:49:22.843+0000] {docker.py:438} INFO - 
[2025-11-05T07:49:22.844+0000] {docker.py:438} INFO - üèÅ [DEBUG] restart_containers() finished. Processed 1 pods
[2025-11-05T07:49:22.844+0000] {docker.py:438} INFO -    [DEBUG] restart_containers returned 1 entries
[2025-11-05T07:49:22.844+0000] {docker.py:438} INFO - ‚úÖ [DEBUG] Successfully restarted this cycle: 0
[2025-11-05T07:49:22.845+0000] {docker.py:438} INFO - ‚ùå [DEBUG] Failed restarts this cycle: 1
[2025-11-05T07:49:22.845+0000] {docker.py:438} INFO -    - compose-post-service-5cbc68898b-6wtmw status=restart_failed details={'pod_name': 'compose-post-service-5cbc68898b-6wtmw', 'container_name': 'compose-post-service', 'status': 'restart_failed', 'before_count': 193, 'stdout': None, 'stderr': None, 'ctrl_err': None}
[2025-11-05T07:49:22.846+0000] {docker.py:438} INFO - ‚è≥ [DEBUG] Waiting 5 seconds until next cycle. Time remaining: 398s
[2025-11-05T07:49:22.846+0000] {docker.py:438} INFO - 
[2025-11-05T07:49:22.846+0000] {docker.py:438} INFO - ============================================================
[2025-11-05T07:49:22.847+0000] {docker.py:438} INFO - üîÑ [DEBUG] Container Restart Cycle #2 at 2025-11-05 07:49:15
[2025-11-05T07:49:22.847+0000] {docker.py:438} INFO - ============================================================
[2025-11-05T07:49:22.848+0000] {docker.py:438} INFO - üîÑ [DEBUG] Entered restart_containers()
[2025-11-05T07:49:22.848+0000] {docker.py:438} INFO -    Params => label_selector=app=compose-post-service, name_pattern=None, qty=2, rand=True, mode=fixed, ns=default, order=alphabetic, container_name=compose-post-service, restart_command=None
[2025-11-05T07:49:22.848+0000] {docker.py:438} INFO - üîë [DEBUG] Kubernetes API client created
[2025-11-05T07:49:22.849+0000] {docker.py:438} INFO - üîç [DEBUG] Selecting pods now...
[2025-11-05T07:49:22.849+0000] {docker.py:438} INFO - üîç [DEBUG] Entered _select_pods()
[2025-11-05T07:49:22.850+0000] {docker.py:438} INFO -    Params => label_selector=app=compose-post-service, name_pattern=None, all=False, rand=True, mode=fixed, qty=2, ns=default, order=alphabetic
[2025-11-05T07:49:22.850+0000] {docker.py:438} INFO -    [DEBUG] Listing pods with label_selector=app=compose-post-service
[2025-11-05T07:49:22.851+0000] {docker.py:438} INFO - üìã [DEBUG] Found 1 pods initially
[2025-11-05T07:49:22.851+0000] {docker.py:438} INFO - üé≤ [DEBUG] Random selection chosen: 1 pods
[2025-11-05T07:49:22.851+0000] {docker.py:438} INFO - ‚úÖ [DEBUG] Selected pods: ['compose-post-service-5cbc68898b-6wtmw']
[2025-11-05T07:49:22.852+0000] {docker.py:438} INFO - üìã [DEBUG] Pods selected: 1
[2025-11-05T07:49:22.852+0000] {docker.py:438} INFO - 
[2025-11-05T07:49:22.853+0000] {docker.py:438} INFO - üéØ [DEBUG] Processing pod: compose-post-service-5cbc68898b-6wtmw
[2025-11-05T07:49:22.853+0000] {docker.py:438} INFO - üì¶ [DEBUG] Using provided container: compose-post-service
[2025-11-05T07:49:22.853+0000] {docker.py:438} INFO - üîç [DEBUG] _get_restart_count() called for pod=compose-post-service-5cbc68898b-6wtmw, ns=default, container=compose-post-service
[2025-11-05T07:49:22.854+0000] {docker.py:438} INFO -    [DEBUG] Found 1 container_status entries
[2025-11-05T07:49:22.854+0000] {docker.py:438} INFO -    [DEBUG] container: compose-post-service, restart_count: 193
[2025-11-05T07:49:22.854+0000] {docker.py:438} INFO -    ‚úÖ [DEBUG] Matched container compose-post-service, restart_count=193
[2025-11-05T07:49:22.855+0000] {docker.py:438} INFO - üìä [DEBUG] Restart count before action: 193
[2025-11-05T07:49:22.855+0000] {docker.py:438} INFO - üîß [DEBUG] Restart strategies to try: [['sh', '-c', 'kill -INT 1'], ['sh', '-c', 'kill -2 1'], ['sh', '-c', 'kill -TERM 1'], ['sh', '-c', 'kill -9 1']]
[2025-11-05T07:49:22.856+0000] {docker.py:438} INFO - ‚û°Ô∏è [DEBUG] Trying restart strategy #1: sh -c kill -INT 1
[2025-11-05T07:49:22.856+0000] {docker.py:438} INFO -    ‚ùå [DEBUG] Failed to open exec stream for pod compose-post-service-5cbc68898b-6wtmw, container compose-post-service: (0)
[2025-11-05T07:49:22.856+0000] {docker.py:438} INFO - Reason: Handshake status 500 Internal Server Error -+-+- {'date': 'Wed, 05 Nov 2025 07:49:16 GMT', 'connection': 'close', 'content-length': '0'} -+-+- b''
[2025-11-05T07:49:22.857+0000] {docker.py:438} INFO - 
[2025-11-05T07:49:22.857+0000] {docker.py:438} INFO - ‚û°Ô∏è [DEBUG] Trying restart strategy #2: sh -c kill -2 1
[2025-11-05T07:49:22.858+0000] {docker.py:438} INFO -    ‚ùå [DEBUG] Failed to open exec stream for pod compose-post-service-5cbc68898b-6wtmw, container compose-post-service: (0)
[2025-11-05T07:49:22.858+0000] {docker.py:438} INFO - Reason: Handshake status 500 Internal Server Error -+-+- {'date': 'Wed, 05 Nov 2025 07:49:16 GMT', 'connection': 'close', 'content-length': '0'} -+-+- b''
[2025-11-05T07:49:22.858+0000] {docker.py:438} INFO - 
[2025-11-05T07:49:22.859+0000] {docker.py:438} INFO - ‚û°Ô∏è [DEBUG] Trying restart strategy #3: sh -c kill -TERM 1
[2025-11-05T07:49:22.859+0000] {docker.py:438} INFO -    ‚ùå [DEBUG] Failed to open exec stream for pod compose-post-service-5cbc68898b-6wtmw, container compose-post-service: (0)
[2025-11-05T07:49:22.860+0000] {docker.py:438} INFO - Reason: Handshake status 500 Internal Server Error -+-+- {'date': 'Wed, 05 Nov 2025 07:49:17 GMT', 'connection': 'close', 'content-length': '0'} -+-+- b''
[2025-11-05T07:49:22.860+0000] {docker.py:438} INFO - 
[2025-11-05T07:49:22.860+0000] {docker.py:438} INFO - ‚û°Ô∏è [DEBUG] Trying restart strategy #4: sh -c kill -9 1
[2025-11-05T07:49:22.861+0000] {docker.py:438} INFO -    ‚ùå [DEBUG] Failed to open exec stream for pod compose-post-service-5cbc68898b-6wtmw, container compose-post-service: (0)
[2025-11-05T07:49:22.861+0000] {docker.py:438} INFO - Reason: Handshake status 500 Internal Server Error -+-+- {'date': 'Wed, 05 Nov 2025 07:49:17 GMT', 'connection': 'close', 'content-length': '0'} -+-+- b''
[2025-11-05T07:49:22.862+0000] {docker.py:438} INFO - 
[2025-11-05T07:49:22.862+0000] {docker.py:438} INFO - ‚ùå [DEBUG] All strategies exhausted for pod compose-post-service-5cbc68898b-6wtmw and no restart observed
[2025-11-05T07:49:22.862+0000] {docker.py:438} INFO - 
[2025-11-05T07:49:22.863+0000] {docker.py:438} INFO - üèÅ [DEBUG] restart_containers() finished. Processed 1 pods
[2025-11-05T07:49:22.863+0000] {docker.py:438} INFO -    [DEBUG] restart_containers returned 1 entries
[2025-11-05T07:49:22.863+0000] {docker.py:438} INFO - ‚úÖ [DEBUG] Successfully restarted this cycle: 0
[2025-11-05T07:49:22.864+0000] {docker.py:438} INFO - ‚ùå [DEBUG] Failed restarts this cycle: 1
[2025-11-05T07:49:22.864+0000] {docker.py:438} INFO -    - compose-post-service-5cbc68898b-6wtmw status=restart_failed details={'pod_name': 'compose-post-service-5cbc68898b-6wtmw', 'container_name': 'compose-post-service', 'status': 'restart_failed', 'before_count': 193, 'stdout': None, 'stderr': None, 'ctrl_err': None}
[2025-11-05T07:49:22.865+0000] {docker.py:438} INFO - ‚è≥ [DEBUG] Waiting 5 seconds until next cycle. Time remaining: 391s
[2025-11-05T07:49:22.865+0000] {docker.py:438} INFO - 
[2025-11-05T07:49:22.865+0000] {docker.py:438} INFO - ============================================================
[2025-11-05T07:49:22.866+0000] {docker.py:438} INFO - üîÑ [DEBUG] Container Restart Cycle #3 at 2025-11-05 07:49:22
[2025-11-05T07:49:22.866+0000] {docker.py:438} INFO - ============================================================
[2025-11-05T07:49:22.867+0000] {docker.py:438} INFO - üîÑ [DEBUG] Entered restart_containers()
[2025-11-05T07:49:22.867+0000] {docker.py:438} INFO -    Params => label_selector=app=compose-post-service, name_pattern=None, qty=2, rand=True, mode=fixed, ns=default, order=alphabetic, container_name=compose-post-service, restart_command=None
[2025-11-05T07:49:22.867+0000] {docker.py:438} INFO - üîë [DEBUG] Kubernetes API client created
[2025-11-05T07:49:22.868+0000] {docker.py:438} INFO - üîç [DEBUG] Selecting pods now...
[2025-11-05T07:49:22.868+0000] {docker.py:438} INFO - üîç [DEBUG] Entered _select_pods()
[2025-11-05T07:49:22.868+0000] {docker.py:438} INFO -    Params => label_selector=app=compose-post-service, name_pattern=None, all=False, rand=True, mode=fixed, qty=2, ns=default, order=alphabetic
[2025-11-05T07:49:22.869+0000] {docker.py:438} INFO -    [DEBUG] Listing pods with label_selector=app=compose-post-service
[2025-11-05T07:49:22.870+0000] {docker.py:438} INFO - üìã [DEBUG] Found 1 pods initially
[2025-11-05T07:49:22.870+0000] {docker.py:438} INFO - üé≤ [DEBUG] Random selection chosen: 1 pods
[2025-11-05T07:49:22.870+0000] {docker.py:438} INFO - ‚úÖ [DEBUG] Selected pods: ['compose-post-service-5cbc68898b-6wtmw']
[2025-11-05T07:49:38.287+0000] {docker.py:438} INFO - üìã [DEBUG] Pods selected: 1
[2025-11-05T07:49:38.287+0000] {docker.py:438} INFO - 
[2025-11-05T07:49:38.289+0000] {docker.py:438} INFO - üéØ [DEBUG] Processing pod: compose-post-service-5cbc68898b-6wtmw
[2025-11-05T07:49:38.289+0000] {docker.py:438} INFO - üì¶ [DEBUG] Using provided container: compose-post-service
[2025-11-05T07:49:38.290+0000] {docker.py:438} INFO - üîç [DEBUG] _get_restart_count() called for pod=compose-post-service-5cbc68898b-6wtmw, ns=default, container=compose-post-service
[2025-11-05T07:49:38.290+0000] {docker.py:438} INFO -    [DEBUG] Found 1 container_status entries
[2025-11-05T07:49:38.290+0000] {docker.py:438} INFO -    [DEBUG] container: compose-post-service, restart_count: 193
[2025-11-05T07:49:38.291+0000] {docker.py:438} INFO -    ‚úÖ [DEBUG] Matched container compose-post-service, restart_count=193
[2025-11-05T07:49:38.291+0000] {docker.py:438} INFO - üìä [DEBUG] Restart count before action: 193
[2025-11-05T07:49:38.291+0000] {docker.py:438} INFO - üîß [DEBUG] Restart strategies to try: [['sh', '-c', 'kill -INT 1'], ['sh', '-c', 'kill -2 1'], ['sh', '-c', 'kill -TERM 1'], ['sh', '-c', 'kill -9 1']]
[2025-11-05T07:49:38.292+0000] {docker.py:438} INFO - ‚û°Ô∏è [DEBUG] Trying restart strategy #1: sh -c kill -INT 1
[2025-11-05T07:49:38.292+0000] {docker.py:438} INFO -    ‚ùå [DEBUG] Failed to open exec stream for pod compose-post-service-5cbc68898b-6wtmw, container compose-post-service: (0)
[2025-11-05T07:49:38.293+0000] {docker.py:438} INFO - Reason: Handshake status 500 Internal Server Error -+-+- {'date': 'Wed, 05 Nov 2025 07:49:23 GMT', 'connection': 'close', 'content-length': '0'} -+-+- b''
[2025-11-05T07:49:38.293+0000] {docker.py:438} INFO - 
[2025-11-05T07:49:38.293+0000] {docker.py:438} INFO - ‚û°Ô∏è [DEBUG] Trying restart strategy #2: sh -c kill -2 1
[2025-11-05T07:49:38.294+0000] {docker.py:438} INFO -    ‚ùå [DEBUG] Failed to open exec stream for pod compose-post-service-5cbc68898b-6wtmw, container compose-post-service: (0)
[2025-11-05T07:49:38.294+0000] {docker.py:438} INFO - Reason: Handshake status 500 Internal Server Error -+-+- {'date': 'Wed, 05 Nov 2025 07:49:23 GMT', 'connection': 'close', 'content-length': '0'} -+-+- b''
[2025-11-05T07:49:38.295+0000] {docker.py:438} INFO - 
[2025-11-05T07:49:38.295+0000] {docker.py:438} INFO - ‚û°Ô∏è [DEBUG] Trying restart strategy #3: sh -c kill -TERM 1
[2025-11-05T07:49:38.295+0000] {docker.py:438} INFO -    ‚ùå [DEBUG] Failed to open exec stream for pod compose-post-service-5cbc68898b-6wtmw, container compose-post-service: (0)
[2025-11-05T07:49:38.296+0000] {docker.py:438} INFO - Reason: Handshake status 500 Internal Server Error -+-+- {'date': 'Wed, 05 Nov 2025 07:49:24 GMT', 'connection': 'close', 'content-length': '0'} -+-+- b''
[2025-11-05T07:49:38.296+0000] {docker.py:438} INFO - 
[2025-11-05T07:49:38.297+0000] {docker.py:438} INFO - ‚û°Ô∏è [DEBUG] Trying restart strategy #4: sh -c kill -9 1
[2025-11-05T07:49:38.297+0000] {docker.py:438} INFO -    ‚ùå [DEBUG] Failed to open exec stream for pod compose-post-service-5cbc68898b-6wtmw, container compose-post-service: (0)
[2025-11-05T07:49:38.297+0000] {docker.py:438} INFO - Reason: Handshake status 500 Internal Server Error -+-+- {'date': 'Wed, 05 Nov 2025 07:49:24 GMT', 'connection': 'close', 'content-length': '0'} -+-+- b''
[2025-11-05T07:49:38.298+0000] {docker.py:438} INFO - 
[2025-11-05T07:49:38.298+0000] {docker.py:438} INFO - ‚ùå [DEBUG] All strategies exhausted for pod compose-post-service-5cbc68898b-6wtmw and no restart observed
[2025-11-05T07:49:38.299+0000] {docker.py:438} INFO - 
[2025-11-05T07:49:38.299+0000] {docker.py:438} INFO - üèÅ [DEBUG] restart_containers() finished. Processed 1 pods
[2025-11-05T07:49:38.299+0000] {docker.py:438} INFO -    [DEBUG] restart_containers returned 1 entries
[2025-11-05T07:49:38.300+0000] {docker.py:438} INFO - ‚úÖ [DEBUG] Successfully restarted this cycle: 0
[2025-11-05T07:49:38.300+0000] {docker.py:438} INFO - ‚ùå [DEBUG] Failed restarts this cycle: 1
[2025-11-05T07:49:38.301+0000] {docker.py:438} INFO -    - compose-post-service-5cbc68898b-6wtmw status=restart_failed details={'pod_name': 'compose-post-service-5cbc68898b-6wtmw', 'container_name': 'compose-post-service', 'status': 'restart_failed', 'before_count': 193, 'stdout': None, 'stderr': None, 'ctrl_err': None}
[2025-11-05T07:49:38.301+0000] {docker.py:438} INFO - ‚è≥ [DEBUG] Waiting 5 seconds until next cycle. Time remaining: 384s
[2025-11-05T07:49:38.302+0000] {docker.py:438} INFO - 
[2025-11-05T07:49:38.302+0000] {docker.py:438} INFO - ============================================================
[2025-11-05T07:49:38.302+0000] {docker.py:438} INFO - üîÑ [DEBUG] Container Restart Cycle #4 at 2025-11-05 07:49:29
[2025-11-05T07:49:38.303+0000] {docker.py:438} INFO - ============================================================
[2025-11-05T07:49:38.303+0000] {docker.py:438} INFO - üîÑ [DEBUG] Entered restart_containers()
[2025-11-05T07:49:38.303+0000] {docker.py:438} INFO -    Params => label_selector=app=compose-post-service, name_pattern=None, qty=2, rand=True, mode=fixed, ns=default, order=alphabetic, container_name=compose-post-service, restart_command=None
[2025-11-05T07:49:38.304+0000] {docker.py:438} INFO - üîë [DEBUG] Kubernetes API client created
[2025-11-05T07:49:38.304+0000] {docker.py:438} INFO - üîç [DEBUG] Selecting pods now...
[2025-11-05T07:49:38.305+0000] {docker.py:438} INFO - üîç [DEBUG] Entered _select_pods()
[2025-11-05T07:49:38.305+0000] {docker.py:438} INFO -    Params => label_selector=app=compose-post-service, name_pattern=None, all=False, rand=True, mode=fixed, qty=2, ns=default, order=alphabetic
[2025-11-05T07:49:38.305+0000] {docker.py:438} INFO -    [DEBUG] Listing pods with label_selector=app=compose-post-service
[2025-11-05T07:49:38.306+0000] {docker.py:438} INFO - üìã [DEBUG] Found 1 pods initially
[2025-11-05T07:49:38.306+0000] {docker.py:438} INFO - üé≤ [DEBUG] Random selection chosen: 1 pods
[2025-11-05T07:49:38.307+0000] {docker.py:438} INFO - ‚úÖ [DEBUG] Selected pods: ['compose-post-service-5cbc68898b-6wtmw']
[2025-11-05T07:49:38.307+0000] {docker.py:438} INFO - üìã [DEBUG] Pods selected: 1
[2025-11-05T07:49:38.307+0000] {docker.py:438} INFO - 
[2025-11-05T07:49:38.308+0000] {docker.py:438} INFO - üéØ [DEBUG] Processing pod: compose-post-service-5cbc68898b-6wtmw
[2025-11-05T07:49:38.308+0000] {docker.py:438} INFO - üì¶ [DEBUG] Using provided container: compose-post-service
[2025-11-05T07:49:38.309+0000] {docker.py:438} INFO - üîç [DEBUG] _get_restart_count() called for pod=compose-post-service-5cbc68898b-6wtmw, ns=default, container=compose-post-service
[2025-11-05T07:49:38.309+0000] {docker.py:438} INFO -    [DEBUG] Found 1 container_status entries
[2025-11-05T07:49:38.309+0000] {docker.py:438} INFO -    [DEBUG] container: compose-post-service, restart_count: 193
[2025-11-05T07:49:38.310+0000] {docker.py:438} INFO -    ‚úÖ [DEBUG] Matched container compose-post-service, restart_count=193
[2025-11-05T07:49:38.310+0000] {docker.py:438} INFO - üìä [DEBUG] Restart count before action: 193
[2025-11-05T07:49:38.310+0000] {docker.py:438} INFO - üîß [DEBUG] Restart strategies to try: [['sh', '-c', 'kill -INT 1'], ['sh', '-c', 'kill -2 1'], ['sh', '-c', 'kill -TERM 1'], ['sh', '-c', 'kill -9 1']]
[2025-11-05T07:49:38.311+0000] {docker.py:438} INFO - ‚û°Ô∏è [DEBUG] Trying restart strategy #1: sh -c kill -INT 1
[2025-11-05T07:49:38.311+0000] {docker.py:438} INFO -    ‚ùå [DEBUG] Failed to open exec stream for pod compose-post-service-5cbc68898b-6wtmw, container compose-post-service: (0)
[2025-11-05T07:49:38.312+0000] {docker.py:438} INFO - Reason: Handshake status 500 Internal Server Error -+-+- {'date': 'Wed, 05 Nov 2025 07:49:30 GMT', 'connection': 'close', 'content-length': '0'} -+-+- b''
[2025-11-05T07:49:38.312+0000] {docker.py:438} INFO - 
[2025-11-05T07:49:38.312+0000] {docker.py:438} INFO - ‚û°Ô∏è [DEBUG] Trying restart strategy #2: sh -c kill -2 1
[2025-11-05T07:49:38.313+0000] {docker.py:438} INFO -    ‚ùå [DEBUG] Failed to open exec stream for pod compose-post-service-5cbc68898b-6wtmw, container compose-post-service: (0)
[2025-11-05T07:49:38.313+0000] {docker.py:438} INFO - Reason: Handshake status 500 Internal Server Error -+-+- {'date': 'Wed, 05 Nov 2025 07:49:30 GMT', 'connection': 'close', 'content-length': '0'} -+-+- b''
[2025-11-05T07:49:38.314+0000] {docker.py:438} INFO - 
[2025-11-05T07:49:38.314+0000] {docker.py:438} INFO - ‚û°Ô∏è [DEBUG] Trying restart strategy #3: sh -c kill -TERM 1
[2025-11-05T07:49:38.314+0000] {docker.py:438} INFO -    ‚ùå [DEBUG] Failed to open exec stream for pod compose-post-service-5cbc68898b-6wtmw, container compose-post-service: (0)
[2025-11-05T07:49:38.315+0000] {docker.py:438} INFO - Reason: Handshake status 500 Internal Server Error -+-+- {'date': 'Wed, 05 Nov 2025 07:49:31 GMT', 'connection': 'close', 'content-length': '0'} -+-+- b''
[2025-11-05T07:49:38.315+0000] {docker.py:438} INFO - 
[2025-11-05T07:49:38.316+0000] {docker.py:438} INFO - ‚û°Ô∏è [DEBUG] Trying restart strategy #4: sh -c kill -9 1
[2025-11-05T07:49:38.316+0000] {docker.py:438} INFO -    ‚ùå [DEBUG] Failed to open exec stream for pod compose-post-service-5cbc68898b-6wtmw, container compose-post-service: (0)
[2025-11-05T07:49:38.316+0000] {docker.py:438} INFO - Reason: Handshake status 500 Internal Server Error -+-+- {'date': 'Wed, 05 Nov 2025 07:49:31 GMT', 'connection': 'close', 'content-length': '0'} -+-+- b''
[2025-11-05T07:49:38.317+0000] {docker.py:438} INFO - 
[2025-11-05T07:49:38.317+0000] {docker.py:438} INFO - ‚ùå [DEBUG] All strategies exhausted for pod compose-post-service-5cbc68898b-6wtmw and no restart observed
[2025-11-05T07:49:38.317+0000] {docker.py:438} INFO - 
[2025-11-05T07:49:38.318+0000] {docker.py:438} INFO - üèÅ [DEBUG] restart_containers() finished. Processed 1 pods
[2025-11-05T07:49:38.318+0000] {docker.py:438} INFO -    [DEBUG] restart_containers returned 1 entries
[2025-11-05T07:49:38.319+0000] {docker.py:438} INFO - ‚úÖ [DEBUG] Successfully restarted this cycle: 0
[2025-11-05T07:49:38.319+0000] {docker.py:438} INFO - ‚ùå [DEBUG] Failed restarts this cycle: 1
[2025-11-05T07:49:38.319+0000] {docker.py:438} INFO -    - compose-post-service-5cbc68898b-6wtmw status=restart_failed details={'pod_name': 'compose-post-service-5cbc68898b-6wtmw', 'container_name': 'compose-post-service', 'status': 'restart_failed', 'before_count': 193, 'stdout': None, 'stderr': None, 'ctrl_err': None}
[2025-11-05T07:49:38.320+0000] {docker.py:438} INFO - ‚è≥ [DEBUG] Waiting 5 seconds until next cycle. Time remaining: 377s
[2025-11-05T07:49:38.320+0000] {docker.py:438} INFO - 
[2025-11-05T07:49:38.321+0000] {docker.py:438} INFO - ============================================================
[2025-11-05T07:49:38.321+0000] {docker.py:438} INFO - üîÑ [DEBUG] Container Restart Cycle #5 at 2025-11-05 07:49:36
[2025-11-05T07:49:38.321+0000] {docker.py:438} INFO - ============================================================
[2025-11-05T07:49:38.322+0000] {docker.py:438} INFO - üîÑ [DEBUG] Entered restart_containers()
[2025-11-05T07:49:38.322+0000] {docker.py:438} INFO -    Params => label_selector=app=compose-post-service, name_pattern=None, qty=2, rand=True, mode=fixed, ns=default, order=alphabetic, container_name=compose-post-service, restart_command=None
[2025-11-05T07:49:38.322+0000] {docker.py:438} INFO - üîë [DEBUG] Kubernetes API client created
[2025-11-05T07:49:38.323+0000] {docker.py:438} INFO - üîç [DEBUG] Selecting pods now...
[2025-11-05T07:49:38.323+0000] {docker.py:438} INFO - üîç [DEBUG] Entered _select_pods()
[2025-11-05T07:49:38.324+0000] {docker.py:438} INFO -    Params => label_selector=app=compose-post-service, name_pattern=None, all=False, rand=True, mode=fixed, qty=2, ns=default, order=alphabetic
[2025-11-05T07:49:38.324+0000] {docker.py:438} INFO -    [DEBUG] Listing pods with label_selector=app=compose-post-service
[2025-11-05T07:49:38.324+0000] {docker.py:438} INFO - üìã [DEBUG] Found 1 pods initially
[2025-11-05T07:49:38.325+0000] {docker.py:438} INFO - üé≤ [DEBUG] Random selection chosen: 1 pods
[2025-11-05T07:49:38.325+0000] {docker.py:438} INFO - ‚úÖ [DEBUG] Selected pods: ['compose-post-service-5cbc68898b-6wtmw']
[2025-11-05T07:49:38.326+0000] {docker.py:438} INFO - üìã [DEBUG] Pods selected: 1
[2025-11-05T07:49:38.326+0000] {docker.py:438} INFO - 
[2025-11-05T07:49:38.326+0000] {docker.py:438} INFO - üéØ [DEBUG] Processing pod: compose-post-service-5cbc68898b-6wtmw
[2025-11-05T07:49:38.327+0000] {docker.py:438} INFO - üì¶ [DEBUG] Using provided container: compose-post-service
[2025-11-05T07:49:38.327+0000] {docker.py:438} INFO - üîç [DEBUG] _get_restart_count() called for pod=compose-post-service-5cbc68898b-6wtmw, ns=default, container=compose-post-service
[2025-11-05T07:49:38.328+0000] {docker.py:438} INFO -    [DEBUG] Found 1 container_status entries
[2025-11-05T07:49:38.328+0000] {docker.py:438} INFO -    [DEBUG] container: compose-post-service, restart_count: 194
[2025-11-05T07:49:38.328+0000] {docker.py:438} INFO -    ‚úÖ [DEBUG] Matched container compose-post-service, restart_count=194
[2025-11-05T07:49:38.329+0000] {docker.py:438} INFO - üìä [DEBUG] Restart count before action: 194
[2025-11-05T07:49:38.329+0000] {docker.py:438} INFO - üîß [DEBUG] Restart strategies to try: [['sh', '-c', 'kill -INT 1'], ['sh', '-c', 'kill -2 1'], ['sh', '-c', 'kill -TERM 1'], ['sh', '-c', 'kill -9 1']]
[2025-11-05T07:49:38.330+0000] {docker.py:438} INFO - ‚û°Ô∏è [DEBUG] Trying restart strategy #1: sh -c kill -INT 1
[2025-11-05T07:49:38.330+0000] {docker.py:438} INFO -    [DEBUG] Exec stream opened successfully, running command...
[2025-11-05T07:49:38.330+0000] {docker.py:438} INFO -    [DEBUG] run_forever returned/finished
[2025-11-05T07:49:38.331+0000] {docker.py:438} INFO -    üì§ [DEBUG] STDOUT (truncated): 
[2025-11-05T07:49:38.331+0000] {docker.py:438} INFO -    üì§ [DEBUG] STDERR (truncated): 
[2025-11-05T07:49:38.332+0000] {docker.py:438} INFO -    üì§ [DEBUG] CTRL_ERR: {"metadata":{},"status":"Success"}
[2025-11-05T07:49:38.332+0000] {docker.py:438} INFO -    ‚è≥ [DEBUG] Waiting up to 60s for restart count to increment...
[2025-11-05T07:49:38.332+0000] {docker.py:438} INFO - üîç [DEBUG] _get_restart_count() called for pod=compose-post-service-5cbc68898b-6wtmw, ns=default, container=compose-post-service
[2025-11-05T07:49:38.724+0000] {local_task_job_runner.py:346} WARNING - State of this instance has been externally set to None. Terminating instance.
[2025-11-05T07:49:38.725+0000] {local_task_job_runner.py:245} INFO - ::endgroup::
[2025-11-05T07:49:38.731+0000] {process_utils.py:132} INFO - Sending 15 to group 5935. PIDs of all processes in the group: [5935]
[2025-11-05T07:49:38.731+0000] {process_utils.py:87} INFO - Sending the signal 15 to group 5935
[2025-11-05T07:49:38.732+0000] {taskinstance.py:3092} ERROR - Received SIGTERM. Terminating subprocesses.
[2025-11-05T07:49:38.732+0000] {docker.py:533} INFO - Stopping docker container
[2025-11-05T07:49:39.118+0000] {taskinstance.py:3310} ERROR - Task failed with exception
Traceback (most recent call last):
  File "/home/airflow/.local/lib/python3.11/site-packages/airflow/models/taskinstance.py", line 767, in _execute_task
    result = _execute_callable(context=context, **execute_callable_kwargs)
             ^^^^^^^^^^^^^^^^^^^^^^^^^^^^^^^^^^^^^^^^^^^^^^^^^^^^^^^^^^^^^
  File "/home/airflow/.local/lib/python3.11/site-packages/airflow/models/taskinstance.py", line 733, in _execute_callable
    return ExecutionCallableRunner(
           ^^^^^^^^^^^^^^^^^^^^^^^^
  File "/home/airflow/.local/lib/python3.11/site-packages/airflow/utils/operator_helpers.py", line 252, in run
    return self.func(*args, **kwargs)
           ^^^^^^^^^^^^^^^^^^^^^^^^^^
  File "/home/airflow/.local/lib/python3.11/site-packages/airflow/models/baseoperator.py", line 406, in wrapper
    return func(self, *args, **kwargs)
           ^^^^^^^^^^^^^^^^^^^^^^^^^^^
  File "/home/airflow/.local/lib/python3.11/site-packages/airflow/providers/docker/operators/docker.py", line 513, in execute
    return self._run_image()
           ^^^^^^^^^^^^^^^^^
  File "/home/airflow/.local/lib/python3.11/site-packages/airflow/providers/docker/operators/docker.py", line 384, in _run_image
    return self._run_image_with_mounts(self.mounts, add_tmp_variable=False)
           ^^^^^^^^^^^^^^^^^^^^^^^^^^^^^^^^^^^^^^^^^^^^^^^^^^^^^^^^^^^^^^^^
  File "/home/airflow/.local/lib/python3.11/site-packages/airflow/providers/docker/operators/docker.py", line 434, in _run_image_with_mounts
    for log_chunk in logstream:
  File "/home/airflow/.local/lib/python3.11/site-packages/docker/types/daemon.py", line 29, in __next__
    return next(self._stream)
           ^^^^^^^^^^^^^^^^^^
  File "/home/airflow/.local/lib/python3.11/site-packages/docker/api/client.py", line 438, in <genexpr>
    gen = (data for (_, data) in gen)
          ^^^^^^^^^^^^^^^^^^^^^^^^^^^
  File "/home/airflow/.local/lib/python3.11/site-packages/docker/utils/socket.py", line 112, in frames_iter_no_tty
    (stream, n) = next_frame_header(socket)
                  ^^^^^^^^^^^^^^^^^^^^^^^^^
  File "/home/airflow/.local/lib/python3.11/site-packages/docker/utils/socket.py", line 84, in next_frame_header
    data = read_exactly(socket, 8)
           ^^^^^^^^^^^^^^^^^^^^^^^
  File "/home/airflow/.local/lib/python3.11/site-packages/docker/utils/socket.py", line 69, in read_exactly
    next_data = read(socket, n - len(data))
                ^^^^^^^^^^^^^^^^^^^^^^^^^^^
  File "/home/airflow/.local/lib/python3.11/site-packages/docker/utils/socket.py", line 40, in read
    poll.poll()
  File "/home/airflow/.local/lib/python3.11/site-packages/airflow/models/taskinstance.py", line 3094, in signal_handler
    raise AirflowTaskTerminated("Task received SIGTERM signal")
airflow.exceptions.AirflowTaskTerminated: Task received SIGTERM signal
[2025-11-05T07:49:39.126+0000] {taskinstance.py:1225} INFO - Marking task as FAILED. dag_id=Container_Restart, task_id=apply_container_restart_docker, run_id=manual__2025-11-05T07:46:20.027569+00:00, execution_date=20251105T074620, start_date=20251105T074848, end_date=20251105T074939
[2025-11-05T07:49:39.150+0000] {taskinstance.py:340} INFO - ::group::Post task execution logs
[2025-11-05T07:49:39.152+0000] {standard_task_runner.py:124} ERROR - Failed to execute job 13700 for task apply_container_restart_docker ((psycopg2.errors.ForeignKeyViolation) insert or update on table "task_fail" violates foreign key constraint "task_fail_ti_fkey"
DETAIL:  Key (dag_id, task_id, run_id, map_index)=(Container_Restart, apply_container_restart_docker, manual__2025-11-05T07:46:20.027569+00:00, -1) is not present in table "task_instance".

[SQL: INSERT INTO task_fail (task_id, dag_id, run_id, map_index, start_date, end_date, duration) VALUES (%(task_id)s, %(dag_id)s, %(run_id)s, %(map_index)s, %(start_date)s, %(end_date)s, %(duration)s) RETURNING task_fail.id]
[parameters: {'task_id': 'apply_container_restart_docker', 'dag_id': 'Container_Restart', 'run_id': 'manual__2025-11-05T07:46:20.027569+00:00', 'map_index': -1, 'start_date': datetime.datetime(2025, 11, 5, 7, 48, 48, 120404, tzinfo=Timezone('UTC')), 'end_date': datetime.datetime(2025, 11, 5, 7, 49, 39, 126084, tzinfo=Timezone('UTC')), 'duration': 51}]
(Background on this error at: https://sqlalche.me/e/14/gkpj); 5935)
Traceback (most recent call last):
  File "/home/airflow/.local/lib/python3.11/site-packages/airflow/models/taskinstance.py", line 273, in _run_raw_task
    TaskInstance._execute_task_with_callbacks(
  File "/home/airflow/.local/lib/python3.11/site-packages/airflow/models/taskinstance.py", line 3158, in _execute_task_with_callbacks
    result = self._execute_task(context, task_orig)
             ^^^^^^^^^^^^^^^^^^^^^^^^^^^^^^^^^^^^^^
  File "/home/airflow/.local/lib/python3.11/site-packages/airflow/models/taskinstance.py", line 3182, in _execute_task
    return _execute_task(self, context, task_orig)
           ^^^^^^^^^^^^^^^^^^^^^^^^^^^^^^^^^^^^^^^
  File "/home/airflow/.local/lib/python3.11/site-packages/airflow/models/taskinstance.py", line 767, in _execute_task
    result = _execute_callable(context=context, **execute_callable_kwargs)
             ^^^^^^^^^^^^^^^^^^^^^^^^^^^^^^^^^^^^^^^^^^^^^^^^^^^^^^^^^^^^^
  File "/home/airflow/.local/lib/python3.11/site-packages/airflow/models/taskinstance.py", line 733, in _execute_callable
    return ExecutionCallableRunner(
           ^^^^^^^^^^^^^^^^^^^^^^^^
  File "/home/airflow/.local/lib/python3.11/site-packages/airflow/utils/operator_helpers.py", line 252, in run
    return self.func(*args, **kwargs)
           ^^^^^^^^^^^^^^^^^^^^^^^^^^
  File "/home/airflow/.local/lib/python3.11/site-packages/airflow/models/baseoperator.py", line 406, in wrapper
    return func(self, *args, **kwargs)
           ^^^^^^^^^^^^^^^^^^^^^^^^^^^
  File "/home/airflow/.local/lib/python3.11/site-packages/airflow/providers/docker/operators/docker.py", line 513, in execute
    return self._run_image()
           ^^^^^^^^^^^^^^^^^
  File "/home/airflow/.local/lib/python3.11/site-packages/airflow/providers/docker/operators/docker.py", line 384, in _run_image
    return self._run_image_with_mounts(self.mounts, add_tmp_variable=False)
           ^^^^^^^^^^^^^^^^^^^^^^^^^^^^^^^^^^^^^^^^^^^^^^^^^^^^^^^^^^^^^^^^
  File "/home/airflow/.local/lib/python3.11/site-packages/airflow/providers/docker/operators/docker.py", line 434, in _run_image_with_mounts
    for log_chunk in logstream:
  File "/home/airflow/.local/lib/python3.11/site-packages/docker/types/daemon.py", line 29, in __next__
    return next(self._stream)
           ^^^^^^^^^^^^^^^^^^
  File "/home/airflow/.local/lib/python3.11/site-packages/docker/api/client.py", line 438, in <genexpr>
    gen = (data for (_, data) in gen)
          ^^^^^^^^^^^^^^^^^^^^^^^^^^^
  File "/home/airflow/.local/lib/python3.11/site-packages/docker/utils/socket.py", line 112, in frames_iter_no_tty
    (stream, n) = next_frame_header(socket)
                  ^^^^^^^^^^^^^^^^^^^^^^^^^
  File "/home/airflow/.local/lib/python3.11/site-packages/docker/utils/socket.py", line 84, in next_frame_header
    data = read_exactly(socket, 8)
           ^^^^^^^^^^^^^^^^^^^^^^^
  File "/home/airflow/.local/lib/python3.11/site-packages/docker/utils/socket.py", line 69, in read_exactly
    next_data = read(socket, n - len(data))
                ^^^^^^^^^^^^^^^^^^^^^^^^^^^
  File "/home/airflow/.local/lib/python3.11/site-packages/docker/utils/socket.py", line 40, in read
    poll.poll()
  File "/home/airflow/.local/lib/python3.11/site-packages/airflow/models/taskinstance.py", line 3094, in signal_handler
    raise AirflowTaskTerminated("Task received SIGTERM signal")
airflow.exceptions.AirflowTaskTerminated: Task received SIGTERM signal

During handling of the above exception, another exception occurred:

Traceback (most recent call last):
  File "/home/airflow/.local/lib/python3.11/site-packages/sqlalchemy/engine/base.py", line 1910, in _execute_context
    self.dialect.do_execute(
  File "/home/airflow/.local/lib/python3.11/site-packages/sqlalchemy/engine/default.py", line 736, in do_execute
    cursor.execute(statement, parameters)
psycopg2.errors.ForeignKeyViolation: insert or update on table "task_fail" violates foreign key constraint "task_fail_ti_fkey"
DETAIL:  Key (dag_id, task_id, run_id, map_index)=(Container_Restart, apply_container_restart_docker, manual__2025-11-05T07:46:20.027569+00:00, -1) is not present in table "task_instance".


The above exception was the direct cause of the following exception:

Traceback (most recent call last):
  File "/home/airflow/.local/lib/python3.11/site-packages/airflow/task/task_runner/standard_task_runner.py", line 117, in _start_by_fork
    ret = args.func(args, dag=self.dag)
          ^^^^^^^^^^^^^^^^^^^^^^^^^^^^^
  File "/home/airflow/.local/lib/python3.11/site-packages/airflow/cli/cli_config.py", line 49, in command
    return func(*args, **kwargs)
           ^^^^^^^^^^^^^^^^^^^^^
  File "/home/airflow/.local/lib/python3.11/site-packages/airflow/utils/cli.py", line 115, in wrapper
    return f(*args, **kwargs)
           ^^^^^^^^^^^^^^^^^^
  File "/home/airflow/.local/lib/python3.11/site-packages/airflow/cli/commands/task_command.py", line 483, in task_run
    task_return_code = _run_task_by_selected_method(args, _dag, ti)
                       ^^^^^^^^^^^^^^^^^^^^^^^^^^^^^^^^^^^^^^^^^^^^
  File "/home/airflow/.local/lib/python3.11/site-packages/airflow/cli/commands/task_command.py", line 256, in _run_task_by_selected_method
    return _run_raw_task(args, ti)
           ^^^^^^^^^^^^^^^^^^^^^^^
  File "/home/airflow/.local/lib/python3.11/site-packages/airflow/cli/commands/task_command.py", line 341, in _run_raw_task
    return ti._run_raw_task(
           ^^^^^^^^^^^^^^^^^
  File "/home/airflow/.local/lib/python3.11/site-packages/airflow/utils/session.py", line 97, in wrapper
    return func(*args, session=session, **kwargs)
           ^^^^^^^^^^^^^^^^^^^^^^^^^^^^^^^^^^^^^^
  File "/home/airflow/.local/lib/python3.11/site-packages/airflow/models/taskinstance.py", line 3004, in _run_raw_task
    return _run_raw_task(
           ^^^^^^^^^^^^^^
  File "/home/airflow/.local/lib/python3.11/site-packages/airflow/models/taskinstance.py", line 327, in _run_raw_task
    ti.handle_failure(e, test_mode, context, session=session)
  File "/home/airflow/.local/lib/python3.11/site-packages/airflow/utils/session.py", line 94, in wrapper
    return func(*args, **kwargs)
           ^^^^^^^^^^^^^^^^^^^^^
  File "/home/airflow/.local/lib/python3.11/site-packages/airflow/models/taskinstance.py", line 3427, in handle_failure
    _handle_failure(
  File "/home/airflow/.local/lib/python3.11/site-packages/airflow/utils/session.py", line 94, in wrapper
    return func(*args, **kwargs)
           ^^^^^^^^^^^^^^^^^^^^^
  File "/home/airflow/.local/lib/python3.11/site-packages/airflow/api_internal/internal_api_call.py", line 139, in wrapper
    return func(*args, **kwargs)
           ^^^^^^^^^^^^^^^^^^^^^
  File "/home/airflow/.local/lib/python3.11/site-packages/airflow/models/taskinstance.py", line 1243, in _handle_failure
    TaskInstance.save_to_db(failure_context["ti"], session)
  File "/home/airflow/.local/lib/python3.11/site-packages/airflow/api_internal/internal_api_call.py", line 139, in wrapper
    return func(*args, **kwargs)
           ^^^^^^^^^^^^^^^^^^^^^
  File "/home/airflow/.local/lib/python3.11/site-packages/airflow/utils/session.py", line 94, in wrapper
    return func(*args, **kwargs)
           ^^^^^^^^^^^^^^^^^^^^^
  File "/home/airflow/.local/lib/python3.11/site-packages/airflow/models/taskinstance.py", line 3399, in save_to_db
    session.flush()
  File "/home/airflow/.local/lib/python3.11/site-packages/sqlalchemy/orm/session.py", line 3449, in flush
    self._flush(objects)
  File "/home/airflow/.local/lib/python3.11/site-packages/sqlalchemy/orm/session.py", line 3588, in _flush
    with util.safe_reraise():
  File "/home/airflow/.local/lib/python3.11/site-packages/sqlalchemy/util/langhelpers.py", line 70, in __exit__
    compat.raise_(
  File "/home/airflow/.local/lib/python3.11/site-packages/sqlalchemy/util/compat.py", line 211, in raise_
    raise exception
  File "/home/airflow/.local/lib/python3.11/site-packages/sqlalchemy/orm/session.py", line 3549, in _flush
    flush_context.execute()
  File "/home/airflow/.local/lib/python3.11/site-packages/sqlalchemy/orm/unitofwork.py", line 456, in execute
    rec.execute(self)
  File "/home/airflow/.local/lib/python3.11/site-packages/sqlalchemy/orm/unitofwork.py", line 630, in execute
    util.preloaded.orm_persistence.save_obj(
  File "/home/airflow/.local/lib/python3.11/site-packages/sqlalchemy/orm/persistence.py", line 245, in save_obj
    _emit_insert_statements(
  File "/home/airflow/.local/lib/python3.11/site-packages/sqlalchemy/orm/persistence.py", line 1238, in _emit_insert_statements
    result = connection._execute_20(
             ^^^^^^^^^^^^^^^^^^^^^^^
  File "/home/airflow/.local/lib/python3.11/site-packages/sqlalchemy/engine/base.py", line 1710, in _execute_20
    return meth(self, args_10style, kwargs_10style, execution_options)
           ^^^^^^^^^^^^^^^^^^^^^^^^^^^^^^^^^^^^^^^^^^^^^^^^^^^^^^^^^^^
  File "/home/airflow/.local/lib/python3.11/site-packages/sqlalchemy/sql/elements.py", line 334, in _execute_on_connection
    return connection._execute_clauseelement(
           ^^^^^^^^^^^^^^^^^^^^^^^^^^^^^^^^^^
  File "/home/airflow/.local/lib/python3.11/site-packages/sqlalchemy/engine/base.py", line 1577, in _execute_clauseelement
    ret = self._execute_context(
          ^^^^^^^^^^^^^^^^^^^^^^
  File "/home/airflow/.local/lib/python3.11/site-packages/sqlalchemy/engine/base.py", line 1953, in _execute_context
    self._handle_dbapi_exception(
  File "/home/airflow/.local/lib/python3.11/site-packages/sqlalchemy/engine/base.py", line 2134, in _handle_dbapi_exception
    util.raise_(
  File "/home/airflow/.local/lib/python3.11/site-packages/sqlalchemy/util/compat.py", line 211, in raise_
    raise exception
  File "/home/airflow/.local/lib/python3.11/site-packages/sqlalchemy/engine/base.py", line 1910, in _execute_context
    self.dialect.do_execute(
  File "/home/airflow/.local/lib/python3.11/site-packages/sqlalchemy/engine/default.py", line 736, in do_execute
    cursor.execute(statement, parameters)
sqlalchemy.exc.IntegrityError: (psycopg2.errors.ForeignKeyViolation) insert or update on table "task_fail" violates foreign key constraint "task_fail_ti_fkey"
DETAIL:  Key (dag_id, task_id, run_id, map_index)=(Container_Restart, apply_container_restart_docker, manual__2025-11-05T07:46:20.027569+00:00, -1) is not present in table "task_instance".

[SQL: INSERT INTO task_fail (task_id, dag_id, run_id, map_index, start_date, end_date, duration) VALUES (%(task_id)s, %(dag_id)s, %(run_id)s, %(map_index)s, %(start_date)s, %(end_date)s, %(duration)s) RETURNING task_fail.id]
[parameters: {'task_id': 'apply_container_restart_docker', 'dag_id': 'Container_Restart', 'run_id': 'manual__2025-11-05T07:46:20.027569+00:00', 'map_index': -1, 'start_date': datetime.datetime(2025, 11, 5, 7, 48, 48, 120404, tzinfo=Timezone('UTC')), 'end_date': datetime.datetime(2025, 11, 5, 7, 49, 39, 126084, tzinfo=Timezone('UTC')), 'duration': 51}]
(Background on this error at: https://sqlalche.me/e/14/gkpj)
[2025-11-05T07:49:39.194+0000] {process_utils.py:80} INFO - Process psutil.Process(pid=5935, status='terminated', exitcode=1, started='07:48:48') (5935) terminated with exit code 1
