[2025-10-29T11:00:02.803+0000] {local_task_job_runner.py:123} INFO - ::group::Pre task execution logs
[2025-10-29T11:00:02.835+0000] {taskinstance.py:2612} INFO - Dependencies all met for dep_context=non-requeueable deps ti=<TaskInstance: Continuous_Load.run_continuous_multi_endpoint_load_test scheduled__2025-10-29T10:55:00+00:00 [queued]>
[2025-10-29T11:00:02.847+0000] {taskinstance.py:2612} INFO - Dependencies all met for dep_context=requeueable deps ti=<TaskInstance: Continuous_Load.run_continuous_multi_endpoint_load_test scheduled__2025-10-29T10:55:00+00:00 [queued]>
[2025-10-29T11:00:02.848+0000] {taskinstance.py:2865} INFO - Starting attempt 1 of 1
[2025-10-29T11:00:02.878+0000] {taskinstance.py:2888} INFO - Executing <Task(DockerOperator): run_continuous_multi_endpoint_load_test> on 2025-10-29 10:55:00+00:00
[2025-10-29T11:00:02.900+0000] {standard_task_runner.py:72} INFO - Started process 4004 to run task
[2025-10-29T11:00:02.937+0000] {standard_task_runner.py:104} INFO - Running: ['***', 'tasks', 'run', 'Continuous_Load', 'run_continuous_multi_endpoint_load_test', 'scheduled__2025-10-29T10:55:00+00:00', '--job-id', '11411', '--raw', '--subdir', 'DAGS_FOLDER/dag_factory.py', '--cfg-path', '/tmp/tmp_aopg6lz']
[2025-10-29T11:00:02.950+0000] {standard_task_runner.py:105} INFO - Job 11411: Subtask run_continuous_multi_endpoint_load_test
[2025-10-29T11:00:03.167+0000] {task_command.py:467} INFO - Running <TaskInstance: Continuous_Load.run_continuous_multi_endpoint_load_test scheduled__2025-10-29T10:55:00+00:00 [running]> on host workflow.y2twbfvcjkaujnl2bmtbxunhcb.cx.internal.cloudapp.net
[2025-10-29T11:00:03.499+0000] {taskinstance.py:3131} INFO - Exporting env vars: AIRFLOW_CTX_DAG_OWNER='***' AIRFLOW_CTX_DAG_ID='Continuous_Load' AIRFLOW_CTX_TASK_ID='run_continuous_multi_endpoint_load_test' AIRFLOW_CTX_EXECUTION_DATE='2025-10-29T10:55:00+00:00' AIRFLOW_CTX_TRY_NUMBER='1' AIRFLOW_CTX_DAG_RUN_ID='scheduled__2025-10-29T10:55:00+00:00'
[2025-10-29T11:00:03.503+0000] {taskinstance.py:731} INFO - ::endgroup::
[2025-10-29T11:00:03.627+0000] {docker.py:367} INFO - Starting docker container from image ***_chaos:latest
[2025-10-29T11:00:03.643+0000] {taskinstance.py:3310} ERROR - Task failed with exception
Traceback (most recent call last):
  File "/home/airflow/.local/lib/python3.11/site-packages/docker/api/client.py", line 275, in _raise_for_status
    response.raise_for_status()
  File "/home/airflow/.local/lib/python3.11/site-packages/requests/models.py", line 1024, in raise_for_status
    raise HTTPError(http_error_msg, response=self)
requests.exceptions.HTTPError: 409 Client Error: Conflict for url: http+docker://localhost/v1.51/containers/create?name=continuous_multi_endpoint_load_test_chaos

The above exception was the direct cause of the following exception:

Traceback (most recent call last):
  File "/home/airflow/.local/lib/python3.11/site-packages/airflow/models/taskinstance.py", line 767, in _execute_task
    result = _execute_callable(context=context, **execute_callable_kwargs)
             ^^^^^^^^^^^^^^^^^^^^^^^^^^^^^^^^^^^^^^^^^^^^^^^^^^^^^^^^^^^^^
  File "/home/airflow/.local/lib/python3.11/site-packages/airflow/models/taskinstance.py", line 733, in _execute_callable
    return ExecutionCallableRunner(
           ^^^^^^^^^^^^^^^^^^^^^^^^
  File "/home/airflow/.local/lib/python3.11/site-packages/airflow/utils/operator_helpers.py", line 252, in run
    return self.func(*args, **kwargs)
           ^^^^^^^^^^^^^^^^^^^^^^^^^^
  File "/home/airflow/.local/lib/python3.11/site-packages/airflow/models/baseoperator.py", line 406, in wrapper
    return func(self, *args, **kwargs)
           ^^^^^^^^^^^^^^^^^^^^^^^^^^^
  File "/home/airflow/.local/lib/python3.11/site-packages/airflow/providers/docker/operators/docker.py", line 513, in execute
    return self._run_image()
           ^^^^^^^^^^^^^^^^^
  File "/home/airflow/.local/lib/python3.11/site-packages/airflow/providers/docker/operators/docker.py", line 384, in _run_image
    return self._run_image_with_mounts(self.mounts, add_tmp_variable=False)
           ^^^^^^^^^^^^^^^^^^^^^^^^^^^^^^^^^^^^^^^^^^^^^^^^^^^^^^^^^^^^^^^^
  File "/home/airflow/.local/lib/python3.11/site-packages/airflow/providers/docker/operators/docker.py", line 399, in _run_image_with_mounts
    self.container = self.cli.create_container(
                     ^^^^^^^^^^^^^^^^^^^^^^^^^^
  File "/home/airflow/.local/lib/python3.11/site-packages/docker/api/container.py", line 440, in create_container
    return self.create_container_from_config(config, name, platform)
           ^^^^^^^^^^^^^^^^^^^^^^^^^^^^^^^^^^^^^^^^^^^^^^^^^^^^^^^^^
  File "/home/airflow/.local/lib/python3.11/site-packages/docker/api/container.py", line 457, in create_container_from_config
    return self._result(res, True)
           ^^^^^^^^^^^^^^^^^^^^^^^
  File "/home/airflow/.local/lib/python3.11/site-packages/docker/api/client.py", line 281, in _result
    self._raise_for_status(response)
  File "/home/airflow/.local/lib/python3.11/site-packages/docker/api/client.py", line 277, in _raise_for_status
    raise create_api_error_from_http_exception(e) from e
          ^^^^^^^^^^^^^^^^^^^^^^^^^^^^^^^^^^^^^^^
  File "/home/airflow/.local/lib/python3.11/site-packages/docker/errors.py", line 39, in create_api_error_from_http_exception
    raise cls(e, response=response, explanation=explanation) from e
docker.errors.APIError: 409 Client Error for http+docker://localhost/v1.51/containers/create?name=continuous_multi_endpoint_load_test_chaos: Conflict ("Conflict. The container name "/continuous_multi_endpoint_load_test_chaos" is already in use by container "39515dd3272e9c26e2a55944a6deda1c550030f46fe254447eabb580d570596c". You have to remove (or rename) that container to be able to reuse that name.")
[2025-10-29T11:00:03.664+0000] {taskinstance.py:1225} INFO - Marking task as FAILED. dag_id=Continuous_Load, task_id=run_continuous_multi_endpoint_load_test, run_id=scheduled__2025-10-29T10:55:00+00:00, execution_date=20251029T105500, start_date=20251029T110002, end_date=20251029T110003
[2025-10-29T11:00:03.746+0000] {taskinstance.py:340} INFO - ::group::Post task execution logs
[2025-10-29T11:00:03.748+0000] {standard_task_runner.py:124} ERROR - Failed to execute job 11411 for task run_continuous_multi_endpoint_load_test (409 Client Error for http+docker://localhost/v1.51/containers/create?name=continuous_multi_endpoint_load_test_chaos: Conflict ("Conflict. The container name "/continuous_multi_endpoint_load_test_chaos" is already in use by container "39515dd3272e9c26e2a55944a6deda1c550030f46fe254447eabb580d570596c". You have to remove (or rename) that container to be able to reuse that name."); 4004)
Traceback (most recent call last):
  File "/home/airflow/.local/lib/python3.11/site-packages/docker/api/client.py", line 275, in _raise_for_status
    response.raise_for_status()
  File "/home/airflow/.local/lib/python3.11/site-packages/requests/models.py", line 1024, in raise_for_status
    raise HTTPError(http_error_msg, response=self)
requests.exceptions.HTTPError: 409 Client Error: Conflict for url: http+docker://localhost/v1.51/containers/create?name=continuous_multi_endpoint_load_test_chaos

The above exception was the direct cause of the following exception:

Traceback (most recent call last):
  File "/home/airflow/.local/lib/python3.11/site-packages/airflow/task/task_runner/standard_task_runner.py", line 117, in _start_by_fork
    ret = args.func(args, dag=self.dag)
          ^^^^^^^^^^^^^^^^^^^^^^^^^^^^^
  File "/home/airflow/.local/lib/python3.11/site-packages/airflow/cli/cli_config.py", line 49, in command
    return func(*args, **kwargs)
           ^^^^^^^^^^^^^^^^^^^^^
  File "/home/airflow/.local/lib/python3.11/site-packages/airflow/utils/cli.py", line 115, in wrapper
    return f(*args, **kwargs)
           ^^^^^^^^^^^^^^^^^^
  File "/home/airflow/.local/lib/python3.11/site-packages/airflow/cli/commands/task_command.py", line 483, in task_run
    task_return_code = _run_task_by_selected_method(args, _dag, ti)
                       ^^^^^^^^^^^^^^^^^^^^^^^^^^^^^^^^^^^^^^^^^^^^
  File "/home/airflow/.local/lib/python3.11/site-packages/airflow/cli/commands/task_command.py", line 256, in _run_task_by_selected_method
    return _run_raw_task(args, ti)
           ^^^^^^^^^^^^^^^^^^^^^^^
  File "/home/airflow/.local/lib/python3.11/site-packages/airflow/cli/commands/task_command.py", line 341, in _run_raw_task
    return ti._run_raw_task(
           ^^^^^^^^^^^^^^^^^
  File "/home/airflow/.local/lib/python3.11/site-packages/airflow/utils/session.py", line 97, in wrapper
    return func(*args, session=session, **kwargs)
           ^^^^^^^^^^^^^^^^^^^^^^^^^^^^^^^^^^^^^^
  File "/home/airflow/.local/lib/python3.11/site-packages/airflow/models/taskinstance.py", line 3004, in _run_raw_task
    return _run_raw_task(
           ^^^^^^^^^^^^^^
  File "/home/airflow/.local/lib/python3.11/site-packages/airflow/models/taskinstance.py", line 273, in _run_raw_task
    TaskInstance._execute_task_with_callbacks(
  File "/home/airflow/.local/lib/python3.11/site-packages/airflow/models/taskinstance.py", line 3158, in _execute_task_with_callbacks
    result = self._execute_task(context, task_orig)
             ^^^^^^^^^^^^^^^^^^^^^^^^^^^^^^^^^^^^^^
  File "/home/airflow/.local/lib/python3.11/site-packages/airflow/models/taskinstance.py", line 3182, in _execute_task
    return _execute_task(self, context, task_orig)
           ^^^^^^^^^^^^^^^^^^^^^^^^^^^^^^^^^^^^^^^
  File "/home/airflow/.local/lib/python3.11/site-packages/airflow/models/taskinstance.py", line 767, in _execute_task
    result = _execute_callable(context=context, **execute_callable_kwargs)
             ^^^^^^^^^^^^^^^^^^^^^^^^^^^^^^^^^^^^^^^^^^^^^^^^^^^^^^^^^^^^^
  File "/home/airflow/.local/lib/python3.11/site-packages/airflow/models/taskinstance.py", line 733, in _execute_callable
    return ExecutionCallableRunner(
           ^^^^^^^^^^^^^^^^^^^^^^^^
  File "/home/airflow/.local/lib/python3.11/site-packages/airflow/utils/operator_helpers.py", line 252, in run
    return self.func(*args, **kwargs)
           ^^^^^^^^^^^^^^^^^^^^^^^^^^
  File "/home/airflow/.local/lib/python3.11/site-packages/airflow/models/baseoperator.py", line 406, in wrapper
    return func(self, *args, **kwargs)
           ^^^^^^^^^^^^^^^^^^^^^^^^^^^
  File "/home/airflow/.local/lib/python3.11/site-packages/airflow/providers/docker/operators/docker.py", line 513, in execute
    return self._run_image()
           ^^^^^^^^^^^^^^^^^
  File "/home/airflow/.local/lib/python3.11/site-packages/airflow/providers/docker/operators/docker.py", line 384, in _run_image
    return self._run_image_with_mounts(self.mounts, add_tmp_variable=False)
           ^^^^^^^^^^^^^^^^^^^^^^^^^^^^^^^^^^^^^^^^^^^^^^^^^^^^^^^^^^^^^^^^
  File "/home/airflow/.local/lib/python3.11/site-packages/airflow/providers/docker/operators/docker.py", line 399, in _run_image_with_mounts
    self.container = self.cli.create_container(
                     ^^^^^^^^^^^^^^^^^^^^^^^^^^
  File "/home/airflow/.local/lib/python3.11/site-packages/docker/api/container.py", line 440, in create_container
    return self.create_container_from_config(config, name, platform)
           ^^^^^^^^^^^^^^^^^^^^^^^^^^^^^^^^^^^^^^^^^^^^^^^^^^^^^^^^^
  File "/home/airflow/.local/lib/python3.11/site-packages/docker/api/container.py", line 457, in create_container_from_config
    return self._result(res, True)
           ^^^^^^^^^^^^^^^^^^^^^^^
  File "/home/airflow/.local/lib/python3.11/site-packages/docker/api/client.py", line 281, in _result
    self._raise_for_status(response)
  File "/home/airflow/.local/lib/python3.11/site-packages/docker/api/client.py", line 277, in _raise_for_status
    raise create_api_error_from_http_exception(e) from e
          ^^^^^^^^^^^^^^^^^^^^^^^^^^^^^^^^^^^^^^^
  File "/home/airflow/.local/lib/python3.11/site-packages/docker/errors.py", line 39, in create_api_error_from_http_exception
    raise cls(e, response=response, explanation=explanation) from e
docker.errors.APIError: 409 Client Error for http+docker://localhost/v1.51/containers/create?name=continuous_multi_endpoint_load_test_chaos: Conflict ("Conflict. The container name "/continuous_multi_endpoint_load_test_chaos" is already in use by container "39515dd3272e9c26e2a55944a6deda1c550030f46fe254447eabb580d570596c". You have to remove (or rename) that container to be able to reuse that name.")
[2025-10-29T11:00:03.835+0000] {local_task_job_runner.py:266} INFO - Task exited with return code 1
[2025-10-29T11:00:03.910+0000] {taskinstance.py:3900} INFO - 0 downstream tasks scheduled from follow-on schedule check
[2025-10-29T11:00:03.921+0000] {local_task_job_runner.py:245} INFO - ::endgroup::
[2025-10-29T11:46:19.641+0000] {local_task_job_runner.py:123} INFO - ::group::Pre task execution logs
[2025-10-29T11:46:19.668+0000] {taskinstance.py:2612} INFO - Dependencies all met for dep_context=non-requeueable deps ti=<TaskInstance: Continuous_Load.run_continuous_multi_endpoint_load_test scheduled__2025-10-29T10:55:00+00:00 [queued]>
[2025-10-29T11:46:19.680+0000] {taskinstance.py:2612} INFO - Dependencies all met for dep_context=requeueable deps ti=<TaskInstance: Continuous_Load.run_continuous_multi_endpoint_load_test scheduled__2025-10-29T10:55:00+00:00 [queued]>
[2025-10-29T11:46:19.680+0000] {taskinstance.py:2865} INFO - Starting attempt 1 of 1
[2025-10-29T11:46:19.703+0000] {taskinstance.py:2888} INFO - Executing <Task(DockerOperator): run_continuous_multi_endpoint_load_test> on 2025-10-29 10:55:00+00:00
[2025-10-29T11:46:19.719+0000] {standard_task_runner.py:72} INFO - Started process 4015 to run task
[2025-10-29T11:46:19.730+0000] {standard_task_runner.py:104} INFO - Running: ['***', 'tasks', 'run', 'Continuous_Load', 'run_continuous_multi_endpoint_load_test', 'scheduled__2025-10-29T10:55:00+00:00', '--job-id', '11415', '--raw', '--subdir', 'DAGS_FOLDER/dag_factory.py', '--cfg-path', '/tmp/tmpr7s5osiv']
[2025-10-29T11:46:19.737+0000] {standard_task_runner.py:105} INFO - Job 11415: Subtask run_continuous_multi_endpoint_load_test
[2025-10-29T11:46:19.829+0000] {task_command.py:467} INFO - Running <TaskInstance: Continuous_Load.run_continuous_multi_endpoint_load_test scheduled__2025-10-29T10:55:00+00:00 [running]> on host workflow.y2twbfvcjkaujnl2bmtbxunhcb.cx.internal.cloudapp.net
[2025-10-29T11:46:20.056+0000] {taskinstance.py:3131} INFO - Exporting env vars: AIRFLOW_CTX_DAG_OWNER='***' AIRFLOW_CTX_DAG_ID='Continuous_Load' AIRFLOW_CTX_TASK_ID='run_continuous_multi_endpoint_load_test' AIRFLOW_CTX_EXECUTION_DATE='2025-10-29T10:55:00+00:00' AIRFLOW_CTX_TRY_NUMBER='1' AIRFLOW_CTX_DAG_RUN_ID='scheduled__2025-10-29T10:55:00+00:00'
[2025-10-29T11:46:20.060+0000] {taskinstance.py:731} INFO - ::endgroup::
[2025-10-29T11:46:20.161+0000] {docker.py:367} INFO - Starting docker container from image ***_chaos:latest
[2025-10-29T11:46:20.659+0000] {docker.py:438} INFO - The container is run as root user. For security, consider using a regular user account.
[2025-10-29T11:46:39.677+0000] {docker.py:438} INFO - 
[2025-10-29T11:46:39.683+0000] {docker.py:438} INFO - Starting Continuous Multi-Endpoint Load Test...
[2025-10-29T11:46:40.608+0000] {docker.py:438} INFO - [32m[2025-10-29 11:46:40 INFO] Validating the experiment's syntax
[2025-10-29T11:46:40.829+0000] {docker.py:438} INFO - [32m[2025-10-29 11:46:40 INFO] Experiment looks valid
[2025-10-29T11:46:40.831+0000] {docker.py:438} INFO - [32m[2025-10-29 11:46:40 INFO] Running experiment: Continuous Load Test - POST Compose & GET Timeline APIs
[2025-10-29T11:46:40.836+0000] {docker.py:438} INFO - [32m[2025-10-29 11:46:40 INFO] Steady-state strategy: default
[2025-10-29T11:46:40.837+0000] {docker.py:438} INFO - [32m[2025-10-29 11:46:40 INFO] Rollbacks strategy: default
[2025-10-29T11:46:40.837+0000] {docker.py:438} INFO - [32m[2025-10-29 11:46:40 INFO] No steady state hypothesis defined. That's ok, just exploring.
[2025-10-29T11:46:40.838+0000] {docker.py:438} INFO - [32m[2025-10-29 11:46:40 INFO] Playing your experiment's method now...
[2025-10-29T11:46:40.839+0000] {docker.py:438} INFO - [32m[2025-10-29 11:46:40 INFO] Action: Continuous multi-endpoint load test
[2025-10-29T11:46:40.996+0000] {docker.py:438} INFO - [32m[2025-10-29 11:46:40 INFO] ‚úÖ Obtained login_token (JWT): eyJhbGciOiJIUzI1NiIsInR5cCI6IkpXVCJ9.eyJ0aW1lc3RhbXAiOiIxNzYxNzM4NDAwIiwidHRsIjoiMzYwMCIsInVzZXJfaWQiOiI1ODYwMTk0NjQ1MjA0OTkyMDAwIiwidXNlcm5hbWUiOiJqYWdhbiJ9.kKeXbC8gAv6G8Em9XUHD-bGrE6-rz2txRz1IWvuDdz4
[2025-10-29T12:36:43.994+0000] {docker.py:438} INFO - [31m[2025-10-29 12:36:43 ERROR] ‚ùå Continuous load test failed to start
[2025-10-29T12:36:43.995+0000] {docker.py:438} INFO - [32m[2025-10-29 12:36:43 INFO] k6 continuous output logged to k6_continuous_load.log
[2025-10-29T12:36:43.996+0000] {docker.py:438} INFO - [32m[2025-10-29 12:36:43 INFO] Let's rollback...
[2025-10-29T12:36:43.997+0000] {docker.py:438} INFO - [32m[2025-10-29 12:36:43 INFO] No declared rollbacks, let's move on.
[2025-10-29T12:36:43.998+0000] {docker.py:438} INFO - [32m[2025-10-29 12:36:43 INFO] Experiment ended with status: completed
[2025-10-29T12:36:44.130+0000] {docker.py:438} INFO - Continuous load test completed successfully
[2025-10-29T12:36:44.447+0000] {taskinstance.py:340} INFO - ::group::Post task execution logs
[2025-10-29T12:36:44.448+0000] {taskinstance.py:352} INFO - Marking task as SUCCESS. dag_id=Continuous_Load, task_id=run_continuous_multi_endpoint_load_test, run_id=scheduled__2025-10-29T10:55:00+00:00, execution_date=20251029T105500, start_date=20251029T114619, end_date=20251029T123644
[2025-10-29T12:36:44.496+0000] {local_task_job_runner.py:266} INFO - Task exited with return code 0
[2025-10-29T12:36:44.519+0000] {taskinstance.py:3900} INFO - 0 downstream tasks scheduled from follow-on schedule check
[2025-10-29T12:36:44.522+0000] {local_task_job_runner.py:245} INFO - ::endgroup::
