[2025-10-08T04:00:00.769+0000] {local_task_job_runner.py:123} INFO - ::group::Pre task execution logs
[2025-10-08T04:00:00.785+0000] {taskinstance.py:2612} INFO - Dependencies all met for dep_context=non-requeueable deps ti=<TaskInstance: Continuous_Load.run_continuous_multi_endpoint_load_test scheduled__2025-10-08T03:55:00+00:00 [queued]>
[2025-10-08T04:00:00.792+0000] {taskinstance.py:2612} INFO - Dependencies all met for dep_context=requeueable deps ti=<TaskInstance: Continuous_Load.run_continuous_multi_endpoint_load_test scheduled__2025-10-08T03:55:00+00:00 [queued]>
[2025-10-08T04:00:00.792+0000] {taskinstance.py:2865} INFO - Starting attempt 1 of 1
[2025-10-08T04:00:00.805+0000] {taskinstance.py:2888} INFO - Executing <Task(DockerOperator): run_continuous_multi_endpoint_load_test> on 2025-10-08 03:55:00+00:00
[2025-10-08T04:00:00.812+0000] {standard_task_runner.py:72} INFO - Started process 1682 to run task
[2025-10-08T04:00:00.817+0000] {standard_task_runner.py:104} INFO - Running: ['***', 'tasks', 'run', 'Continuous_Load', 'run_continuous_multi_endpoint_load_test', 'scheduled__2025-10-08T03:55:00+00:00', '--job-id', '562', '--raw', '--subdir', 'DAGS_FOLDER/dag_factory.py', '--cfg-path', '/tmp/tmper_l79y1']
[2025-10-08T04:00:00.818+0000] {standard_task_runner.py:105} INFO - Job 562: Subtask run_continuous_multi_endpoint_load_test
[2025-10-08T04:00:00.863+0000] {task_command.py:467} INFO - Running <TaskInstance: Continuous_Load.run_continuous_multi_endpoint_load_test scheduled__2025-10-08T03:55:00+00:00 [running]> on host workflow.y2twbfvcjkaujnl2bmtbxunhcb.cx.internal.cloudapp.net
[2025-10-08T04:00:00.951+0000] {taskinstance.py:3131} INFO - Exporting env vars: AIRFLOW_CTX_DAG_OWNER='***' AIRFLOW_CTX_DAG_ID='Continuous_Load' AIRFLOW_CTX_TASK_ID='run_continuous_multi_endpoint_load_test' AIRFLOW_CTX_EXECUTION_DATE='2025-10-08T03:55:00+00:00' AIRFLOW_CTX_TRY_NUMBER='1' AIRFLOW_CTX_DAG_RUN_ID='scheduled__2025-10-08T03:55:00+00:00'
[2025-10-08T04:00:00.952+0000] {taskinstance.py:731} INFO - ::endgroup::
[2025-10-08T04:00:00.989+0000] {docker.py:367} INFO - Starting docker container from image ***_chaos:latest
[2025-10-08T04:00:00.993+0000] {taskinstance.py:3310} ERROR - Task failed with exception
Traceback (most recent call last):
  File "/home/airflow/.local/lib/python3.11/site-packages/docker/api/client.py", line 275, in _raise_for_status
    response.raise_for_status()
  File "/home/airflow/.local/lib/python3.11/site-packages/requests/models.py", line 1024, in raise_for_status
    raise HTTPError(http_error_msg, response=self)
requests.exceptions.HTTPError: 409 Client Error: Conflict for url: http+docker://localhost/v1.51/containers/create?name=continuous_multi_endpoint_load_test_chaos

The above exception was the direct cause of the following exception:

Traceback (most recent call last):
  File "/home/airflow/.local/lib/python3.11/site-packages/airflow/models/taskinstance.py", line 767, in _execute_task
    result = _execute_callable(context=context, **execute_callable_kwargs)
             ^^^^^^^^^^^^^^^^^^^^^^^^^^^^^^^^^^^^^^^^^^^^^^^^^^^^^^^^^^^^^
  File "/home/airflow/.local/lib/python3.11/site-packages/airflow/models/taskinstance.py", line 733, in _execute_callable
    return ExecutionCallableRunner(
           ^^^^^^^^^^^^^^^^^^^^^^^^
  File "/home/airflow/.local/lib/python3.11/site-packages/airflow/utils/operator_helpers.py", line 252, in run
    return self.func(*args, **kwargs)
           ^^^^^^^^^^^^^^^^^^^^^^^^^^
  File "/home/airflow/.local/lib/python3.11/site-packages/airflow/models/baseoperator.py", line 406, in wrapper
    return func(self, *args, **kwargs)
           ^^^^^^^^^^^^^^^^^^^^^^^^^^^
  File "/home/airflow/.local/lib/python3.11/site-packages/airflow/providers/docker/operators/docker.py", line 513, in execute
    return self._run_image()
           ^^^^^^^^^^^^^^^^^
  File "/home/airflow/.local/lib/python3.11/site-packages/airflow/providers/docker/operators/docker.py", line 384, in _run_image
    return self._run_image_with_mounts(self.mounts, add_tmp_variable=False)
           ^^^^^^^^^^^^^^^^^^^^^^^^^^^^^^^^^^^^^^^^^^^^^^^^^^^^^^^^^^^^^^^^
  File "/home/airflow/.local/lib/python3.11/site-packages/airflow/providers/docker/operators/docker.py", line 399, in _run_image_with_mounts
    self.container = self.cli.create_container(
                     ^^^^^^^^^^^^^^^^^^^^^^^^^^
  File "/home/airflow/.local/lib/python3.11/site-packages/docker/api/container.py", line 440, in create_container
    return self.create_container_from_config(config, name, platform)
           ^^^^^^^^^^^^^^^^^^^^^^^^^^^^^^^^^^^^^^^^^^^^^^^^^^^^^^^^^
  File "/home/airflow/.local/lib/python3.11/site-packages/docker/api/container.py", line 457, in create_container_from_config
    return self._result(res, True)
           ^^^^^^^^^^^^^^^^^^^^^^^
  File "/home/airflow/.local/lib/python3.11/site-packages/docker/api/client.py", line 281, in _result
    self._raise_for_status(response)
  File "/home/airflow/.local/lib/python3.11/site-packages/docker/api/client.py", line 277, in _raise_for_status
    raise create_api_error_from_http_exception(e) from e
          ^^^^^^^^^^^^^^^^^^^^^^^^^^^^^^^^^^^^^^^
  File "/home/airflow/.local/lib/python3.11/site-packages/docker/errors.py", line 39, in create_api_error_from_http_exception
    raise cls(e, response=response, explanation=explanation) from e
docker.errors.APIError: 409 Client Error for http+docker://localhost/v1.51/containers/create?name=continuous_multi_endpoint_load_test_chaos: Conflict ("Conflict. The container name "/continuous_multi_endpoint_load_test_chaos" is already in use by container "56116cf6c3ce6b35b00dac8fe8ab6b1553df2081e7278f937005782fbdc536d6". You have to remove (or rename) that container to be able to reuse that name.")
[2025-10-08T04:00:01.003+0000] {taskinstance.py:1225} INFO - Marking task as FAILED. dag_id=Continuous_Load, task_id=run_continuous_multi_endpoint_load_test, run_id=scheduled__2025-10-08T03:55:00+00:00, execution_date=20251008T035500, start_date=20251008T040000, end_date=20251008T040001
[2025-10-08T04:00:01.014+0000] {taskinstance.py:340} INFO - ::group::Post task execution logs
[2025-10-08T04:00:01.015+0000] {standard_task_runner.py:124} ERROR - Failed to execute job 562 for task run_continuous_multi_endpoint_load_test (409 Client Error for http+docker://localhost/v1.51/containers/create?name=continuous_multi_endpoint_load_test_chaos: Conflict ("Conflict. The container name "/continuous_multi_endpoint_load_test_chaos" is already in use by container "56116cf6c3ce6b35b00dac8fe8ab6b1553df2081e7278f937005782fbdc536d6". You have to remove (or rename) that container to be able to reuse that name."); 1682)
Traceback (most recent call last):
  File "/home/airflow/.local/lib/python3.11/site-packages/docker/api/client.py", line 275, in _raise_for_status
    response.raise_for_status()
  File "/home/airflow/.local/lib/python3.11/site-packages/requests/models.py", line 1024, in raise_for_status
    raise HTTPError(http_error_msg, response=self)
requests.exceptions.HTTPError: 409 Client Error: Conflict for url: http+docker://localhost/v1.51/containers/create?name=continuous_multi_endpoint_load_test_chaos

The above exception was the direct cause of the following exception:

Traceback (most recent call last):
  File "/home/airflow/.local/lib/python3.11/site-packages/airflow/task/task_runner/standard_task_runner.py", line 117, in _start_by_fork
    ret = args.func(args, dag=self.dag)
          ^^^^^^^^^^^^^^^^^^^^^^^^^^^^^
  File "/home/airflow/.local/lib/python3.11/site-packages/airflow/cli/cli_config.py", line 49, in command
    return func(*args, **kwargs)
           ^^^^^^^^^^^^^^^^^^^^^
  File "/home/airflow/.local/lib/python3.11/site-packages/airflow/utils/cli.py", line 115, in wrapper
    return f(*args, **kwargs)
           ^^^^^^^^^^^^^^^^^^
  File "/home/airflow/.local/lib/python3.11/site-packages/airflow/cli/commands/task_command.py", line 483, in task_run
    task_return_code = _run_task_by_selected_method(args, _dag, ti)
                       ^^^^^^^^^^^^^^^^^^^^^^^^^^^^^^^^^^^^^^^^^^^^
  File "/home/airflow/.local/lib/python3.11/site-packages/airflow/cli/commands/task_command.py", line 256, in _run_task_by_selected_method
    return _run_raw_task(args, ti)
           ^^^^^^^^^^^^^^^^^^^^^^^
  File "/home/airflow/.local/lib/python3.11/site-packages/airflow/cli/commands/task_command.py", line 341, in _run_raw_task
    return ti._run_raw_task(
           ^^^^^^^^^^^^^^^^^
  File "/home/airflow/.local/lib/python3.11/site-packages/airflow/utils/session.py", line 97, in wrapper
    return func(*args, session=session, **kwargs)
           ^^^^^^^^^^^^^^^^^^^^^^^^^^^^^^^^^^^^^^
  File "/home/airflow/.local/lib/python3.11/site-packages/airflow/models/taskinstance.py", line 3004, in _run_raw_task
    return _run_raw_task(
           ^^^^^^^^^^^^^^
  File "/home/airflow/.local/lib/python3.11/site-packages/airflow/models/taskinstance.py", line 273, in _run_raw_task
    TaskInstance._execute_task_with_callbacks(
  File "/home/airflow/.local/lib/python3.11/site-packages/airflow/models/taskinstance.py", line 3158, in _execute_task_with_callbacks
    result = self._execute_task(context, task_orig)
             ^^^^^^^^^^^^^^^^^^^^^^^^^^^^^^^^^^^^^^
  File "/home/airflow/.local/lib/python3.11/site-packages/airflow/models/taskinstance.py", line 3182, in _execute_task
    return _execute_task(self, context, task_orig)
           ^^^^^^^^^^^^^^^^^^^^^^^^^^^^^^^^^^^^^^^
  File "/home/airflow/.local/lib/python3.11/site-packages/airflow/models/taskinstance.py", line 767, in _execute_task
    result = _execute_callable(context=context, **execute_callable_kwargs)
             ^^^^^^^^^^^^^^^^^^^^^^^^^^^^^^^^^^^^^^^^^^^^^^^^^^^^^^^^^^^^^
  File "/home/airflow/.local/lib/python3.11/site-packages/airflow/models/taskinstance.py", line 733, in _execute_callable
    return ExecutionCallableRunner(
           ^^^^^^^^^^^^^^^^^^^^^^^^
  File "/home/airflow/.local/lib/python3.11/site-packages/airflow/utils/operator_helpers.py", line 252, in run
    return self.func(*args, **kwargs)
           ^^^^^^^^^^^^^^^^^^^^^^^^^^
  File "/home/airflow/.local/lib/python3.11/site-packages/airflow/models/baseoperator.py", line 406, in wrapper
    return func(self, *args, **kwargs)
           ^^^^^^^^^^^^^^^^^^^^^^^^^^^
  File "/home/airflow/.local/lib/python3.11/site-packages/airflow/providers/docker/operators/docker.py", line 513, in execute
    return self._run_image()
           ^^^^^^^^^^^^^^^^^
  File "/home/airflow/.local/lib/python3.11/site-packages/airflow/providers/docker/operators/docker.py", line 384, in _run_image
    return self._run_image_with_mounts(self.mounts, add_tmp_variable=False)
           ^^^^^^^^^^^^^^^^^^^^^^^^^^^^^^^^^^^^^^^^^^^^^^^^^^^^^^^^^^^^^^^^
  File "/home/airflow/.local/lib/python3.11/site-packages/airflow/providers/docker/operators/docker.py", line 399, in _run_image_with_mounts
    self.container = self.cli.create_container(
                     ^^^^^^^^^^^^^^^^^^^^^^^^^^
  File "/home/airflow/.local/lib/python3.11/site-packages/docker/api/container.py", line 440, in create_container
    return self.create_container_from_config(config, name, platform)
           ^^^^^^^^^^^^^^^^^^^^^^^^^^^^^^^^^^^^^^^^^^^^^^^^^^^^^^^^^
  File "/home/airflow/.local/lib/python3.11/site-packages/docker/api/container.py", line 457, in create_container_from_config
    return self._result(res, True)
           ^^^^^^^^^^^^^^^^^^^^^^^
  File "/home/airflow/.local/lib/python3.11/site-packages/docker/api/client.py", line 281, in _result
    self._raise_for_status(response)
  File "/home/airflow/.local/lib/python3.11/site-packages/docker/api/client.py", line 277, in _raise_for_status
    raise create_api_error_from_http_exception(e) from e
          ^^^^^^^^^^^^^^^^^^^^^^^^^^^^^^^^^^^^^^^
  File "/home/airflow/.local/lib/python3.11/site-packages/docker/errors.py", line 39, in create_api_error_from_http_exception
    raise cls(e, response=response, explanation=explanation) from e
docker.errors.APIError: 409 Client Error for http+docker://localhost/v1.51/containers/create?name=continuous_multi_endpoint_load_test_chaos: Conflict ("Conflict. The container name "/continuous_multi_endpoint_load_test_chaos" is already in use by container "56116cf6c3ce6b35b00dac8fe8ab6b1553df2081e7278f937005782fbdc536d6". You have to remove (or rename) that container to be able to reuse that name.")
[2025-10-08T04:00:01.029+0000] {local_task_job_runner.py:266} INFO - Task exited with return code 1
[2025-10-08T04:00:01.044+0000] {taskinstance.py:3900} INFO - 0 downstream tasks scheduled from follow-on schedule check
[2025-10-08T04:00:01.047+0000] {local_task_job_runner.py:245} INFO - ::endgroup::
[2025-10-08T04:45:05.150+0000] {local_task_job_runner.py:123} INFO - ::group::Pre task execution logs
[2025-10-08T04:45:05.164+0000] {taskinstance.py:2612} INFO - Dependencies all met for dep_context=non-requeueable deps ti=<TaskInstance: Continuous_Load.run_continuous_multi_endpoint_load_test scheduled__2025-10-08T03:55:00+00:00 [queued]>
[2025-10-08T04:45:05.171+0000] {taskinstance.py:2612} INFO - Dependencies all met for dep_context=requeueable deps ti=<TaskInstance: Continuous_Load.run_continuous_multi_endpoint_load_test scheduled__2025-10-08T03:55:00+00:00 [queued]>
[2025-10-08T04:45:05.171+0000] {taskinstance.py:2865} INFO - Starting attempt 1 of 1
[2025-10-08T04:45:05.184+0000] {taskinstance.py:2888} INFO - Executing <Task(DockerOperator): run_continuous_multi_endpoint_load_test> on 2025-10-08 03:55:00+00:00
[2025-10-08T04:45:05.190+0000] {standard_task_runner.py:72} INFO - Started process 1697 to run task
[2025-10-08T04:45:05.195+0000] {standard_task_runner.py:104} INFO - Running: ['***', 'tasks', 'run', 'Continuous_Load', 'run_continuous_multi_endpoint_load_test', 'scheduled__2025-10-08T03:55:00+00:00', '--job-id', '567', '--raw', '--subdir', 'DAGS_FOLDER/dag_factory.py', '--cfg-path', '/tmp/tmpe3r5ypqw']
[2025-10-08T04:45:05.196+0000] {standard_task_runner.py:105} INFO - Job 567: Subtask run_continuous_multi_endpoint_load_test
[2025-10-08T04:45:05.242+0000] {task_command.py:467} INFO - Running <TaskInstance: Continuous_Load.run_continuous_multi_endpoint_load_test scheduled__2025-10-08T03:55:00+00:00 [running]> on host workflow.y2twbfvcjkaujnl2bmtbxunhcb.cx.internal.cloudapp.net
[2025-10-08T04:45:05.323+0000] {taskinstance.py:3131} INFO - Exporting env vars: AIRFLOW_CTX_DAG_OWNER='***' AIRFLOW_CTX_DAG_ID='Continuous_Load' AIRFLOW_CTX_TASK_ID='run_continuous_multi_endpoint_load_test' AIRFLOW_CTX_EXECUTION_DATE='2025-10-08T03:55:00+00:00' AIRFLOW_CTX_TRY_NUMBER='1' AIRFLOW_CTX_DAG_RUN_ID='scheduled__2025-10-08T03:55:00+00:00'
[2025-10-08T04:45:05.324+0000] {taskinstance.py:731} INFO - ::endgroup::
[2025-10-08T04:45:05.357+0000] {docker.py:367} INFO - Starting docker container from image ***_chaos:latest
[2025-10-08T04:45:05.690+0000] {docker.py:438} INFO - The container is run as root user. For security, consider using a regular user account.
[2025-10-08T04:45:14.245+0000] {docker.py:438} INFO - 
[2025-10-08T04:45:14.248+0000] {docker.py:438} INFO - Starting Continuous Multi-Endpoint Load Test...
[2025-10-08T04:45:14.829+0000] {docker.py:438} INFO - [32m[2025-10-08 04:45:14 INFO] Validating the experiment's syntax
[2025-10-08T04:45:14.926+0000] {docker.py:438} INFO - [32m[2025-10-08 04:45:14 INFO] Experiment looks valid
[2025-10-08T04:45:14.927+0000] {docker.py:438} INFO - [32m[2025-10-08 04:45:14 INFO] Running experiment: Continuous Load Test - POST Compose & GET Timeline APIs
[2025-10-08T04:45:14.929+0000] {docker.py:438} INFO - [32m[2025-10-08 04:45:14 INFO] Steady-state strategy: default
[2025-10-08T04:45:14.930+0000] {docker.py:438} INFO - [32m[2025-10-08 04:45:14 INFO] Rollbacks strategy: default
[2025-10-08T04:45:14.930+0000] {docker.py:438} INFO - [32m[2025-10-08 04:45:14 INFO] No steady state hypothesis defined. That's ok, just exploring.
[2025-10-08T04:45:14.930+0000] {docker.py:438} INFO - [32m[2025-10-08 04:45:14 INFO] Playing your experiment's method now...
[2025-10-08T04:45:14.931+0000] {docker.py:438} INFO - [32m[2025-10-08 04:45:14 INFO] Action: Continuous multi-endpoint load test
[2025-10-08T04:45:15.076+0000] {docker.py:438} INFO - [32m[2025-10-08 04:45:15 INFO] âœ… Obtained login_token (JWT): eyJhbGciOiJIUzI1NiIsInR5cCI6IkpXVCJ9.eyJ0aW1lc3RhbXAiOiIxNzU5ODk4NzE1IiwidHRsIjoiMzYwMCIsInVzZXJfaWQiOiI0MDA0Njk5MjM2MjAwOTUxODA4IiwidXNlcm5hbWUiOiJqYWdhbiJ9.xGIArhLXMBR_Z6kGng-azu6Qd3bVMzAkqQ5Jk8e2ajs
[2025-10-08T04:45:55.646+0000] {local_task_job_runner.py:346} WARNING - State of this instance has been externally set to failed. Terminating instance.
[2025-10-08T04:45:55.647+0000] {local_task_job_runner.py:245} INFO - ::endgroup::
[2025-10-08T04:45:55.648+0000] {process_utils.py:132} INFO - Sending 15 to group 1697. PIDs of all processes in the group: [1697]
[2025-10-08T04:45:55.648+0000] {process_utils.py:87} INFO - Sending the signal 15 to group 1697
[2025-10-08T04:45:55.649+0000] {taskinstance.py:3092} ERROR - Received SIGTERM. Terminating subprocesses.
[2025-10-08T04:45:55.649+0000] {docker.py:533} INFO - Stopping docker container
[2025-10-08T04:45:55.861+0000] {taskinstance.py:340} INFO - ::group::Post task execution logs
[2025-10-08T04:45:55.903+0000] {process_utils.py:80} INFO - Process psutil.Process(pid=1697, status='terminated', exitcode=0, started='04:45:04') (1697) terminated with exit code 0
[2025-10-08T04:47:02.200+0000] {local_task_job_runner.py:123} INFO - ::group::Pre task execution logs
[2025-10-08T04:47:02.215+0000] {taskinstance.py:2612} INFO - Dependencies all met for dep_context=non-requeueable deps ti=<TaskInstance: Continuous_Load.run_continuous_multi_endpoint_load_test scheduled__2025-10-08T03:55:00+00:00 [queued]>
[2025-10-08T04:47:02.222+0000] {taskinstance.py:2612} INFO - Dependencies all met for dep_context=requeueable deps ti=<TaskInstance: Continuous_Load.run_continuous_multi_endpoint_load_test scheduled__2025-10-08T03:55:00+00:00 [queued]>
[2025-10-08T04:47:02.222+0000] {taskinstance.py:2865} INFO - Starting attempt 1 of 1
[2025-10-08T04:47:02.235+0000] {taskinstance.py:2888} INFO - Executing <Task(DockerOperator): run_continuous_multi_endpoint_load_test> on 2025-10-08 03:55:00+00:00
[2025-10-08T04:47:02.242+0000] {standard_task_runner.py:72} INFO - Started process 1703 to run task
[2025-10-08T04:47:02.246+0000] {standard_task_runner.py:104} INFO - Running: ['***', 'tasks', 'run', 'Continuous_Load', 'run_continuous_multi_endpoint_load_test', 'scheduled__2025-10-08T03:55:00+00:00', '--job-id', '569', '--raw', '--subdir', 'DAGS_FOLDER/dag_factory.py', '--cfg-path', '/tmp/tmp153mhzwc']
[2025-10-08T04:47:02.247+0000] {standard_task_runner.py:105} INFO - Job 569: Subtask run_continuous_multi_endpoint_load_test
[2025-10-08T04:47:02.294+0000] {task_command.py:467} INFO - Running <TaskInstance: Continuous_Load.run_continuous_multi_endpoint_load_test scheduled__2025-10-08T03:55:00+00:00 [running]> on host workflow.y2twbfvcjkaujnl2bmtbxunhcb.cx.internal.cloudapp.net
[2025-10-08T04:47:02.373+0000] {taskinstance.py:3131} INFO - Exporting env vars: AIRFLOW_CTX_DAG_OWNER='***' AIRFLOW_CTX_DAG_ID='Continuous_Load' AIRFLOW_CTX_TASK_ID='run_continuous_multi_endpoint_load_test' AIRFLOW_CTX_EXECUTION_DATE='2025-10-08T03:55:00+00:00' AIRFLOW_CTX_TRY_NUMBER='1' AIRFLOW_CTX_DAG_RUN_ID='scheduled__2025-10-08T03:55:00+00:00'
[2025-10-08T04:47:02.375+0000] {taskinstance.py:731} INFO - ::endgroup::
[2025-10-08T04:47:02.413+0000] {docker.py:367} INFO - Starting docker container from image ***_chaos:latest
[2025-10-08T04:47:02.747+0000] {docker.py:438} INFO - The container is run as root user. For security, consider using a regular user account.
[2025-10-08T04:47:11.787+0000] {docker.py:438} INFO - 
[2025-10-08T04:47:11.793+0000] {docker.py:438} INFO - Starting Continuous Multi-Endpoint Load Test...
[2025-10-08T04:47:12.625+0000] {docker.py:438} INFO - [32m[2025-10-08 04:47:12 INFO] Validating the experiment's syntax
[2025-10-08T04:47:12.727+0000] {docker.py:438} INFO - [32m[2025-10-08 04:47:12 INFO] Experiment looks valid
[2025-10-08T04:47:12.728+0000] {docker.py:438} INFO - [32m[2025-10-08 04:47:12 INFO] Running experiment: Continuous Load Test - POST Compose & GET Timeline APIs
[2025-10-08T04:47:12.730+0000] {docker.py:438} INFO - [32m[2025-10-08 04:47:12 INFO] Steady-state strategy: default
[2025-10-08T04:47:12.730+0000] {docker.py:438} INFO - [32m[2025-10-08 04:47:12 INFO] Rollbacks strategy: default
[2025-10-08T04:47:12.731+0000] {docker.py:438} INFO - [32m[2025-10-08 04:47:12 INFO] No steady state hypothesis defined. That's ok, just exploring.
[2025-10-08T04:47:12.731+0000] {docker.py:438} INFO - [32m[2025-10-08 04:47:12 INFO] Playing your experiment's method now...
[2025-10-08T04:47:12.732+0000] {docker.py:438} INFO - [32m[2025-10-08 04:47:12 INFO] Action: Continuous multi-endpoint load test
[2025-10-08T04:47:12.877+0000] {docker.py:438} INFO - [32m[2025-10-08 04:47:12 INFO] âœ… Obtained login_token (JWT): eyJhbGciOiJIUzI1NiIsInR5cCI6IkpXVCJ9.eyJ0aW1lc3RhbXAiOiIxNzU5ODk4ODMyIiwidHRsIjoiMzYwMCIsInVzZXJfaWQiOiI0MDA0Njk5MjM2MjAwOTUxODA4IiwidXNlcm5hbWUiOiJqYWdhbiJ9.gAXanJe0rlXXh330VAw6ycaK_uVhozWRdpQK3VNPlxU
[2025-10-08T05:24:40.604+0000] {local_task_job_runner.py:346} WARNING - State of this instance has been externally set to failed. Terminating instance.
[2025-10-08T05:24:40.604+0000] {local_task_job_runner.py:245} INFO - ::endgroup::
[2025-10-08T05:24:40.606+0000] {process_utils.py:132} INFO - Sending 15 to group 1703. PIDs of all processes in the group: [1703]
[2025-10-08T05:24:40.606+0000] {process_utils.py:87} INFO - Sending the signal 15 to group 1703
[2025-10-08T05:24:40.607+0000] {taskinstance.py:3092} ERROR - Received SIGTERM. Terminating subprocesses.
[2025-10-08T05:24:40.607+0000] {docker.py:533} INFO - Stopping docker container
[2025-10-08T05:24:40.836+0000] {taskinstance.py:340} INFO - ::group::Post task execution logs
[2025-10-08T05:24:40.861+0000] {process_utils.py:80} INFO - Process psutil.Process(pid=1703, status='terminated', exitcode=0, started='04:47:01') (1703) terminated with exit code 0
