[2025-10-08T06:01:47.596+0000] {local_task_job_runner.py:123} INFO - ::group::Pre task execution logs
[2025-10-08T06:01:47.610+0000] {taskinstance.py:2612} INFO - Dependencies all met for dep_context=non-requeueable deps ti=<TaskInstance: Continuous_Load.run_continuous_multi_endpoint_load_test scheduled__2025-10-08T05:55:00+00:00 [queued]>
[2025-10-08T06:01:47.617+0000] {taskinstance.py:2612} INFO - Dependencies all met for dep_context=requeueable deps ti=<TaskInstance: Continuous_Load.run_continuous_multi_endpoint_load_test scheduled__2025-10-08T05:55:00+00:00 [queued]>
[2025-10-08T06:01:47.617+0000] {taskinstance.py:2865} INFO - Starting attempt 1 of 1
[2025-10-08T06:01:47.631+0000] {taskinstance.py:2888} INFO - Executing <Task(DockerOperator): run_continuous_multi_endpoint_load_test> on 2025-10-08 05:55:00+00:00
[2025-10-08T06:01:47.637+0000] {standard_task_runner.py:72} INFO - Started process 1736 to run task
[2025-10-08T06:01:47.641+0000] {standard_task_runner.py:104} INFO - Running: ['***', 'tasks', 'run', 'Continuous_Load', 'run_continuous_multi_endpoint_load_test', 'scheduled__2025-10-08T05:55:00+00:00', '--job-id', '580', '--raw', '--subdir', 'DAGS_FOLDER/dag_factory.py', '--cfg-path', '/tmp/tmp3rbu38__']
[2025-10-08T06:01:47.643+0000] {standard_task_runner.py:105} INFO - Job 580: Subtask run_continuous_multi_endpoint_load_test
[2025-10-08T06:01:47.696+0000] {task_command.py:467} INFO - Running <TaskInstance: Continuous_Load.run_continuous_multi_endpoint_load_test scheduled__2025-10-08T05:55:00+00:00 [running]> on host workflow.y2twbfvcjkaujnl2bmtbxunhcb.cx.internal.cloudapp.net
[2025-10-08T06:01:47.780+0000] {taskinstance.py:3131} INFO - Exporting env vars: AIRFLOW_CTX_DAG_OWNER='***' AIRFLOW_CTX_DAG_ID='Continuous_Load' AIRFLOW_CTX_TASK_ID='run_continuous_multi_endpoint_load_test' AIRFLOW_CTX_EXECUTION_DATE='2025-10-08T05:55:00+00:00' AIRFLOW_CTX_TRY_NUMBER='1' AIRFLOW_CTX_DAG_RUN_ID='scheduled__2025-10-08T05:55:00+00:00'
[2025-10-08T06:01:47.781+0000] {taskinstance.py:731} INFO - ::endgroup::
[2025-10-08T06:01:47.816+0000] {docker.py:367} INFO - Starting docker container from image ***_chaos:latest
[2025-10-08T06:01:48.149+0000] {docker.py:438} INFO - The container is run as root user. For security, consider using a regular user account.
[2025-10-08T06:01:57.928+0000] {docker.py:438} INFO - 
[2025-10-08T06:01:57.931+0000] {docker.py:438} INFO - Starting Continuous Multi-Endpoint Load Test...
[2025-10-08T06:01:58.372+0000] {docker.py:438} INFO - [32m[2025-10-08 06:01:58 INFO] Validating the experiment's syntax
[2025-10-08T06:01:58.466+0000] {docker.py:438} INFO - [32m[2025-10-08 06:01:58 INFO] Experiment looks valid
[2025-10-08T06:01:58.467+0000] {docker.py:438} INFO - [32m[2025-10-08 06:01:58 INFO] Running experiment: Continuous Load Test - POST Compose & GET Timeline APIs
[2025-10-08T06:01:58.469+0000] {docker.py:438} INFO - [32m[2025-10-08 06:01:58 INFO] Steady-state strategy: default
[2025-10-08T06:01:58.470+0000] {docker.py:438} INFO - [32m[2025-10-08 06:01:58 INFO] Rollbacks strategy: default
[2025-10-08T06:01:58.470+0000] {docker.py:438} INFO - [32m[2025-10-08 06:01:58 INFO] No steady state hypothesis defined. That's ok, just exploring.
[2025-10-08T06:01:58.470+0000] {docker.py:438} INFO - [32m[2025-10-08 06:01:58 INFO] Playing your experiment's method now...
[2025-10-08T06:01:58.471+0000] {docker.py:438} INFO - [32m[2025-10-08 06:01:58 INFO] Action: Continuous multi-endpoint load test
[2025-10-08T06:01:58.613+0000] {docker.py:438} INFO - [32m[2025-10-08 06:01:58 INFO] âœ… Obtained login_token (JWT): eyJhbGciOiJIUzI1NiIsInR5cCI6IkpXVCJ9.eyJ0aW1lc3RhbXAiOiIxNzU5OTAzMzE4IiwidHRsIjoiMzYwMCIsInVzZXJfaWQiOiI0MDA0Njk5MjM2MjAwOTUxODA4IiwidXNlcm5hbWUiOiJqYWdhbiJ9.w48Zu2kIcTeKdToYaI2lHrF5MI3NK7RXY_wXJA-utX4
[2025-10-08T06:10:16.845+0000] {local_task_job_runner.py:318} WARNING - Recorded pid 1742 does not match the current pid 1736
[2025-10-08T06:10:16.846+0000] {local_task_job_runner.py:218} WARNING - Heartbeat failed with Exception: PID of job runner does not match
[2025-10-08T06:10:21.888+0000] {local_task_job_runner.py:346} WARNING - State of this instance has been externally set to None. Terminating instance.
[2025-10-08T06:10:21.888+0000] {local_task_job_runner.py:245} INFO - ::endgroup::
[2025-10-08T06:10:21.890+0000] {process_utils.py:132} INFO - Sending 15 to group 1736. PIDs of all processes in the group: [1736]
[2025-10-08T06:10:21.890+0000] {process_utils.py:87} INFO - Sending the signal 15 to group 1736
[2025-10-08T06:10:21.890+0000] {taskinstance.py:3092} ERROR - Received SIGTERM. Terminating subprocesses.
[2025-10-08T06:10:21.891+0000] {docker.py:533} INFO - Stopping docker container
[2025-10-08T06:10:22.113+0000] {taskinstance.py:3310} ERROR - Task failed with exception
Traceback (most recent call last):
  File "/home/airflow/.local/lib/python3.11/site-packages/airflow/models/taskinstance.py", line 767, in _execute_task
    result = _execute_callable(context=context, **execute_callable_kwargs)
             ^^^^^^^^^^^^^^^^^^^^^^^^^^^^^^^^^^^^^^^^^^^^^^^^^^^^^^^^^^^^^
  File "/home/airflow/.local/lib/python3.11/site-packages/airflow/models/taskinstance.py", line 733, in _execute_callable
    return ExecutionCallableRunner(
           ^^^^^^^^^^^^^^^^^^^^^^^^
  File "/home/airflow/.local/lib/python3.11/site-packages/airflow/utils/operator_helpers.py", line 252, in run
    return self.func(*args, **kwargs)
           ^^^^^^^^^^^^^^^^^^^^^^^^^^
  File "/home/airflow/.local/lib/python3.11/site-packages/airflow/models/baseoperator.py", line 406, in wrapper
    return func(self, *args, **kwargs)
           ^^^^^^^^^^^^^^^^^^^^^^^^^^^
  File "/home/airflow/.local/lib/python3.11/site-packages/airflow/providers/docker/operators/docker.py", line 513, in execute
    return self._run_image()
           ^^^^^^^^^^^^^^^^^
  File "/home/airflow/.local/lib/python3.11/site-packages/airflow/providers/docker/operators/docker.py", line 384, in _run_image
    return self._run_image_with_mounts(self.mounts, add_tmp_variable=False)
           ^^^^^^^^^^^^^^^^^^^^^^^^^^^^^^^^^^^^^^^^^^^^^^^^^^^^^^^^^^^^^^^^
  File "/home/airflow/.local/lib/python3.11/site-packages/airflow/providers/docker/operators/docker.py", line 434, in _run_image_with_mounts
    for log_chunk in logstream:
  File "/home/airflow/.local/lib/python3.11/site-packages/docker/types/daemon.py", line 29, in __next__
    return next(self._stream)
           ^^^^^^^^^^^^^^^^^^
  File "/home/airflow/.local/lib/python3.11/site-packages/docker/api/client.py", line 438, in <genexpr>
    gen = (data for (_, data) in gen)
          ^^^^^^^^^^^^^^^^^^^^^^^^^^^
  File "/home/airflow/.local/lib/python3.11/site-packages/docker/utils/socket.py", line 112, in frames_iter_no_tty
    (stream, n) = next_frame_header(socket)
                  ^^^^^^^^^^^^^^^^^^^^^^^^^
  File "/home/airflow/.local/lib/python3.11/site-packages/docker/utils/socket.py", line 84, in next_frame_header
    data = read_exactly(socket, 8)
           ^^^^^^^^^^^^^^^^^^^^^^^
  File "/home/airflow/.local/lib/python3.11/site-packages/docker/utils/socket.py", line 69, in read_exactly
    next_data = read(socket, n - len(data))
                ^^^^^^^^^^^^^^^^^^^^^^^^^^^
  File "/home/airflow/.local/lib/python3.11/site-packages/docker/utils/socket.py", line 40, in read
    poll.poll()
  File "/home/airflow/.local/lib/python3.11/site-packages/airflow/models/taskinstance.py", line 3094, in signal_handler
    raise AirflowTaskTerminated("Task received SIGTERM signal")
airflow.exceptions.AirflowTaskTerminated: Task received SIGTERM signal
[2025-10-08T06:10:22.118+0000] {taskinstance.py:1225} INFO - Marking task as FAILED. dag_id=Continuous_Load, task_id=run_continuous_multi_endpoint_load_test, run_id=scheduled__2025-10-08T05:55:00+00:00, execution_date=20251008T055500, start_date=20251008T060147, end_date=20251008T061022
[2025-10-08T06:10:22.131+0000] {taskinstance.py:340} INFO - ::group::Post task execution logs
[2025-10-08T06:10:22.132+0000] {standard_task_runner.py:124} ERROR - Failed to execute job 580 for task run_continuous_multi_endpoint_load_test ((psycopg2.errors.ForeignKeyViolation) insert or update on table "task_fail" violates foreign key constraint "task_fail_ti_fkey"
DETAIL:  Key (dag_id, task_id, run_id, map_index)=(Continuous_Load, run_continuous_multi_endpoint_load_test, scheduled__2025-10-08T05:55:00+00:00, -1) is not present in table "task_instance".

[SQL: INSERT INTO task_fail (task_id, dag_id, run_id, map_index, start_date, end_date, duration) VALUES (%(task_id)s, %(dag_id)s, %(run_id)s, %(map_index)s, %(start_date)s, %(end_date)s, %(duration)s) RETURNING task_fail.id]
[parameters: {'task_id': 'run_continuous_multi_endpoint_load_test', 'dag_id': 'Continuous_Load', 'run_id': 'scheduled__2025-10-08T05:55:00+00:00', 'map_index': -1, 'start_date': datetime.datetime(2025, 10, 8, 6, 1, 47, 610860, tzinfo=Timezone('UTC')), 'end_date': datetime.datetime(2025, 10, 8, 6, 10, 22, 117575, tzinfo=Timezone('UTC')), 'duration': 514}]
(Background on this error at: https://sqlalche.me/e/14/gkpj); 1736)
Traceback (most recent call last):
  File "/home/airflow/.local/lib/python3.11/site-packages/airflow/models/taskinstance.py", line 273, in _run_raw_task
    TaskInstance._execute_task_with_callbacks(
  File "/home/airflow/.local/lib/python3.11/site-packages/airflow/models/taskinstance.py", line 3158, in _execute_task_with_callbacks
    result = self._execute_task(context, task_orig)
             ^^^^^^^^^^^^^^^^^^^^^^^^^^^^^^^^^^^^^^
  File "/home/airflow/.local/lib/python3.11/site-packages/airflow/models/taskinstance.py", line 3182, in _execute_task
    return _execute_task(self, context, task_orig)
           ^^^^^^^^^^^^^^^^^^^^^^^^^^^^^^^^^^^^^^^
  File "/home/airflow/.local/lib/python3.11/site-packages/airflow/models/taskinstance.py", line 767, in _execute_task
    result = _execute_callable(context=context, **execute_callable_kwargs)
             ^^^^^^^^^^^^^^^^^^^^^^^^^^^^^^^^^^^^^^^^^^^^^^^^^^^^^^^^^^^^^
  File "/home/airflow/.local/lib/python3.11/site-packages/airflow/models/taskinstance.py", line 733, in _execute_callable
    return ExecutionCallableRunner(
           ^^^^^^^^^^^^^^^^^^^^^^^^
  File "/home/airflow/.local/lib/python3.11/site-packages/airflow/utils/operator_helpers.py", line 252, in run
    return self.func(*args, **kwargs)
           ^^^^^^^^^^^^^^^^^^^^^^^^^^
  File "/home/airflow/.local/lib/python3.11/site-packages/airflow/models/baseoperator.py", line 406, in wrapper
    return func(self, *args, **kwargs)
           ^^^^^^^^^^^^^^^^^^^^^^^^^^^
  File "/home/airflow/.local/lib/python3.11/site-packages/airflow/providers/docker/operators/docker.py", line 513, in execute
    return self._run_image()
           ^^^^^^^^^^^^^^^^^
  File "/home/airflow/.local/lib/python3.11/site-packages/airflow/providers/docker/operators/docker.py", line 384, in _run_image
    return self._run_image_with_mounts(self.mounts, add_tmp_variable=False)
           ^^^^^^^^^^^^^^^^^^^^^^^^^^^^^^^^^^^^^^^^^^^^^^^^^^^^^^^^^^^^^^^^
  File "/home/airflow/.local/lib/python3.11/site-packages/airflow/providers/docker/operators/docker.py", line 434, in _run_image_with_mounts
    for log_chunk in logstream:
  File "/home/airflow/.local/lib/python3.11/site-packages/docker/types/daemon.py", line 29, in __next__
    return next(self._stream)
           ^^^^^^^^^^^^^^^^^^
  File "/home/airflow/.local/lib/python3.11/site-packages/docker/api/client.py", line 438, in <genexpr>
    gen = (data for (_, data) in gen)
          ^^^^^^^^^^^^^^^^^^^^^^^^^^^
  File "/home/airflow/.local/lib/python3.11/site-packages/docker/utils/socket.py", line 112, in frames_iter_no_tty
    (stream, n) = next_frame_header(socket)
                  ^^^^^^^^^^^^^^^^^^^^^^^^^
  File "/home/airflow/.local/lib/python3.11/site-packages/docker/utils/socket.py", line 84, in next_frame_header
    data = read_exactly(socket, 8)
           ^^^^^^^^^^^^^^^^^^^^^^^
  File "/home/airflow/.local/lib/python3.11/site-packages/docker/utils/socket.py", line 69, in read_exactly
    next_data = read(socket, n - len(data))
                ^^^^^^^^^^^^^^^^^^^^^^^^^^^
  File "/home/airflow/.local/lib/python3.11/site-packages/docker/utils/socket.py", line 40, in read
    poll.poll()
  File "/home/airflow/.local/lib/python3.11/site-packages/airflow/models/taskinstance.py", line 3094, in signal_handler
    raise AirflowTaskTerminated("Task received SIGTERM signal")
airflow.exceptions.AirflowTaskTerminated: Task received SIGTERM signal

During handling of the above exception, another exception occurred:

Traceback (most recent call last):
  File "/home/airflow/.local/lib/python3.11/site-packages/sqlalchemy/engine/base.py", line 1910, in _execute_context
    self.dialect.do_execute(
  File "/home/airflow/.local/lib/python3.11/site-packages/sqlalchemy/engine/default.py", line 736, in do_execute
    cursor.execute(statement, parameters)
psycopg2.errors.ForeignKeyViolation: insert or update on table "task_fail" violates foreign key constraint "task_fail_ti_fkey"
DETAIL:  Key (dag_id, task_id, run_id, map_index)=(Continuous_Load, run_continuous_multi_endpoint_load_test, scheduled__2025-10-08T05:55:00+00:00, -1) is not present in table "task_instance".


The above exception was the direct cause of the following exception:

Traceback (most recent call last):
  File "/home/airflow/.local/lib/python3.11/site-packages/airflow/task/task_runner/standard_task_runner.py", line 117, in _start_by_fork
    ret = args.func(args, dag=self.dag)
          ^^^^^^^^^^^^^^^^^^^^^^^^^^^^^
  File "/home/airflow/.local/lib/python3.11/site-packages/airflow/cli/cli_config.py", line 49, in command
    return func(*args, **kwargs)
           ^^^^^^^^^^^^^^^^^^^^^
  File "/home/airflow/.local/lib/python3.11/site-packages/airflow/utils/cli.py", line 115, in wrapper
    return f(*args, **kwargs)
           ^^^^^^^^^^^^^^^^^^
  File "/home/airflow/.local/lib/python3.11/site-packages/airflow/cli/commands/task_command.py", line 483, in task_run
    task_return_code = _run_task_by_selected_method(args, _dag, ti)
                       ^^^^^^^^^^^^^^^^^^^^^^^^^^^^^^^^^^^^^^^^^^^^
  File "/home/airflow/.local/lib/python3.11/site-packages/airflow/cli/commands/task_command.py", line 256, in _run_task_by_selected_method
    return _run_raw_task(args, ti)
           ^^^^^^^^^^^^^^^^^^^^^^^
  File "/home/airflow/.local/lib/python3.11/site-packages/airflow/cli/commands/task_command.py", line 341, in _run_raw_task
    return ti._run_raw_task(
           ^^^^^^^^^^^^^^^^^
  File "/home/airflow/.local/lib/python3.11/site-packages/airflow/utils/session.py", line 97, in wrapper
    return func(*args, session=session, **kwargs)
           ^^^^^^^^^^^^^^^^^^^^^^^^^^^^^^^^^^^^^^
  File "/home/airflow/.local/lib/python3.11/site-packages/airflow/models/taskinstance.py", line 3004, in _run_raw_task
    return _run_raw_task(
           ^^^^^^^^^^^^^^
  File "/home/airflow/.local/lib/python3.11/site-packages/airflow/models/taskinstance.py", line 327, in _run_raw_task
    ti.handle_failure(e, test_mode, context, session=session)
  File "/home/airflow/.local/lib/python3.11/site-packages/airflow/utils/session.py", line 94, in wrapper
    return func(*args, **kwargs)
           ^^^^^^^^^^^^^^^^^^^^^
  File "/home/airflow/.local/lib/python3.11/site-packages/airflow/models/taskinstance.py", line 3427, in handle_failure
    _handle_failure(
  File "/home/airflow/.local/lib/python3.11/site-packages/airflow/utils/session.py", line 94, in wrapper
    return func(*args, **kwargs)
           ^^^^^^^^^^^^^^^^^^^^^
  File "/home/airflow/.local/lib/python3.11/site-packages/airflow/api_internal/internal_api_call.py", line 139, in wrapper
    return func(*args, **kwargs)
           ^^^^^^^^^^^^^^^^^^^^^
  File "/home/airflow/.local/lib/python3.11/site-packages/airflow/models/taskinstance.py", line 1243, in _handle_failure
    TaskInstance.save_to_db(failure_context["ti"], session)
  File "/home/airflow/.local/lib/python3.11/site-packages/airflow/api_internal/internal_api_call.py", line 139, in wrapper
    return func(*args, **kwargs)
           ^^^^^^^^^^^^^^^^^^^^^
  File "/home/airflow/.local/lib/python3.11/site-packages/airflow/utils/session.py", line 94, in wrapper
    return func(*args, **kwargs)
           ^^^^^^^^^^^^^^^^^^^^^
  File "/home/airflow/.local/lib/python3.11/site-packages/airflow/models/taskinstance.py", line 3399, in save_to_db
    session.flush()
  File "/home/airflow/.local/lib/python3.11/site-packages/sqlalchemy/orm/session.py", line 3449, in flush
    self._flush(objects)
  File "/home/airflow/.local/lib/python3.11/site-packages/sqlalchemy/orm/session.py", line 3588, in _flush
    with util.safe_reraise():
  File "/home/airflow/.local/lib/python3.11/site-packages/sqlalchemy/util/langhelpers.py", line 70, in __exit__
    compat.raise_(
  File "/home/airflow/.local/lib/python3.11/site-packages/sqlalchemy/util/compat.py", line 211, in raise_
    raise exception
  File "/home/airflow/.local/lib/python3.11/site-packages/sqlalchemy/orm/session.py", line 3549, in _flush
    flush_context.execute()
  File "/home/airflow/.local/lib/python3.11/site-packages/sqlalchemy/orm/unitofwork.py", line 456, in execute
    rec.execute(self)
  File "/home/airflow/.local/lib/python3.11/site-packages/sqlalchemy/orm/unitofwork.py", line 630, in execute
    util.preloaded.orm_persistence.save_obj(
  File "/home/airflow/.local/lib/python3.11/site-packages/sqlalchemy/orm/persistence.py", line 245, in save_obj
    _emit_insert_statements(
  File "/home/airflow/.local/lib/python3.11/site-packages/sqlalchemy/orm/persistence.py", line 1238, in _emit_insert_statements
    result = connection._execute_20(
             ^^^^^^^^^^^^^^^^^^^^^^^
  File "/home/airflow/.local/lib/python3.11/site-packages/sqlalchemy/engine/base.py", line 1710, in _execute_20
    return meth(self, args_10style, kwargs_10style, execution_options)
           ^^^^^^^^^^^^^^^^^^^^^^^^^^^^^^^^^^^^^^^^^^^^^^^^^^^^^^^^^^^
  File "/home/airflow/.local/lib/python3.11/site-packages/sqlalchemy/sql/elements.py", line 334, in _execute_on_connection
    return connection._execute_clauseelement(
           ^^^^^^^^^^^^^^^^^^^^^^^^^^^^^^^^^^
  File "/home/airflow/.local/lib/python3.11/site-packages/sqlalchemy/engine/base.py", line 1577, in _execute_clauseelement
    ret = self._execute_context(
          ^^^^^^^^^^^^^^^^^^^^^^
  File "/home/airflow/.local/lib/python3.11/site-packages/sqlalchemy/engine/base.py", line 1953, in _execute_context
    self._handle_dbapi_exception(
  File "/home/airflow/.local/lib/python3.11/site-packages/sqlalchemy/engine/base.py", line 2134, in _handle_dbapi_exception
    util.raise_(
  File "/home/airflow/.local/lib/python3.11/site-packages/sqlalchemy/util/compat.py", line 211, in raise_
    raise exception
  File "/home/airflow/.local/lib/python3.11/site-packages/sqlalchemy/engine/base.py", line 1910, in _execute_context
    self.dialect.do_execute(
  File "/home/airflow/.local/lib/python3.11/site-packages/sqlalchemy/engine/default.py", line 736, in do_execute
    cursor.execute(statement, parameters)
sqlalchemy.exc.IntegrityError: (psycopg2.errors.ForeignKeyViolation) insert or update on table "task_fail" violates foreign key constraint "task_fail_ti_fkey"
DETAIL:  Key (dag_id, task_id, run_id, map_index)=(Continuous_Load, run_continuous_multi_endpoint_load_test, scheduled__2025-10-08T05:55:00+00:00, -1) is not present in table "task_instance".

[SQL: INSERT INTO task_fail (task_id, dag_id, run_id, map_index, start_date, end_date, duration) VALUES (%(task_id)s, %(dag_id)s, %(run_id)s, %(map_index)s, %(start_date)s, %(end_date)s, %(duration)s) RETURNING task_fail.id]
[parameters: {'task_id': 'run_continuous_multi_endpoint_load_test', 'dag_id': 'Continuous_Load', 'run_id': 'scheduled__2025-10-08T05:55:00+00:00', 'map_index': -1, 'start_date': datetime.datetime(2025, 10, 8, 6, 1, 47, 610860, tzinfo=Timezone('UTC')), 'end_date': datetime.datetime(2025, 10, 8, 6, 10, 22, 117575, tzinfo=Timezone('UTC')), 'duration': 514}]
(Background on this error at: https://sqlalche.me/e/14/gkpj)
[2025-10-08T06:10:22.186+0000] {process_utils.py:80} INFO - Process psutil.Process(pid=1736, status='terminated', exitcode=1, started='06:01:46') (1736) terminated with exit code 1
[2025-10-08T06:16:13.134+0000] {local_task_job_runner.py:123} INFO - ::group::Pre task execution logs
[2025-10-08T06:16:13.152+0000] {taskinstance.py:2612} INFO - Dependencies all met for dep_context=non-requeueable deps ti=<TaskInstance: Continuous_Load.run_continuous_multi_endpoint_load_test scheduled__2025-10-08T05:55:00+00:00 [queued]>
[2025-10-08T06:16:13.161+0000] {taskinstance.py:2612} INFO - Dependencies all met for dep_context=requeueable deps ti=<TaskInstance: Continuous_Load.run_continuous_multi_endpoint_load_test scheduled__2025-10-08T05:55:00+00:00 [queued]>
[2025-10-08T06:16:13.161+0000] {taskinstance.py:2865} INFO - Starting attempt 1 of 1
[2025-10-08T06:16:13.181+0000] {taskinstance.py:2888} INFO - Executing <Task(DockerOperator): run_continuous_multi_endpoint_load_test> on 2025-10-08 05:55:00+00:00
[2025-10-08T06:16:13.188+0000] {standard_task_runner.py:72} INFO - Started process 1745 to run task
[2025-10-08T06:16:13.193+0000] {standard_task_runner.py:104} INFO - Running: ['***', 'tasks', 'run', 'Continuous_Load', 'run_continuous_multi_endpoint_load_test', 'scheduled__2025-10-08T05:55:00+00:00', '--job-id', '583', '--raw', '--subdir', 'DAGS_FOLDER/dag_factory.py', '--cfg-path', '/tmp/tmp4j4xqkj7']
[2025-10-08T06:16:13.194+0000] {standard_task_runner.py:105} INFO - Job 583: Subtask run_continuous_multi_endpoint_load_test
[2025-10-08T06:16:13.240+0000] {task_command.py:467} INFO - Running <TaskInstance: Continuous_Load.run_continuous_multi_endpoint_load_test scheduled__2025-10-08T05:55:00+00:00 [running]> on host workflow.y2twbfvcjkaujnl2bmtbxunhcb.cx.internal.cloudapp.net
[2025-10-08T06:16:13.319+0000] {taskinstance.py:3131} INFO - Exporting env vars: AIRFLOW_CTX_DAG_OWNER='***' AIRFLOW_CTX_DAG_ID='Continuous_Load' AIRFLOW_CTX_TASK_ID='run_continuous_multi_endpoint_load_test' AIRFLOW_CTX_EXECUTION_DATE='2025-10-08T05:55:00+00:00' AIRFLOW_CTX_TRY_NUMBER='1' AIRFLOW_CTX_DAG_RUN_ID='scheduled__2025-10-08T05:55:00+00:00'
[2025-10-08T06:16:13.320+0000] {taskinstance.py:731} INFO - ::endgroup::
[2025-10-08T06:16:13.353+0000] {docker.py:367} INFO - Starting docker container from image ***_chaos:latest
[2025-10-08T06:16:13.680+0000] {docker.py:438} INFO - The container is run as root user. For security, consider using a regular user account.
[2025-10-08T06:16:22.128+0000] {docker.py:438} INFO - 
[2025-10-08T06:16:22.130+0000] {docker.py:438} INFO - Starting Continuous Multi-Endpoint Load Test...
[2025-10-08T06:16:22.751+0000] {docker.py:438} INFO - [32m[2025-10-08 06:16:22 INFO] Validating the experiment's syntax
[2025-10-08T06:16:22.845+0000] {docker.py:438} INFO - [32m[2025-10-08 06:16:22 INFO] Experiment looks valid
[2025-10-08T06:16:22.846+0000] {docker.py:438} INFO - [32m[2025-10-08 06:16:22 INFO] Running experiment: Continuous Load Test - POST Compose & GET Timeline APIs
[2025-10-08T06:16:22.849+0000] {docker.py:438} INFO - [32m[2025-10-08 06:16:22 INFO] Steady-state strategy: default
[2025-10-08T06:16:22.849+0000] {docker.py:438} INFO - [32m[2025-10-08 06:16:22 INFO] Rollbacks strategy: default
[2025-10-08T06:16:22.850+0000] {docker.py:438} INFO - [32m[2025-10-08 06:16:22 INFO] No steady state hypothesis defined. That's ok, just exploring.
[2025-10-08T06:16:22.850+0000] {docker.py:438} INFO - [32m[2025-10-08 06:16:22 INFO] Playing your experiment's method now...
[2025-10-08T06:16:22.850+0000] {docker.py:438} INFO - [32m[2025-10-08 06:16:22 INFO] Action: Continuous multi-endpoint load test
[2025-10-08T06:16:22.992+0000] {docker.py:438} INFO - [32m[2025-10-08 06:16:22 INFO] âœ… Obtained login_token (JWT): eyJhbGciOiJIUzI1NiIsInR5cCI6IkpXVCJ9.eyJ0aW1lc3RhbXAiOiIxNzU5OTA0MTgyIiwidHRsIjoiMzYwMCIsInVzZXJfaWQiOiI0MDA0Njk5MjM2MjAwOTUxODA4IiwidXNlcm5hbWUiOiJqYWdhbiJ9.f3hnnkIL4uocUI_77tRKWL0dp6gN2c1uPhcVzdNumvw
[2025-10-08T06:17:49.023+0000] {local_task_job_runner.py:346} WARNING - State of this instance has been externally set to failed. Terminating instance.
[2025-10-08T06:17:49.023+0000] {local_task_job_runner.py:245} INFO - ::endgroup::
[2025-10-08T06:17:49.025+0000] {process_utils.py:132} INFO - Sending 15 to group 1745. PIDs of all processes in the group: [1745]
[2025-10-08T06:17:49.025+0000] {process_utils.py:87} INFO - Sending the signal 15 to group 1745
[2025-10-08T06:17:49.025+0000] {taskinstance.py:3092} ERROR - Received SIGTERM. Terminating subprocesses.
[2025-10-08T06:17:49.026+0000] {docker.py:533} INFO - Stopping docker container
[2025-10-08T06:17:49.242+0000] {taskinstance.py:340} INFO - ::group::Post task execution logs
[2025-10-08T06:17:49.279+0000] {process_utils.py:80} INFO - Process psutil.Process(pid=1745, status='terminated', exitcode=0, started='06:16:12') (1745) terminated with exit code 0
[2025-10-08T06:23:15.137+0000] {local_task_job_runner.py:123} INFO - ::group::Pre task execution logs
[2025-10-08T06:23:15.152+0000] {taskinstance.py:2612} INFO - Dependencies all met for dep_context=non-requeueable deps ti=<TaskInstance: Continuous_Load.run_continuous_multi_endpoint_load_test scheduled__2025-10-08T05:55:00+00:00 [queued]>
[2025-10-08T06:23:15.159+0000] {taskinstance.py:2612} INFO - Dependencies all met for dep_context=requeueable deps ti=<TaskInstance: Continuous_Load.run_continuous_multi_endpoint_load_test scheduled__2025-10-08T05:55:00+00:00 [queued]>
[2025-10-08T06:23:15.159+0000] {taskinstance.py:2865} INFO - Starting attempt 1 of 1
[2025-10-08T06:23:15.173+0000] {taskinstance.py:2888} INFO - Executing <Task(DockerOperator): run_continuous_multi_endpoint_load_test> on 2025-10-08 05:55:00+00:00
[2025-10-08T06:23:15.179+0000] {standard_task_runner.py:72} INFO - Started process 1757 to run task
[2025-10-08T06:23:15.186+0000] {standard_task_runner.py:104} INFO - Running: ['***', 'tasks', 'run', 'Continuous_Load', 'run_continuous_multi_endpoint_load_test', 'scheduled__2025-10-08T05:55:00+00:00', '--job-id', '587', '--raw', '--subdir', 'DAGS_FOLDER/dag_factory.py', '--cfg-path', '/tmp/tmpxjh0ptbw']
[2025-10-08T06:23:15.188+0000] {standard_task_runner.py:105} INFO - Job 587: Subtask run_continuous_multi_endpoint_load_test
[2025-10-08T06:23:15.235+0000] {task_command.py:467} INFO - Running <TaskInstance: Continuous_Load.run_continuous_multi_endpoint_load_test scheduled__2025-10-08T05:55:00+00:00 [running]> on host workflow.y2twbfvcjkaujnl2bmtbxunhcb.cx.internal.cloudapp.net
[2025-10-08T06:23:15.315+0000] {taskinstance.py:3131} INFO - Exporting env vars: AIRFLOW_CTX_DAG_OWNER='***' AIRFLOW_CTX_DAG_ID='Continuous_Load' AIRFLOW_CTX_TASK_ID='run_continuous_multi_endpoint_load_test' AIRFLOW_CTX_EXECUTION_DATE='2025-10-08T05:55:00+00:00' AIRFLOW_CTX_TRY_NUMBER='1' AIRFLOW_CTX_DAG_RUN_ID='scheduled__2025-10-08T05:55:00+00:00'
[2025-10-08T06:23:15.316+0000] {taskinstance.py:731} INFO - ::endgroup::
[2025-10-08T06:23:15.351+0000] {docker.py:367} INFO - Starting docker container from image ***_chaos:latest
[2025-10-08T06:23:15.699+0000] {docker.py:438} INFO - The container is run as root user. For security, consider using a regular user account.
[2025-10-08T06:23:28.125+0000] {docker.py:438} INFO - 
[2025-10-08T06:23:28.128+0000] {docker.py:438} INFO - Starting Continuous Multi-Endpoint Load Test...
[2025-10-08T06:23:28.988+0000] {docker.py:438} INFO - [32m[2025-10-08 06:23:28 INFO] Validating the experiment's syntax
[2025-10-08T06:23:29.127+0000] {docker.py:438} INFO - [32m[2025-10-08 06:23:29 INFO] Experiment looks valid
[2025-10-08T06:23:29.129+0000] {docker.py:438} INFO - [32m[2025-10-08 06:23:29 INFO] Running experiment: Continuous Load Test - POST Compose & GET Timeline APIs
[2025-10-08T06:23:29.132+0000] {docker.py:438} INFO - [32m[2025-10-08 06:23:29 INFO] Steady-state strategy: default
[2025-10-08T06:23:29.133+0000] {docker.py:438} INFO - [32m[2025-10-08 06:23:29 INFO] Rollbacks strategy: default
[2025-10-08T06:23:29.134+0000] {docker.py:438} INFO - [32m[2025-10-08 06:23:29 INFO] No steady state hypothesis defined. That's ok, just exploring.
[2025-10-08T06:23:29.134+0000] {docker.py:438} INFO - [32m[2025-10-08 06:23:29 INFO] Playing your experiment's method now...
[2025-10-08T06:23:29.135+0000] {docker.py:438} INFO - [32m[2025-10-08 06:23:29 INFO] Action: Continuous multi-endpoint load test
[2025-10-08T06:23:29.304+0000] {docker.py:438} INFO - [32m[2025-10-08 06:23:29 INFO] âœ… Obtained login_token (JWT): eyJhbGciOiJIUzI1NiIsInR5cCI6IkpXVCJ9.eyJ0aW1lc3RhbXAiOiIxNzU5OTA0NjA5IiwidHRsIjoiMzYwMCIsInVzZXJfaWQiOiI0MDA0Njk5MjM2MjAwOTUxODA4IiwidXNlcm5hbWUiOiJqYWdhbiJ9.VwGVY2jK0UejI2uwFTiM3mwPkITLxbSrU0JKHUoXqrU
[2025-10-08T06:26:02.027+0000] {local_task_job_runner.py:346} WARNING - State of this instance has been externally set to failed. Terminating instance.
[2025-10-08T06:26:02.028+0000] {local_task_job_runner.py:245} INFO - ::endgroup::
[2025-10-08T06:26:02.029+0000] {process_utils.py:132} INFO - Sending 15 to group 1757. PIDs of all processes in the group: [1757]
[2025-10-08T06:26:02.029+0000] {process_utils.py:87} INFO - Sending the signal 15 to group 1757
[2025-10-08T06:26:02.030+0000] {taskinstance.py:3092} ERROR - Received SIGTERM. Terminating subprocesses.
[2025-10-08T06:26:02.030+0000] {docker.py:533} INFO - Stopping docker container
[2025-10-08T06:26:02.248+0000] {taskinstance.py:340} INFO - ::group::Post task execution logs
[2025-10-08T06:26:02.283+0000] {process_utils.py:80} INFO - Process psutil.Process(pid=1757, status='terminated', exitcode=0, started='06:23:14') (1757) terminated with exit code 0
[2025-10-08T06:38:08.193+0000] {local_task_job_runner.py:123} INFO - ::group::Pre task execution logs
[2025-10-08T06:38:08.208+0000] {taskinstance.py:2612} INFO - Dependencies all met for dep_context=non-requeueable deps ti=<TaskInstance: Continuous_Load.run_continuous_multi_endpoint_load_test scheduled__2025-10-08T05:55:00+00:00 [queued]>
[2025-10-08T06:38:08.216+0000] {taskinstance.py:2612} INFO - Dependencies all met for dep_context=requeueable deps ti=<TaskInstance: Continuous_Load.run_continuous_multi_endpoint_load_test scheduled__2025-10-08T05:55:00+00:00 [queued]>
[2025-10-08T06:38:08.216+0000] {taskinstance.py:2865} INFO - Starting attempt 1 of 1
[2025-10-08T06:38:08.229+0000] {taskinstance.py:2888} INFO - Executing <Task(DockerOperator): run_continuous_multi_endpoint_load_test> on 2025-10-08 05:55:00+00:00
[2025-10-08T06:38:08.235+0000] {standard_task_runner.py:72} INFO - Started process 1769 to run task
[2025-10-08T06:38:08.240+0000] {standard_task_runner.py:104} INFO - Running: ['***', 'tasks', 'run', 'Continuous_Load', 'run_continuous_multi_endpoint_load_test', 'scheduled__2025-10-08T05:55:00+00:00', '--job-id', '591', '--raw', '--subdir', 'DAGS_FOLDER/dag_factory.py', '--cfg-path', '/tmp/tmp71dqsaul']
[2025-10-08T06:38:08.241+0000] {standard_task_runner.py:105} INFO - Job 591: Subtask run_continuous_multi_endpoint_load_test
[2025-10-08T06:38:08.289+0000] {task_command.py:467} INFO - Running <TaskInstance: Continuous_Load.run_continuous_multi_endpoint_load_test scheduled__2025-10-08T05:55:00+00:00 [running]> on host workflow.y2twbfvcjkaujnl2bmtbxunhcb.cx.internal.cloudapp.net
[2025-10-08T06:38:08.372+0000] {taskinstance.py:3131} INFO - Exporting env vars: AIRFLOW_CTX_DAG_OWNER='***' AIRFLOW_CTX_DAG_ID='Continuous_Load' AIRFLOW_CTX_TASK_ID='run_continuous_multi_endpoint_load_test' AIRFLOW_CTX_EXECUTION_DATE='2025-10-08T05:55:00+00:00' AIRFLOW_CTX_TRY_NUMBER='1' AIRFLOW_CTX_DAG_RUN_ID='scheduled__2025-10-08T05:55:00+00:00'
[2025-10-08T06:38:08.373+0000] {taskinstance.py:731} INFO - ::endgroup::
[2025-10-08T06:38:08.405+0000] {docker.py:367} INFO - Starting docker container from image ***_chaos:latest
[2025-10-08T06:38:08.752+0000] {docker.py:438} INFO - The container is run as root user. For security, consider using a regular user account.
[2025-10-08T06:38:18.495+0000] {docker.py:438} INFO - 
[2025-10-08T06:38:18.497+0000] {docker.py:438} INFO - Starting Continuous Multi-Endpoint Load Test...
[2025-10-08T06:38:19.107+0000] {docker.py:438} INFO - [32m[2025-10-08 06:38:19 INFO] Validating the experiment's syntax
[2025-10-08T06:38:19.199+0000] {docker.py:438} INFO - [32m[2025-10-08 06:38:19 INFO] Experiment looks valid
[2025-10-08T06:38:19.200+0000] {docker.py:438} INFO - [32m[2025-10-08 06:38:19 INFO] Running experiment: Continuous Load Test - POST Compose & GET Timeline APIs
[2025-10-08T06:38:19.202+0000] {docker.py:438} INFO - [32m[2025-10-08 06:38:19 INFO] Steady-state strategy: default
[2025-10-08T06:38:19.203+0000] {docker.py:438} INFO - [32m[2025-10-08 06:38:19 INFO] Rollbacks strategy: default
[2025-10-08T06:38:19.204+0000] {docker.py:438} INFO - [32m[2025-10-08 06:38:19 INFO] No steady state hypothesis defined. That's ok, just exploring.
[2025-10-08T06:38:19.204+0000] {docker.py:438} INFO - [32m[2025-10-08 06:38:19 INFO] Playing your experiment's method now...
[2025-10-08T06:38:19.204+0000] {docker.py:438} INFO - [32m[2025-10-08 06:38:19 INFO] Action: Continuous multi-endpoint load test
[2025-10-08T06:38:19.346+0000] {docker.py:438} INFO - [32m[2025-10-08 06:38:19 INFO] âœ… Obtained login_token (JWT): eyJhbGciOiJIUzI1NiIsInR5cCI6IkpXVCJ9.eyJ0aW1lc3RhbXAiOiIxNzU5OTA1NDk5IiwidHRsIjoiMzYwMCIsInVzZXJfaWQiOiI0MDA0Njk5MjM2MjAwOTUxODA4IiwidXNlcm5hbWUiOiJqYWdhbiJ9.cWqFGXdXiMafkDCV2l0LLQ_-wDiriIRcogcbH-YLPZc
[2025-10-08T06:40:14.938+0000] {local_task_job_runner.py:346} WARNING - State of this instance has been externally set to failed. Terminating instance.
[2025-10-08T06:40:14.939+0000] {local_task_job_runner.py:245} INFO - ::endgroup::
[2025-10-08T06:40:14.941+0000] {process_utils.py:132} INFO - Sending 15 to group 1769. PIDs of all processes in the group: [1769]
[2025-10-08T06:40:14.942+0000] {process_utils.py:87} INFO - Sending the signal 15 to group 1769
[2025-10-08T06:40:14.942+0000] {taskinstance.py:3092} ERROR - Received SIGTERM. Terminating subprocesses.
[2025-10-08T06:40:14.942+0000] {docker.py:533} INFO - Stopping docker container
[2025-10-08T06:40:15.171+0000] {taskinstance.py:340} INFO - ::group::Post task execution logs
[2025-10-08T06:40:15.197+0000] {process_utils.py:80} INFO - Process psutil.Process(pid=1769, status='terminated', exitcode=0, started='06:38:07') (1769) terminated with exit code 0
[2025-10-08T06:46:11.885+0000] {local_task_job_runner.py:123} INFO - ::group::Pre task execution logs
[2025-10-08T06:46:11.899+0000] {taskinstance.py:2612} INFO - Dependencies all met for dep_context=non-requeueable deps ti=<TaskInstance: Continuous_Load.run_continuous_multi_endpoint_load_test scheduled__2025-10-08T05:55:00+00:00 [queued]>
[2025-10-08T06:46:11.906+0000] {taskinstance.py:2612} INFO - Dependencies all met for dep_context=requeueable deps ti=<TaskInstance: Continuous_Load.run_continuous_multi_endpoint_load_test scheduled__2025-10-08T05:55:00+00:00 [queued]>
[2025-10-08T06:46:11.906+0000] {taskinstance.py:2865} INFO - Starting attempt 1 of 1
[2025-10-08T06:46:11.919+0000] {taskinstance.py:2888} INFO - Executing <Task(DockerOperator): run_continuous_multi_endpoint_load_test> on 2025-10-08 05:55:00+00:00
[2025-10-08T06:46:11.925+0000] {standard_task_runner.py:72} INFO - Started process 1787 to run task
[2025-10-08T06:46:11.930+0000] {standard_task_runner.py:104} INFO - Running: ['***', 'tasks', 'run', 'Continuous_Load', 'run_continuous_multi_endpoint_load_test', 'scheduled__2025-10-08T05:55:00+00:00', '--job-id', '597', '--raw', '--subdir', 'DAGS_FOLDER/dag_factory.py', '--cfg-path', '/tmp/tmp18x6sci4']
[2025-10-08T06:46:11.931+0000] {standard_task_runner.py:105} INFO - Job 597: Subtask run_continuous_multi_endpoint_load_test
[2025-10-08T06:46:11.976+0000] {task_command.py:467} INFO - Running <TaskInstance: Continuous_Load.run_continuous_multi_endpoint_load_test scheduled__2025-10-08T05:55:00+00:00 [running]> on host workflow.y2twbfvcjkaujnl2bmtbxunhcb.cx.internal.cloudapp.net
[2025-10-08T06:46:12.055+0000] {taskinstance.py:3131} INFO - Exporting env vars: AIRFLOW_CTX_DAG_OWNER='***' AIRFLOW_CTX_DAG_ID='Continuous_Load' AIRFLOW_CTX_TASK_ID='run_continuous_multi_endpoint_load_test' AIRFLOW_CTX_EXECUTION_DATE='2025-10-08T05:55:00+00:00' AIRFLOW_CTX_TRY_NUMBER='1' AIRFLOW_CTX_DAG_RUN_ID='scheduled__2025-10-08T05:55:00+00:00'
[2025-10-08T06:46:12.056+0000] {taskinstance.py:731} INFO - ::endgroup::
[2025-10-08T06:46:12.089+0000] {docker.py:367} INFO - Starting docker container from image ***_chaos:latest
[2025-10-08T06:46:12.421+0000] {docker.py:438} INFO - The container is run as root user. For security, consider using a regular user account.
[2025-10-08T06:46:21.021+0000] {docker.py:438} INFO - 
[2025-10-08T06:46:21.024+0000] {docker.py:438} INFO - Starting Continuous Multi-Endpoint Load Test...
[2025-10-08T06:46:21.603+0000] {docker.py:438} INFO - [32m[2025-10-08 06:46:21 INFO] Validating the experiment's syntax
[2025-10-08T06:46:21.710+0000] {docker.py:438} INFO - [32m[2025-10-08 06:46:21 INFO] Experiment looks valid
[2025-10-08T06:46:21.711+0000] {docker.py:438} INFO - [32m[2025-10-08 06:46:21 INFO] Running experiment: Continuous Load Test - POST Compose & GET Timeline APIs
[2025-10-08T06:46:21.713+0000] {docker.py:438} INFO - [32m[2025-10-08 06:46:21 INFO] Steady-state strategy: default
[2025-10-08T06:46:21.714+0000] {docker.py:438} INFO - [32m[2025-10-08 06:46:21 INFO] Rollbacks strategy: default
[2025-10-08T06:46:21.715+0000] {docker.py:438} INFO - [32m[2025-10-08 06:46:21 INFO] No steady state hypothesis defined. That's ok, just exploring.
[2025-10-08T06:46:21.715+0000] {docker.py:438} INFO - [32m[2025-10-08 06:46:21 INFO] Playing your experiment's method now...
[2025-10-08T06:46:21.716+0000] {docker.py:438} INFO - [32m[2025-10-08 06:46:21 INFO] Action: Continuous multi-endpoint load test
[2025-10-08T06:46:21.871+0000] {docker.py:438} INFO - [32m[2025-10-08 06:46:21 INFO] âœ… Obtained login_token (JWT): eyJhbGciOiJIUzI1NiIsInR5cCI6IkpXVCJ9.eyJ0aW1lc3RhbXAiOiIxNzU5OTA1OTgxIiwidHRsIjoiMzYwMCIsInVzZXJfaWQiOiI0MDA0Njk5MjM2MjAwOTUxODA4IiwidXNlcm5hbWUiOiJqYWdhbiJ9.EgMdPq4AWmcvwb6SSHYyQ_OhUNwLgW63Txp4XbzvAys
[2025-10-08T06:52:50.160+0000] {local_task_job_runner.py:346} WARNING - State of this instance has been externally set to failed. Terminating instance.
[2025-10-08T06:52:50.161+0000] {local_task_job_runner.py:245} INFO - ::endgroup::
[2025-10-08T06:52:50.162+0000] {process_utils.py:132} INFO - Sending 15 to group 1787. PIDs of all processes in the group: [1787]
[2025-10-08T06:52:50.163+0000] {process_utils.py:87} INFO - Sending the signal 15 to group 1787
[2025-10-08T06:52:50.163+0000] {taskinstance.py:3092} ERROR - Received SIGTERM. Terminating subprocesses.
[2025-10-08T06:52:50.163+0000] {docker.py:533} INFO - Stopping docker container
[2025-10-08T06:52:50.414+0000] {taskinstance.py:340} INFO - ::group::Post task execution logs
[2025-10-08T06:52:50.457+0000] {process_utils.py:80} INFO - Process psutil.Process(pid=1787, status='terminated', exitcode=0, started='06:46:11') (1787) terminated with exit code 0
